<?xml version="1.0" encoding="UTF-8"?>
<coverage generated="1665682923324" clover="3.2.0">
  <project timestamp="1665682923324" name="All files">
    <metrics statements="807" coveredstatements="790" conditionals="231" coveredconditionals="223" methods="247" coveredmethods="241" elements="1285" coveredelements="1254" complexity="0" loc="807" ncloc="807" packages="2" files="15" classes="15"/>
    <package name="pondbase">
      <metrics statements="355" coveredstatements="353" conditionals="48" coveredconditionals="47" methods="109" coveredmethods="108"/>
      <file name="baseClass.ts" path="/Users/royossai/WebstormProjects/pond/socket/src/pondbase/baseClass.ts">
        <metrics statements="87" coveredstatements="87" conditionals="18" coveredconditionals="18" methods="31" coveredmethods="31"/>
        <line num="2" count="6" type="stmt"/>
        <line num="17" count="6" type="stmt"/>
        <line num="23" count="6" type="stmt"/>
        <line num="24" count="108" type="cond" truecount="2" falsecount="0"/>
        <line num="32" count="6" type="stmt"/>
        <line num="33" count="23" type="cond" truecount="2" falsecount="0"/>
        <line num="34" count="16" type="stmt"/>
        <line num="37" count="7" type="stmt"/>
        <line num="43" count="6" type="stmt"/>
        <line num="44" count="1" type="stmt"/>
        <line num="45" count="1" type="stmt"/>
        <line num="46" count="31" type="stmt"/>
        <line num="47" count="31" type="stmt"/>
        <line num="48" count="31" type="cond" truecount="2" falsecount="0"/>
        <line num="55" count="6" type="stmt"/>
        <line num="56" count="2" type="stmt"/>
        <line num="57" count="2" type="stmt"/>
        <line num="58" count="16" type="stmt"/>
        <line num="66" count="6" type="stmt"/>
        <line num="67" count="29" type="stmt"/>
        <line num="75" count="6" type="stmt"/>
        <line num="76" count="96" type="stmt"/>
        <line num="77" count="96" type="cond" truecount="1" falsecount="0"/>
        <line num="81" count="18" type="stmt"/>
        <line num="89" count="6" type="stmt"/>
        <line num="90" count="6" type="stmt"/>
        <line num="91" count="6" type="cond" truecount="1" falsecount="0"/>
        <line num="95" count="1" type="stmt"/>
        <line num="103" count="6" type="stmt"/>
        <line num="104" count="15" type="stmt"/>
        <line num="112" count="6" type="stmt"/>
        <line num="113" count="78" type="stmt"/>
        <line num="114" count="78" type="stmt"/>
        <line num="115" count="2" type="stmt"/>
        <line num="116" count="2" type="stmt"/>
        <line num="118" count="17" type="stmt"/>
        <line num="120" count="17" type="stmt"/>
        <line num="123" count="1" type="stmt"/>
        <line num="125" count="1" type="stmt"/>
        <line num="134" count="6" type="stmt"/>
        <line num="135" count="85" type="stmt"/>
        <line num="136" count="17" type="stmt"/>
        <line num="137" count="68" type="stmt"/>
        <line num="139" count="2" type="stmt"/>
        <line num="146" count="2" type="stmt"/>
        <line num="157" count="6" type="stmt"/>
        <line num="158" count="85" type="stmt"/>
        <line num="159" count="85" type="stmt"/>
        <line num="160" count="85" type="cond" truecount="1" falsecount="0"/>
        <line num="161" count="7" type="stmt"/>
        <line num="162" count="13" type="stmt"/>
        <line num="163" count="13" type="stmt"/>
        <line num="166" count="85" type="stmt"/>
        <line num="180" count="6" type="stmt"/>
        <line num="181" count="88" type="stmt"/>
        <line num="182" count="88" type="stmt"/>
        <line num="183" count="88" type="stmt"/>
        <line num="184" count="88" type="cond" truecount="1" falsecount="0"/>
        <line num="185" count="70" type="stmt"/>
        <line num="186" count="70" type="cond" truecount="1" falsecount="0"/>
        <line num="187" count="70" type="stmt"/>
        <line num="188" count="70" type="stmt"/>
        <line num="189" count="71" type="stmt"/>
        <line num="191" count="70" type="stmt"/>
        <line num="194" count="18" type="stmt"/>
        <line num="211" count="6" type="stmt"/>
        <line num="212" count="10" type="cond" truecount="1" falsecount="0"/>
        <line num="213" count="8" type="stmt"/>
        <line num="214" count="8" type="stmt"/>
        <line num="215" count="8" type="cond" truecount="1" falsecount="0"/>
        <line num="216" count="6" type="stmt"/>
        <line num="217" count="6" type="cond" truecount="1" falsecount="0"/>
        <line num="218" count="6" type="stmt"/>
        <line num="219" count="6" type="stmt"/>
        <line num="220" count="8" type="stmt"/>
        <line num="222" count="6" type="stmt"/>
        <line num="229" count="4" type="stmt"/>
        <line num="230" count="4" type="cond" truecount="1" falsecount="0"/>
        <line num="232" count="3" type="cond" truecount="1" falsecount="0"/>
        <line num="233" count="1" type="stmt"/>
        <line num="236" count="2" type="stmt"/>
        <line num="244" count="6" type="stmt"/>
        <line num="245" count="98" type="cond" truecount="1" falsecount="0"/>
        <line num="247" count="15" type="stmt"/>
        <line num="248" count="15" type="cond" truecount="1" falsecount="0"/>
        <line num="250" count="3" type="stmt"/>
        <line num="252" count="6" type="stmt"/>
      </file>
      <file name="basePromise.ts" path="/Users/royossai/WebstormProjects/pond/socket/src/pondbase/basePromise.ts">
        <metrics statements="20" coveredstatements="20" conditionals="5" coveredconditionals="5" methods="8" coveredmethods="8"/>
        <line num="3" count="8" type="stmt"/>
        <line num="9" count="40" type="stmt"/>
        <line num="10" count="40" type="stmt"/>
        <line num="11" count="40" type="stmt"/>
        <line num="13" count="8" type="stmt"/>
        <line num="15" count="57" type="stmt"/>
        <line num="16" count="49" type="stmt"/>
        <line num="17" count="49" type="stmt"/>
        <line num="18" count="49" type="stmt"/>
        <line num="19" count="5" type="stmt"/>
        <line num="20" count="5" type="cond" truecount="2" falsecount="0"/>
        <line num="23" count="49" type="stmt"/>
        <line num="24" count="40" type="stmt"/>
        <line num="25" count="40" type="stmt"/>
        <line num="29" count="96" type="stmt"/>
        <line num="30" count="47" type="cond" truecount="1" falsecount="0"/>
        <line num="31" count="2" type="stmt"/>
        <line num="33" count="2" type="cond" truecount="2" falsecount="0"/>
        <line num="34" count="1" type="stmt"/>
        <line num="36" count="1" type="stmt"/>
      </file>
      <file name="enums.ts" path="/Users/royossai/WebstormProjects/pond/socket/src/pondbase/enums.ts">
        <metrics statements="7" coveredstatements="7" conditionals="4" coveredconditionals="4" methods="2" coveredmethods="2"/>
        <line num="1" count="7" type="cond" truecount="2" falsecount="0"/>
        <line num="2" count="7" type="stmt"/>
        <line num="3" count="7" type="stmt"/>
        <line num="6" count="7" type="cond" truecount="2" falsecount="0"/>
        <line num="7" count="7" type="stmt"/>
        <line num="8" count="7" type="stmt"/>
        <line num="9" count="7" type="stmt"/>
      </file>
      <file name="index.ts" path="/Users/royossai/WebstormProjects/pond/socket/src/pondbase/index.ts">
        <metrics statements="7" coveredstatements="7" conditionals="0" coveredconditionals="0" methods="0" coveredmethods="0"/>
        <line num="1" count="5" type="stmt"/>
        <line num="2" count="5" type="stmt"/>
        <line num="3" count="5" type="stmt"/>
        <line num="4" count="5" type="stmt"/>
        <line num="5" count="5" type="stmt"/>
        <line num="6" count="5" type="stmt"/>
        <line num="7" count="5" type="stmt"/>
      </file>
      <file name="pondBase.ts" path="/Users/royossai/WebstormProjects/pond/socket/src/pondbase/pondBase.ts">
        <metrics statements="110" coveredstatements="110" conditionals="9" coveredconditionals="9" methods="31" coveredmethods="31"/>
        <line num="1" count="7" type="stmt"/>
        <line num="2" count="7" type="stmt"/>
        <line num="3" count="7" type="stmt"/>
        <line num="5" count="7" type="stmt"/>
        <line num="12" count="470" type="stmt"/>
        <line num="13" count="470" type="stmt"/>
        <line num="14" count="470" type="stmt"/>
        <line num="15" count="470" type="stmt"/>
        <line num="18" count="7" type="stmt"/>
        <line num="19" count="147" type="stmt"/>
        <line num="22" count="7" type="stmt"/>
        <line num="23" count="382" type="stmt"/>
        <line num="29" count="7" type="stmt"/>
        <line num="30" count="50" type="stmt"/>
        <line num="31" count="50" type="stmt"/>
        <line num="38" count="7" type="stmt"/>
        <line num="39" count="49" type="stmt"/>
        <line num="41" count="7" type="stmt"/>
        <line num="43" count="7" type="stmt"/>
        <line num="48" count="134" type="stmt"/>
        <line num="49" count="134" type="stmt"/>
        <line num="55" count="7" type="stmt"/>
        <line num="56" count="26" type="stmt"/>
        <line num="63" count="7" type="stmt"/>
        <line num="64" count="87" type="stmt"/>
        <line num="65" count="87" type="cond" truecount="1" falsecount="0"/>
        <line num="66" count="66" type="stmt"/>
        <line num="68" count="21" type="stmt"/>
        <line num="75" count="7" type="stmt"/>
        <line num="76" count="124" type="stmt"/>
        <line num="77" count="124" type="stmt"/>
        <line num="78" count="124" type="stmt"/>
        <line num="79" count="124" type="stmt"/>
        <line num="87" count="7" type="stmt"/>
        <line num="88" count="51" type="cond" truecount="2" falsecount="0"/>
        <line num="89" count="50" type="stmt"/>
        <line num="90" count="50" type="stmt"/>
        <line num="91" count="50" type="stmt"/>
        <line num="93" count="1" type="stmt"/>
        <line num="100" count="7" type="stmt"/>
        <line num="101" count="19" type="stmt"/>
        <line num="102" count="19" type="stmt"/>
        <line num="103" count="19" type="stmt"/>
        <line num="104" count="19" type="stmt"/>
        <line num="105" count="19" type="stmt"/>
        <line num="106" count="19" type="stmt"/>
        <line num="113" count="7" type="stmt"/>
        <line num="114" count="1" type="stmt"/>
        <line num="115" count="3" type="stmt"/>
        <line num="118" count="1" type="stmt"/>
        <line num="124" count="7" type="stmt"/>
        <line num="126" count="51" type="stmt"/>
        <line num="134" count="7" type="stmt"/>
        <line num="135" count="24" type="stmt"/>
        <line num="136" count="24" type="stmt"/>
        <line num="137" count="11" type="stmt"/>
        <line num="138" count="11" type="cond" truecount="1" falsecount="0"/>
        <line num="139" count="8" type="stmt"/>
        <line num="142" count="24" type="stmt"/>
        <line num="149" count="7" type="stmt"/>
        <line num="150" count="2" type="stmt"/>
        <line num="151" count="2" type="stmt"/>
        <line num="152" count="6" type="cond" truecount="1" falsecount="0"/>
        <line num="153" count="1" type="stmt"/>
        <line num="156" count="2" type="stmt"/>
        <line num="163" count="7" type="stmt"/>
        <line num="164" count="2" type="stmt"/>
        <line num="172" count="7" type="stmt"/>
        <line num="173" count="1" type="stmt"/>
        <line num="174" count="1" type="stmt"/>
        <line num="175" count="3" type="stmt"/>
        <line num="176" count="3" type="stmt"/>
        <line num="179" count="1" type="stmt"/>
        <line num="186" count="7" type="stmt"/>
        <line num="187" count="53" type="stmt"/>
        <line num="188" count="54" type="stmt"/>
        <line num="189" count="54" type="cond" truecount="1" falsecount="0"/>
        <line num="190" count="48" type="stmt"/>
        <line num="193" count="5" type="stmt"/>
        <line num="200" count="7" type="stmt"/>
        <line num="201" count="19" type="stmt"/>
        <line num="207" count="7" type="stmt"/>
        <line num="208" count="1" type="stmt"/>
        <line num="209" count="2" type="stmt"/>
        <line num="216" count="26" type="stmt"/>
        <line num="217" count="26" type="stmt"/>
        <line num="218" count="41" type="stmt"/>
        <line num="220" count="41" type="cond" truecount="2" falsecount="0"/>
        <line num="222" count="9" type="cond" truecount="1" falsecount="0"/>
        <line num="224" count="41" type="stmt"/>
        <line num="231" count="7" type="stmt"/>
        <line num="232" count="89" type="stmt"/>
        <line num="233" count="89" type="stmt"/>
        <line num="234" count="119" type="stmt"/>
        <line num="235" count="119" type="stmt"/>
        <line num="238" count="89" type="stmt"/>
        <line num="244" count="7" type="stmt"/>
        <line num="245" count="51" type="stmt"/>
        <line num="246" count="51" type="stmt"/>
        <line num="252" count="134" type="stmt"/>
        <line num="253" count="143" type="stmt"/>
        <line num="254" count="143" type="stmt"/>
        <line num="255" count="143" type="stmt"/>
        <line num="256" count="3003" type="stmt"/>
        <line num="259" count="143" type="stmt"/>
        <line num="268" count="7" type="stmt"/>
        <line num="269" count="435" type="stmt"/>
        <line num="270" count="435" type="stmt"/>
        <line num="271" count="435" type="stmt"/>
        <line num="273" count="7" type="stmt"/>
      </file>
      <file name="pubSub.ts" path="/Users/royossai/WebstormProjects/pond/socket/src/pondbase/pubSub.ts">
        <metrics statements="55" coveredstatements="53" conditionals="6" coveredconditionals="5" methods="19" coveredmethods="18"/>
        <line num="12" count="8" type="stmt"/>
        <line num="13" count="228" type="stmt"/>
        <line num="19" count="82" type="stmt"/>
        <line num="20" count="82" type="stmt"/>
        <line num="22" count="82" type="stmt"/>
        <line num="27" count="37" type="stmt"/>
        <line num="36" count="8" type="stmt"/>
        <line num="38" count="368" type="stmt"/>
        <line num="39" count="136" type="stmt"/>
        <line num="40" count="136" type="stmt"/>
        <line num="41" count="135" type="cond" truecount="1" falsecount="0"/>
        <line num="42" count="19" type="stmt"/>
        <line num="44" count="1" type="stmt"/>
        <line num="48" count="367" type="stmt"/>
        <line num="50" count="8" type="stmt"/>
        <line num="52" count="8" type="stmt"/>
        <line num="56" count="8" type="cond" truecount="2" falsecount="0"/>
        <line num="57" count="8" type="stmt"/>
        <line num="63" count="8" type="stmt"/>
        <line num="64" count="1" type="stmt"/>
        <line num="70" count="8" type="stmt"/>
        <line num="71" count="9" type="stmt"/>
        <line num="72" count="8" type="stmt"/>
        <line num="78" count="8" type="stmt"/>
        <line num="79" count="5" type="cond" truecount="1" falsecount="0"/>
        <line num="80" count="5" type="stmt"/>
        <line num="81" count="5" type="stmt"/>
        <line num="84" count="8" type="stmt"/>
        <line num="86" count="8" type="stmt"/>
        <line num="87" count="13" type="stmt"/>
        <line num="95" count="13" type="stmt"/>
        <line num="96" count="13" type="stmt"/>
        <line num="97" count="20" type="cond" truecount="1" falsecount="0"/>
        <line num="98" count="12" type="stmt"/>
        <line num="101" count="13" type="stmt"/>
        <line num="103" count="13" type="stmt"/>
        <line num="108" count="1" type="stmt"/>
        <line num="118" count="8" type="stmt"/>
        <line num="119" count="26" type="stmt"/>
        <line num="120" count="26" type="stmt"/>
        <line num="121" count="26" type="stmt"/>
        <line num="123" count="1" type="stmt"/>
        <line num="132" count="8" type="stmt"/>
        <line num="133" count="5" type="stmt"/>
        <line num="134" count="6" type="stmt"/>
        <line num="137" count="5" type="stmt"/>
        <line num="139" count="5" type="stmt"/>
        <line num="144" count="1" type="stmt"/>
        <line num="152" count="8" type="stmt"/>
        <line num="153" count="1" type="stmt"/>
        <line num="154" count="1" type="cond" truecount="0" falsecount="1"/>
        <line num="155" count="0" type="stmt"/>
        <line num="162" count="8" type="stmt"/>
        <line num="163" count="0" type="stmt"/>
        <line num="165" count="8" type="stmt"/>
      </file>
      <file name="simpleBase.ts" path="/Users/royossai/WebstormProjects/pond/socket/src/pondbase/simpleBase.ts">
        <metrics statements="69" coveredstatements="69" conditionals="6" coveredconditionals="6" methods="18" coveredmethods="18"/>
        <line num="1" count="6" type="stmt"/>
        <line num="7" count="6" type="stmt"/>
        <line num="11" count="16" type="stmt"/>
        <line num="17" count="6" type="stmt"/>
        <line num="18" count="4" type="stmt"/>
        <line num="25" count="6" type="stmt"/>
        <line num="26" count="5" type="stmt"/>
        <line num="27" count="5" type="cond" truecount="1" falsecount="0"/>
        <line num="28" count="4" type="stmt"/>
        <line num="30" count="1" type="stmt"/>
        <line num="38" count="6" type="stmt"/>
        <line num="39" count="26" type="stmt"/>
        <line num="40" count="26" type="stmt"/>
        <line num="43" count="6" type="stmt"/>
        <line num="44" count="2" type="stmt"/>
        <line num="45" count="2" type="cond" truecount="2" falsecount="0"/>
        <line num="46" count="1" type="stmt"/>
        <line num="48" count="1" type="stmt"/>
        <line num="56" count="6" type="stmt"/>
        <line num="57" count="1" type="stmt"/>
        <line num="58" count="1" type="stmt"/>
        <line num="61" count="1" type="stmt"/>
        <line num="67" count="6" type="stmt"/>
        <line num="69" count="3" type="stmt"/>
        <line num="73" count="6" type="stmt"/>
        <line num="74" count="1" type="stmt"/>
        <line num="75" count="1" type="stmt"/>
        <line num="76" count="1" type="stmt"/>
        <line num="77" count="3" type="stmt"/>
        <line num="78" count="9" type="cond" truecount="1" falsecount="0"/>
        <line num="79" count="3" type="stmt"/>
        <line num="87" count="1" type="stmt"/>
        <line num="94" count="6" type="stmt"/>
        <line num="95" count="1" type="stmt"/>
        <line num="96" count="1" type="stmt"/>
        <line num="97" count="2" type="stmt"/>
        <line num="98" count="2" type="cond" truecount="1" falsecount="0"/>
        <line num="99" count="1" type="stmt"/>
        <line num="102" count="1" type="stmt"/>
        <line num="110" count="6" type="stmt"/>
        <line num="111" count="1" type="stmt"/>
        <line num="112" count="1" type="stmt"/>
        <line num="113" count="2" type="stmt"/>
        <line num="114" count="2" type="stmt"/>
        <line num="117" count="1" type="stmt"/>
        <line num="124" count="6" type="stmt"/>
        <line num="125" count="2" type="stmt"/>
        <line num="126" count="3" type="stmt"/>
        <line num="127" count="3" type="cond" truecount="1" falsecount="0"/>
        <line num="128" count="1" type="stmt"/>
        <line num="131" count="1" type="stmt"/>
        <line num="138" count="6" type="stmt"/>
        <line num="139" count="1" type="stmt"/>
        <line num="145" count="6" type="stmt"/>
        <line num="146" count="1" type="stmt"/>
        <line num="147" count="2" type="stmt"/>
        <line num="153" count="6" type="stmt"/>
        <line num="154" count="1" type="stmt"/>
        <line num="155" count="1" type="stmt"/>
        <line num="156" count="2" type="stmt"/>
        <line num="157" count="2" type="stmt"/>
        <line num="160" count="1" type="stmt"/>
        <line num="166" count="6" type="stmt"/>
        <line num="167" count="3" type="stmt"/>
        <line num="176" count="6" type="stmt"/>
        <line num="177" count="35" type="stmt"/>
        <line num="178" count="35" type="stmt"/>
        <line num="179" count="35" type="stmt"/>
        <line num="181" count="6" type="stmt"/>
      </file>
    </package>
    <package name="pondsocket">
      <metrics statements="452" coveredstatements="437" conditionals="183" coveredconditionals="176" methods="138" coveredmethods="133"/>
      <file name="channel.ts" path="/Users/royossai/WebstormProjects/pond/socket/src/pondsocket/channel.ts">
        <metrics statements="107" coveredstatements="107" conditionals="50" coveredconditionals="50" methods="27" coveredmethods="27"/>
        <line num="1" count="4" type="stmt"/>
        <line num="7" count="4" type="stmt"/>
        <line num="28" count="4" type="stmt"/>
        <line num="38" count="39" type="cond" truecount="2" falsecount="0"/>
        <line num="39" count="39" type="stmt"/>
        <line num="40" count="39" type="stmt"/>
        <line num="41" count="39" type="stmt"/>
        <line num="42" count="39" type="stmt"/>
        <line num="43" count="39" type="stmt"/>
        <line num="44" count="39" type="stmt"/>
        <line num="45" count="39" type="stmt"/>
        <line num="51" count="4" type="stmt"/>
        <line num="52" count="29" type="stmt"/>
        <line num="56" count="29" type="stmt"/>
        <line num="62" count="4" type="stmt"/>
        <line num="63" count="65" type="stmt"/>
        <line num="64" count="65" type="stmt"/>
        <line num="72" count="4" type="stmt"/>
        <line num="78" count="4" type="stmt"/>
        <line num="79" count="84" type="stmt"/>
        <line num="80" count="105" type="stmt"/>
        <line num="86" count="29" type="stmt"/>
        <line num="87" count="29" type="stmt"/>
        <line num="88" count="29" type="stmt"/>
        <line num="89" count="42" type="stmt"/>
        <line num="90" count="42" type="stmt"/>
        <line num="93" count="29" type="stmt"/>
        <line num="100" count="4" type="stmt"/>
        <line num="101" count="44" type="stmt"/>
        <line num="108" count="4" type="stmt"/>
        <line num="109" count="37" type="stmt"/>
        <line num="110" count="37" type="cond" truecount="1" falsecount="0"/>
        <line num="111" count="1" type="stmt"/>
        <line num="114" count="36" type="stmt"/>
        <line num="115" count="36" type="stmt"/>
        <line num="116" count="36" type="stmt"/>
        <line num="118" count="36" type="stmt"/>
        <line num="136" count="4" type="stmt"/>
        <line num="137" count="7" type="stmt"/>
        <line num="138" count="7" type="cond" truecount="1" falsecount="0"/>
        <line num="139" count="5" type="stmt"/>
        <line num="148" count="13" type="stmt"/>
        <line num="149" count="13" type="cond" truecount="2" falsecount="0"/>
        <line num="151" count="13" type="stmt"/>
        <line num="152" count="14" type="stmt"/>
        <line num="153" count="14" type="cond" truecount="1" falsecount="0"/>
        <line num="154" count="14" type="stmt"/>
        <line num="155" count="14" type="stmt"/>
        <line num="157" count="14" type="stmt"/>
        <line num="172" count="13" type="cond" truecount="1" falsecount="0"/>
        <line num="173" count="10" type="stmt"/>
        <line num="184" count="10" type="stmt"/>
        <line num="194" count="16" type="cond" truecount="1" falsecount="0"/>
        <line num="195" count="11" type="stmt"/>
        <line num="197" count="11" type="cond" truecount="3" falsecount="0"/>
        <line num="199" count="10" type="stmt"/>
        <line num="203" count="10" type="stmt"/>
        <line num="211" count="10" type="cond" truecount="1" falsecount="0"/>
        <line num="212" count="7" type="stmt"/>
        <line num="221" count="4" type="stmt"/>
        <line num="222" count="6" type="stmt"/>
        <line num="223" count="6" type="cond" truecount="1" falsecount="0"/>
        <line num="225" count="5" type="stmt"/>
        <line num="229" count="5" type="stmt"/>
        <line num="237" count="5" type="cond" truecount="1" falsecount="0"/>
        <line num="238" count="4" type="stmt"/>
        <line num="239" count="6" type="stmt"/>
        <line num="241" count="4" type="stmt"/>
        <line num="251" count="14" type="stmt"/>
        <line num="252" count="14" type="stmt"/>
        <line num="253" count="14" type="cond" truecount="3" falsecount="0"/>
        <line num="255" count="13" type="cond" truecount="2" falsecount="0"/>
        <line num="256" count="16" type="stmt"/>
        <line num="258" count="13" type="cond" truecount="1" falsecount="0"/>
        <line num="260" count="11" type="stmt"/>
        <line num="264" count="11" type="stmt"/>
        <line num="272" count="11" type="cond" truecount="1" falsecount="0"/>
        <line num="273" count="9" type="stmt"/>
        <line num="279" count="4" type="stmt"/>
        <line num="280" count="13" type="stmt"/>
        <line num="289" count="4" type="stmt"/>
        <line num="290" count="13" type="stmt"/>
        <line num="291" count="13" type="cond" truecount="1" falsecount="0"/>
        <line num="292" count="13" type="stmt"/>
        <line num="296" count="13" type="stmt"/>
        <line num="297" count="13" type="cond" truecount="1" falsecount="0"/>
        <line num="298" count="5" type="stmt"/>
        <line num="299" count="5" type="stmt"/>
        <line num="321" count="21" type="stmt"/>
        <line num="322" count="27" type="stmt"/>
        <line num="323" count="27" type="cond" truecount="1" falsecount="0"/>
        <line num="326" count="21" type="stmt"/>
        <line num="327" count="36" type="stmt"/>
        <line num="333" count="36" type="stmt"/>
        <line num="336" count="21" type="stmt"/>
        <line num="338" count="16" type="stmt"/>
        <line num="339" count="16" type="stmt"/>
        <line num="350" count="4" type="stmt"/>
        <line num="351" count="20" type="stmt"/>
        <line num="359" count="4" type="stmt"/>
        <line num="360" count="65" type="stmt"/>
        <line num="361" count="65" type="cond" truecount="6" falsecount="0"/>
        <line num="362" count="65" type="cond" truecount="3" falsecount="0"/>
        <line num="363" count="49" type="stmt"/>
        <line num="364" count="49" type="stmt"/>
        <line num="369" count="16" type="stmt"/>
        <line num="371" count="4" type="stmt"/>
      </file>
      <file name="endpoint.ts" path="/Users/royossai/WebstormProjects/pond/socket/src/pondsocket/endpoint.ts">
        <metrics statements="125" coveredstatements="122" conditionals="63" coveredconditionals="58" methods="38" coveredmethods="37"/>
        <line num="2" count="2" type="stmt"/>
        <line num="6" count="2" type="stmt"/>
        <line num="9" count="2" type="stmt"/>
        <line num="11" count="2" type="stmt"/>
        <line num="15" count="2" type="stmt"/>
        <line num="22" count="26" type="cond" truecount="2" falsecount="0"/>
        <line num="23" count="26" type="stmt"/>
        <line num="24" count="26" type="stmt"/>
        <line num="25" count="26" type="stmt"/>
        <line num="26" count="26" type="stmt"/>
        <line num="34" count="2" type="stmt"/>
        <line num="35" count="14" type="stmt"/>
        <line num="69" count="2" type="stmt"/>
        <line num="70" count="8" type="stmt"/>
        <line num="71" count="8" type="stmt"/>
        <line num="72" count="8" type="stmt"/>
        <line num="82" count="23" type="stmt"/>
        <line num="83" count="23" type="stmt"/>
        <line num="85" count="23" type="stmt"/>
        <line num="89" count="23" type="stmt"/>
        <line num="91" count="23" type="stmt"/>
        <line num="95" count="23" type="stmt"/>
        <line num="96" count="23" type="cond" truecount="1" falsecount="0"/>
        <line num="97" count="1" type="stmt"/>
        <line num="98" count="1" type="stmt"/>
        <line num="101" count="22" type="stmt"/>
        <line num="102" count="22" type="stmt"/>
        <line num="103" count="22" type="stmt"/>
        <line num="107" count="22" type="stmt"/>
        <line num="108" count="22" type="stmt"/>
        <line num="110" count="22" type="cond" truecount="1" falsecount="0"/>
        <line num="111" count="4" type="stmt"/>
        <line num="118" count="4" type="stmt"/>
        <line num="121" count="22" type="stmt"/>
        <line num="125" count="23" type="stmt"/>
        <line num="126" count="46" type="stmt"/>
        <line num="134" count="2" type="stmt"/>
        <line num="135" count="1" type="stmt"/>
        <line num="139" count="1" type="stmt"/>
        <line num="140" count="1" type="stmt"/>
        <line num="141" count="1" type="cond" truecount="1" falsecount="0"/>
        <line num="142" count="1" type="stmt"/>
        <line num="143" count="1" type="stmt"/>
        <line num="144" count="1" type="stmt"/>
        <line num="154" count="2" type="stmt"/>
        <line num="155" count="1" type="stmt"/>
        <line num="159" count="1" type="stmt"/>
        <line num="160" count="1" type="cond" truecount="1" falsecount="1"/>
        <line num="162" count="1" type="stmt"/>
        <line num="163" count="1" type="stmt"/>
        <line num="169" count="2" type="stmt"/>
        <line num="170" count="5" type="stmt"/>
        <line num="176" count="2" type="stmt"/>
        <line num="177" count="5" type="stmt"/>
        <line num="185" count="2" type="stmt"/>
        <line num="186" count="2" type="stmt"/>
        <line num="187" count="2" type="stmt"/>
        <line num="191" count="2" type="stmt"/>
        <line num="192" count="3" type="stmt"/>
        <line num="199" count="2" type="stmt"/>
        <line num="200" count="11" type="stmt"/>
        <line num="201" count="11" type="cond" truecount="1" falsecount="0"/>
        <line num="202" count="11" type="stmt"/>
        <line num="203" count="11" type="cond" truecount="1" falsecount="0"/>
        <line num="206" count="1" type="stmt"/>
        <line num="214" count="22" type="stmt"/>
        <line num="215" count="22" type="stmt"/>
        <line num="216" count="24" type="stmt"/>
        <line num="218" count="22" type="stmt"/>
        <line num="219" count="21" type="stmt"/>
        <line num="220" count="21" type="stmt"/>
        <line num="223" count="22" type="stmt"/>
        <line num="224" count="0" type="stmt"/>
        <line num="225" count="0" type="stmt"/>
        <line num="234" count="20" type="stmt"/>
        <line num="235" count="21" type="stmt"/>
        <line num="244" count="2" type="stmt"/>
        <line num="245" count="24" type="stmt"/>
        <line num="250" count="24" type="stmt"/>
        <line num="252" count="45" type="cond" truecount="1" falsecount="0"/>
        <line num="256" count="43" type="cond" truecount="1" falsecount="0"/>
        <line num="260" count="41" type="cond" truecount="1" falsecount="0"/>
        <line num="264" count="40" type="cond" truecount="1" falsecount="0"/>
        <line num="266" count="17" type="cond" truecount="1" falsecount="0"/>
        <line num="269" count="7" type="cond" truecount="2" falsecount="0"/>
        <line num="270" count="1" type="stmt"/>
        <line num="275" count="1" type="stmt"/>
        <line num="276" count="6" type="cond" truecount="1" falsecount="0"/>
        <line num="277" count="6" type="stmt"/>
        <line num="286" count="6" type="stmt"/>
        <line num="296" count="2" type="stmt"/>
        <line num="297" count="20" type="stmt"/>
        <line num="298" count="9" type="cond" truecount="6" falsecount="0"/>
        <line num="299" count="9" type="stmt"/>
        <line num="300" count="10" type="cond" truecount="1" falsecount="0"/>
        <line num="301" count="8" type="stmt"/>
        <line num="305" count="16" type="stmt"/>
        <line num="307" count="1" type="cond" truecount="7" falsecount="0"/>
        <line num="311" count="8" type="stmt"/>
        <line num="313" count="2" type="stmt"/>
        <line num="314" count="3" type="stmt"/>
        <line num="315" count="1" type="stmt"/>
        <line num="317" count="1" type="stmt"/>
        <line num="319" count="2" type="stmt"/>
        <line num="320" count="4" type="stmt"/>
        <line num="321" count="4" type="cond" truecount="1" falsecount="0"/>
        <line num="323" count="2" type="stmt"/>
        <line num="325" count="2" type="stmt"/>
        <line num="326" count="4" type="stmt"/>
        <line num="327" count="2" type="stmt"/>
        <line num="329" count="1" type="stmt"/>
        <line num="331" count="3" type="stmt"/>
        <line num="332" count="6" type="stmt"/>
        <line num="333" count="3" type="cond" truecount="3" falsecount="0"/>
        <line num="337" count="1" type="stmt"/>
        <line num="339" count="0" type="stmt"/>
        <line num="341" count="2" type="stmt"/>
        <line num="342" count="4" type="stmt"/>
        <line num="343" count="4" type="cond" truecount="11" falsecount="2"/>
        <line num="345" count="2" type="stmt"/>
        <line num="356" count="2" type="stmt"/>
        <line num="357" count="11" type="stmt"/>
        <line num="358" count="11" type="cond" truecount="1" falsecount="0"/>
        <line num="360" count="10" type="stmt"/>
        <line num="362" count="2" type="stmt"/>
      </file>
      <file name="enums.ts" path="/Users/royossai/WebstormProjects/pond/socket/src/pondsocket/enums.ts">
        <metrics statements="11" coveredstatements="11" conditionals="6" coveredconditionals="6" methods="3" coveredmethods="3"/>
        <line num="1" count="4" type="cond" truecount="2" falsecount="0"/>
        <line num="2" count="4" type="stmt"/>
        <line num="5" count="4" type="cond" truecount="2" falsecount="0"/>
        <line num="6" count="4" type="stmt"/>
        <line num="7" count="4" type="stmt"/>
        <line num="8" count="4" type="stmt"/>
        <line num="9" count="4" type="stmt"/>
        <line num="10" count="4" type="stmt"/>
        <line num="11" count="4" type="stmt"/>
        <line num="14" count="4" type="cond" truecount="2" falsecount="0"/>
        <line num="15" count="4" type="stmt"/>
      </file>
      <file name="index.ts" path="/Users/royossai/WebstormProjects/pond/socket/src/pondsocket/index.ts">
        <metrics statements="7" coveredstatements="0" conditionals="0" coveredconditionals="0" methods="0" coveredmethods="0"/>
        <line num="1" count="0" type="stmt"/>
        <line num="2" count="0" type="stmt"/>
        <line num="3" count="0" type="stmt"/>
        <line num="4" count="0" type="stmt"/>
        <line num="5" count="0" type="stmt"/>
        <line num="6" count="0" type="stmt"/>
        <line num="7" count="0" type="stmt"/>
      </file>
      <file name="pondChannel.ts" path="/Users/royossai/WebstormProjects/pond/socket/src/pondsocket/pondChannel.ts">
        <metrics statements="104" coveredstatements="104" conditionals="42" coveredconditionals="42" methods="38" coveredmethods="38"/>
        <line num="1" count="3" type="stmt"/>
        <line num="4" count="3" type="stmt"/>
        <line num="6" count="3" type="stmt"/>
        <line num="16" count="3" type="stmt"/>
        <line num="22" count="3" type="stmt"/>
        <line num="30" count="15" type="cond" truecount="2" falsecount="0"/>
        <line num="31" count="15" type="stmt"/>
        <line num="32" count="15" type="stmt"/>
        <line num="33" count="15" type="stmt"/>
        <line num="34" count="15" type="stmt"/>
        <line num="35" count="15" type="stmt"/>
        <line num="41" count="3" type="stmt"/>
        <line num="42" count="10" type="stmt"/>
        <line num="50" count="3" type="stmt"/>
        <line num="51" count="43" type="stmt"/>
        <line num="59" count="3" type="stmt"/>
        <line num="60" count="6" type="stmt"/>
        <line num="62" count="6" type="stmt"/>
        <line num="71" count="21" type="stmt"/>
        <line num="72" count="21" type="stmt"/>
        <line num="74" count="21" type="cond" truecount="4" falsecount="0"/>
        <line num="75" count="21" type="stmt"/>
        <line num="76" count="21" type="cond" truecount="1" falsecount="0"/>
        <line num="78" count="25" type="cond" truecount="1" falsecount="0"/>
        <line num="80" count="20" type="stmt"/>
        <line num="84" count="20" type="stmt"/>
        <line num="88" count="20" type="stmt"/>
        <line num="89" count="19" type="cond" truecount="1" falsecount="0"/>
        <line num="91" count="17" type="stmt"/>
        <line num="92" count="17" type="cond" truecount="2" falsecount="0"/>
        <line num="94" count="17" type="stmt"/>
        <line num="95" count="43" type="stmt"/>
        <line num="98" count="17" type="stmt"/>
        <line num="102" count="17" type="stmt"/>
        <line num="104" count="17" type="cond" truecount="1" falsecount="0"/>
        <line num="106" count="17" type="stmt"/>
        <line num="109" count="20" type="stmt"/>
        <line num="110" count="40" type="stmt"/>
        <line num="120" count="3" type="stmt"/>
        <line num="121" count="1" type="stmt"/>
        <line num="122" count="1" type="stmt"/>
        <line num="131" count="3" type="stmt"/>
        <line num="132" count="1" type="stmt"/>
        <line num="133" count="1" type="stmt"/>
        <line num="134" count="1" type="stmt"/>
        <line num="144" count="3" type="stmt"/>
        <line num="145" count="2" type="stmt"/>
        <line num="146" count="2" type="cond" truecount="4" falsecount="0"/>
        <line num="154" count="3" type="stmt"/>
        <line num="155" count="12" type="stmt"/>
        <line num="156" count="10" type="stmt"/>
        <line num="167" count="3" type="stmt"/>
        <line num="168" count="2" type="cond" truecount="2" falsecount="0"/>
        <line num="169" count="2" type="stmt"/>
        <line num="170" count="2" type="stmt"/>
        <line num="178" count="3" type="stmt"/>
        <line num="179" count="31" type="cond" truecount="6" falsecount="0"/>
        <line num="187" count="3" type="stmt"/>
        <line num="188" count="2" type="stmt"/>
        <line num="189" count="2" type="cond" truecount="1" falsecount="0"/>
        <line num="191" count="1" type="stmt"/>
        <line num="192" count="1" type="stmt"/>
        <line num="199" count="3" type="stmt"/>
        <line num="200" count="16" type="cond" truecount="1" falsecount="0"/>
        <line num="201" count="8" type="stmt"/>
        <line num="202" count="8" type="stmt"/>
        <line num="203" count="8" type="cond" truecount="1" falsecount="0"/>
        <line num="213" count="3" type="stmt"/>
        <line num="214" count="18" type="cond" truecount="2" falsecount="0"/>
        <line num="215" count="18" type="cond" truecount="1" falsecount="0"/>
        <line num="217" count="2" type="stmt"/>
        <line num="225" count="3" type="stmt"/>
        <line num="226" count="16" type="stmt"/>
        <line num="227" count="16" type="stmt"/>
        <line num="230" count="16" type="stmt"/>
        <line num="231" count="6" type="stmt"/>
        <line num="234" count="16" type="stmt"/>
        <line num="243" count="3" type="stmt"/>
        <line num="244" count="2" type="cond" truecount="2" falsecount="0"/>
        <line num="245" count="2" type="stmt"/>
        <line num="246" count="4" type="stmt"/>
        <line num="247" count="4" type="cond" truecount="1" falsecount="0"/>
        <line num="248" count="4" type="stmt"/>
        <line num="249" count="4" type="cond" truecount="1" falsecount="0"/>
        <line num="250" count="4" type="stmt"/>
        <line num="251" count="4" type="stmt"/>
        <line num="263" count="6" type="stmt"/>
        <line num="264" count="6" type="stmt"/>
        <line num="265" count="28" type="stmt"/>
        <line num="266" count="28" type="stmt"/>
        <line num="268" count="28" type="cond" truecount="1" falsecount="0"/>
        <line num="269" count="15" type="stmt"/>
        <line num="273" count="15" type="stmt"/>
        <line num="284" count="15" type="stmt"/>
        <line num="285" count="13" type="stmt"/>
        <line num="287" count="13" type="cond" truecount="2" falsecount="0"/>
        <line num="292" count="10" type="cond" truecount="1" falsecount="0"/>
        <line num="294" count="10" type="cond" truecount="1" falsecount="0"/>
        <line num="295" count="4" type="stmt"/>
        <line num="297" count="4" type="cond" truecount="1" falsecount="0"/>
        <line num="302" count="15" type="stmt"/>
        <line num="303" count="15" type="stmt"/>
        <line num="306" count="28" type="cond" truecount="2" falsecount="0"/>
        <line num="309" count="3" type="stmt"/>
      </file>
      <file name="pondResponse.ts" path="/Users/royossai/WebstormProjects/pond/socket/src/pondsocket/pondResponse.ts">
        <metrics statements="34" coveredstatements="34" conditionals="10" coveredconditionals="10" methods="7" coveredmethods="7"/>
        <line num="1" count="4" type="stmt"/>
        <line num="4" count="4" type="stmt"/>
        <line num="16" count="109" type="cond" truecount="1" falsecount="0"/>
        <line num="18" count="66" type="stmt"/>
        <line num="19" count="66" type="stmt"/>
        <line num="20" count="66" type="stmt"/>
        <line num="21" count="66" type="stmt"/>
        <line num="22" count="66" type="stmt"/>
        <line num="31" count="4" type="stmt"/>
        <line num="32" count="13" type="stmt"/>
        <line num="37" count="13" type="stmt"/>
        <line num="44" count="4" type="stmt"/>
        <line num="45" count="42" type="stmt"/>
        <line num="53" count="4" type="stmt"/>
        <line num="54" count="9" type="cond" truecount="4" falsecount="0"/>
        <line num="55" count="9" type="cond" truecount="2" falsecount="0"/>
        <line num="56" count="9" type="stmt"/>
        <line num="61" count="9" type="stmt"/>
        <line num="69" count="4" type="stmt"/>
        <line num="70" count="64" type="cond" truecount="2" falsecount="0"/>
        <line num="71" count="63" type="stmt"/>
        <line num="72" count="63" type="stmt"/>
        <line num="77" count="63" type="stmt"/>
        <line num="80" count="1" type="stmt"/>
        <line num="88" count="4" type="stmt"/>
        <line num="89" count="63" type="cond" truecount="1" falsecount="0"/>
        <line num="90" count="45" type="stmt"/>
        <line num="92" count="18" type="stmt"/>
        <line num="93" count="18" type="stmt"/>
        <line num="94" count="18" type="stmt"/>
        <line num="95" count="18" type="stmt"/>
        <line num="96" count="18" type="stmt"/>
        <line num="98" count="18" type="stmt"/>
        <line num="104" count="4" type="stmt"/>
      </file>
      <file name="pondSocket.ts" path="/Users/royossai/WebstormProjects/pond/socket/src/pondsocket/pondSocket.ts">
        <metrics statements="45" coveredstatements="40" conditionals="10" coveredconditionals="8" methods="18" coveredmethods="14"/>
        <line num="1" count="2" type="stmt"/>
        <line num="2" count="2" type="stmt"/>
        <line num="3" count="2" type="stmt"/>
        <line num="4" count="2" type="stmt"/>
        <line num="6" count="2" type="stmt"/>
        <line num="8" count="2" type="stmt"/>
        <line num="14" count="22" type="cond" truecount="2" falsecount="0"/>
        <line num="15" count="22" type="cond" truecount="2" falsecount="0"/>
        <line num="16" count="22" type="cond" truecount="2" falsecount="0"/>
        <line num="17" count="22" type="stmt"/>
        <line num="18" count="22" type="stmt"/>
        <line num="25" count="2" type="stmt"/>
        <line num="26" count="3" type="stmt"/>
        <line num="27" count="1" type="stmt"/>
        <line num="28" count="1" type="stmt"/>
        <line num="36" count="2" type="stmt"/>
        <line num="37" count="17" type="stmt"/>
        <line num="44" count="2" type="stmt"/>
        <line num="45" count="1" type="stmt"/>
        <line num="66" count="18" type="stmt"/>
        <line num="67" count="18" type="stmt"/>
        <line num="68" count="24" type="stmt"/>
        <line num="69" count="24" type="cond" truecount="1" falsecount="1"/>
        <line num="70" count="24" type="stmt"/>
        <line num="71" count="24" type="cond" truecount="1" falsecount="0"/>
        <line num="73" count="23" type="stmt"/>
        <line num="74" count="1" type="stmt"/>
        <line num="77" count="18" type="stmt"/>
        <line num="84" count="2" type="stmt"/>
        <line num="85" count="14" type="stmt"/>
        <line num="86" count="22" type="stmt"/>
        <line num="87" count="22" type="stmt"/>
        <line num="88" count="0" type="stmt"/>
        <line num="92" count="14" type="stmt"/>
        <line num="93" count="0" type="stmt"/>
        <line num="94" count="0" type="cond" truecount="0" falsecount="1"/>
        <line num="95" count="0" type="stmt"/>
        <line num="96" count="0" type="stmt"/>
        <line num="100" count="14" type="stmt"/>
        <line num="106" count="22" type="stmt"/>
        <line num="107" count="22" type="stmt"/>
        <line num="108" count="1" type="stmt"/>
        <line num="111" count="22" type="stmt"/>
        <line num="112" count="14" type="stmt"/>
        <line num="115" count="2" type="stmt"/>
      </file>
      <file name="socketMiddleWare.ts" path="/Users/royossai/WebstormProjects/pond/socket/src/pondsocket/socketMiddleWare.ts">
        <metrics statements="19" coveredstatements="19" conditionals="2" coveredconditionals="2" methods="7" coveredmethods="7"/>
        <line num="8" count="2" type="stmt"/>
        <line num="10" count="22" type="stmt"/>
        <line num="13" count="22" type="stmt"/>
        <line num="14" count="22" type="stmt"/>
        <line num="17" count="2" type="stmt"/>
        <line num="18" count="19" type="stmt"/>
        <line num="21" count="2" type="stmt"/>
        <line num="22" count="24" type="stmt"/>
        <line num="23" count="24" type="stmt"/>
        <line num="24" count="25" type="stmt"/>
        <line num="25" count="25" type="cond" truecount="2" falsecount="0"/>
        <line num="26" count="24" type="stmt"/>
        <line num="29" count="1" type="stmt"/>
        <line num="30" count="1" type="stmt"/>
        <line num="34" count="24" type="stmt"/>
        <line num="37" count="22" type="stmt"/>
        <line num="38" count="22" type="stmt"/>
        <line num="39" count="24" type="stmt"/>
        <line num="42" count="2" type="stmt"/>
      </file>
    </package>
  </project>
</coverage>
