{"/Users/royossai/WebstormProjects/pond/socket/src/pondbase/baseClass.ts": {"path":"/Users/royossai/WebstormProjects/pond/socket/src/pondbase/baseClass.ts","statementMap":{"0":{"start":{"line":2,"column":0},"end":{"line":2,"column":30}},"1":{"start":{"line":17,"column":0},"end":{"line":17,"column":13}},"2":{"start":{"line":23,"column":19},"end":{"line":25,"column":null}},"3":{"start":{"line":24,"column":8},"end":{"line":24,"column":68}},"4":{"start":{"line":32,"column":11},"end":{"line":38,"column":null}},"5":{"start":{"line":33,"column":8},"end":{"line":37,"column":40}},"6":{"start":{"line":34,"column":12},"end":{"line":34,"column":52}},"7":{"start":{"line":37,"column":12},"end":{"line":37,"column":40}},"8":{"start":{"line":43,"column":11},"end":{"line":50,"column":null}},"9":{"start":{"line":44,"column":17},"end":{"line":44,"column":37}},"10":{"start":{"line":45,"column":8},"end":{"line":49,"column":11}},"11":{"start":{"line":46,"column":20},"end":{"line":46,"column":54}},"12":{"start":{"line":47,"column":12},"end":{"line":47,"column":37}},"13":{"start":{"line":48,"column":12},"end":{"line":48,"column":65}},"14":{"start":{"line":55,"column":11},"end":{"line":60,"column":null}},"15":{"start":{"line":56,"column":20},"end":{"line":56,"column":74}},"16":{"start":{"line":57,"column":8},"end":{"line":59,"column":22}},"17":{"start":{"line":58,"column":23},"end":{"line":58,"column":78}},"18":{"start":{"line":66,"column":11},"end":{"line":68,"column":null}},"19":{"start":{"line":67,"column":8},"end":{"line":67,"column":45}},"20":{"start":{"line":75,"column":11},"end":{"line":82,"column":null}},"21":{"start":{"line":76,"column":22},"end":{"line":76,"column":63}},"22":{"start":{"line":77,"column":8},"end":{"line":79,"column":10}},"23":{"start":{"line":77,"column":19},"end":{"line":79,"column":10}},"24":{"start":{"line":81,"column":8},"end":{"line":81,"column":20}},"25":{"start":{"line":89,"column":11},"end":{"line":96,"column":null}},"26":{"start":{"line":90,"column":22},"end":{"line":90,"column":62}},"27":{"start":{"line":91,"column":8},"end":{"line":93,"column":10}},"28":{"start":{"line":91,"column":19},"end":{"line":93,"column":10}},"29":{"start":{"line":95,"column":8},"end":{"line":95,"column":20}},"30":{"start":{"line":103,"column":11},"end":{"line":105,"column":null}},"31":{"start":{"line":104,"column":8},"end":{"line":104,"column":61}},"32":{"start":{"line":112,"column":11},"end":{"line":127,"column":null}},"33":{"start":{"line":113,"column":28},"end":{"line":113,"column":50}},"34":{"start":{"line":113,"column":46},"end":{"line":113,"column":89}},"35":{"start":{"line":113,"column":72},"end":{"line":113,"column":88}},"36":{"start":{"line":114,"column":32},"end":{"line":114,"column":58}},"37":{"start":{"line":114,"column":47},"end":{"line":114,"column":95}},"38":{"start":{"line":114,"column":82},"end":{"line":114,"column":89}},"39":{"start":{"line":115,"column":8},"end":{"line":126,"column":null}},"40":{"start":{"line":116,"column":29},"end":{"line":121,"column":26}},"41":{"start":{"line":118,"column":30},"end":{"line":118,"column":48}},"42":{"start":{"line":120,"column":35},"end":{"line":120,"column":65}},"43":{"start":{"line":123,"column":12},"end":{"line":123,"column":33}},"44":{"start":{"line":125,"column":12},"end":{"line":125,"column":24}},"45":{"start":{"line":134,"column":11},"end":{"line":147,"column":null}},"46":{"start":{"line":135,"column":28},"end":{"line":135,"column":50}},"47":{"start":{"line":135,"column":46},"end":{"line":135,"column":89}},"48":{"start":{"line":135,"column":72},"end":{"line":135,"column":88}},"49":{"start":{"line":136,"column":24},"end":{"line":136,"column":40}},"50":{"start":{"line":136,"column":39},"end":{"line":136,"column":81}},"51":{"start":{"line":137,"column":32},"end":{"line":137,"column":58}},"52":{"start":{"line":137,"column":47},"end":{"line":137,"column":95}},"53":{"start":{"line":137,"column":82},"end":{"line":137,"column":89}},"54":{"start":{"line":139,"column":22},"end":{"line":144,"column":21}},"55":{"start":{"line":146,"column":8},"end":{"line":146,"column":53}},"56":{"start":{"line":157,"column":12},"end":{"line":167,"column":null}},"57":{"start":{"line":158,"column":45},"end":{"line":158,"column":47}},"58":{"start":{"line":159,"column":23},"end":{"line":159,"column":41}},"59":{"start":{"line":160,"column":8},"end":{"line":165,"column":null}},"60":{"start":{"line":161,"column":12},"end":{"line":164,"column":15}},"61":{"start":{"line":162,"column":22},"end":{"line":162,"column":54}},"62":{"start":{"line":162,"column":26},"end":{"line":162,"column":28}},"63":{"start":{"line":162,"column":33},"end":{"line":162,"column":37}},"64":{"start":{"line":163,"column":16},"end":{"line":163,"column":33}},"65":{"start":{"line":166,"column":8},"end":{"line":166,"column":19}},"66":{"start":{"line":180,"column":12},"end":{"line":195,"column":null}},"67":{"start":{"line":181,"column":24},"end":{"line":181,"column":63}},"68":{"start":{"line":182,"column":23},"end":{"line":182,"column":49}},"69":{"start":{"line":183,"column":24},"end":{"line":183,"column":58}},"70":{"start":{"line":184,"column":8},"end":{"line":193,"column":null}},"71":{"start":{"line":185,"column":25},"end":{"line":185,"column":50}},"72":{"start":{"line":186,"column":12},"end":{"line":192,"column":null}},"73":{"start":{"line":187,"column":53},"end":{"line":187,"column":55}},"74":{"start":{"line":188,"column":16},"end":{"line":190,"column":19}},"75":{"start":{"line":189,"column":20},"end":{"line":189,"column":88}},"76":{"start":{"line":191,"column":16},"end":{"line":191,"column":27}},"77":{"start":{"line":194,"column":8},"end":{"line":194,"column":20}},"78":{"start":{"line":211,"column":12},"end":{"line":237,"column":null}},"79":{"start":{"line":212,"column":8},"end":{"line":227,"column":null}},"80":{"start":{"line":213,"column":26},"end":{"line":213,"column":78}},"81":{"start":{"line":214,"column":28},"end":{"line":214,"column":47}},"82":{"start":{"line":215,"column":12},"end":{"line":226,"column":null}},"83":{"start":{"line":216,"column":29},"end":{"line":216,"column":54}},"84":{"start":{"line":217,"column":16},"end":{"line":225,"column":null}},"85":{"start":{"line":218,"column":57},"end":{"line":218,"column":59}},"86":{"start":{"line":219,"column":20},"end":{"line":221,"column":23}},"87":{"start":{"line":220,"column":24},"end":{"line":220,"column":92}},"88":{"start":{"line":222,"column":20},"end":{"line":224,"column":null}},"89":{"start":{"line":229,"column":22},"end":{"line":229,"column":66}},"90":{"start":{"line":230,"column":8},"end":{"line":230,"column":51}},"91":{"start":{"line":230,"column":19},"end":{"line":230,"column":51}},"92":{"start":{"line":232,"column":8},"end":{"line":234,"column":null}},"93":{"start":{"line":233,"column":12},"end":{"line":233,"column":69}},"94":{"start":{"line":236,"column":8},"end":{"line":236,"column":20}},"95":{"start":{"line":244,"column":12},"end":{"line":251,"column":null}},"96":{"start":{"line":245,"column":8},"end":{"line":245,"column":103}},"97":{"start":{"line":245,"column":51},"end":{"line":245,"column":103}},"98":{"start":{"line":247,"column":22},"end":{"line":247,"column":66}},"99":{"start":{"line":248,"column":8},"end":{"line":248,"column":29}},"100":{"start":{"line":248,"column":19},"end":{"line":248,"column":29}},"101":{"start":{"line":250,"column":8},"end":{"line":250,"column":20}},"102":{"start":{"line":252,"column":0},"end":{"line":252,"column":null}},"103":{"start":{"line":17,"column":13},"end":{"line":17,"column":22}}},"fnMap":{"0":{"name":"(anonymous_1)","decl":{"start":{"line":17,"column":0},"end":{"line":17,"column":13}},"loc":{"start":{"line":17,"column":0},"end":{"line":252,"column":null}}},"1":{"name":"(anonymous_3)","decl":{"start":{"line":23,"column":4},"end":{"line":23,"column":19}},"loc":{"start":{"line":23,"column":62},"end":{"line":25,"column":5}}},"2":{"name":"(anonymous_4)","decl":{"start":{"line":32,"column":4},"end":{"line":32,"column":11}},"loc":{"start":{"line":32,"column":74},"end":{"line":38,"column":5}}},"3":{"name":"(anonymous_5)","decl":{"start":{"line":43,"column":4},"end":{"line":43,"column":11}},"loc":{"start":{"line":43,"column":4},"end":{"line":50,"column":5}}},"4":{"name":"(anonymous_6)","decl":{"start":{"line":45,"column":71},"end":{"line":45,"column":81}},"loc":{"start":{"line":45,"column":82},"end":{"line":49,"column":9}}},"5":{"name":"(anonymous_7)","decl":{"start":{"line":55,"column":4},"end":{"line":55,"column":11}},"loc":{"start":{"line":55,"column":4},"end":{"line":60,"column":5}}},"6":{"name":"(anonymous_8)","decl":{"start":{"line":58,"column":17},"end":{"line":58,"column":23}},"loc":{"start":{"line":58,"column":17},"end":{"line":58,"column":28}}},"7":{"name":"(anonymous_9)","decl":{"start":{"line":66,"column":4},"end":{"line":66,"column":11}},"loc":{"start":{"line":66,"column":36},"end":{"line":68,"column":5}}},"8":{"name":"(anonymous_10)","decl":{"start":{"line":75,"column":4},"end":{"line":75,"column":11}},"loc":{"start":{"line":75,"column":63},"end":{"line":82,"column":5}}},"9":{"name":"(anonymous_11)","decl":{"start":{"line":89,"column":4},"end":{"line":89,"column":11}},"loc":{"start":{"line":89,"column":55},"end":{"line":96,"column":5}}},"10":{"name":"(anonymous_12)","decl":{"start":{"line":103,"column":4},"end":{"line":103,"column":11}},"loc":{"start":{"line":103,"column":39},"end":{"line":105,"column":5}}},"11":{"name":"(anonymous_13)","decl":{"start":{"line":112,"column":4},"end":{"line":112,"column":11}},"loc":{"start":{"line":112,"column":51},"end":{"line":127,"column":5}}},"12":{"name":"(anonymous_14)","decl":{"start":{"line":113,"column":28},"end":{"line":113,"column":29}},"loc":{"start":{"line":113,"column":41},"end":{"line":113,"column":50}}},"13":{"name":"(anonymous_15)","decl":{"start":{"line":113,"column":65},"end":{"line":113,"column":66}},"loc":{"start":{"line":113,"column":67},"end":{"line":113,"column":73}}},"14":{"name":"(anonymous_16)","decl":{"start":{"line":114,"column":32},"end":{"line":114,"column":33}},"loc":{"start":{"line":114,"column":42},"end":{"line":114,"column":58}}},"15":{"name":"(anonymous_17)","decl":{"start":{"line":114,"column":72},"end":{"line":114,"column":73}},"loc":{"start":{"line":114,"column":77},"end":{"line":114,"column":83}}},"16":{"name":"(anonymous_18)","decl":{"start":{"line":118,"column":21},"end":{"line":118,"column":22}},"loc":{"start":{"line":118,"column":25},"end":{"line":118,"column":38}}},"17":{"name":"(anonymous_19)","decl":{"start":{"line":120,"column":21},"end":{"line":120,"column":22}},"loc":{"start":{"line":120,"column":30},"end":{"line":120,"column":41}}},"18":{"name":"(anonymous_20)","decl":{"start":{"line":134,"column":4},"end":{"line":134,"column":11}},"loc":{"start":{"line":134,"column":42},"end":{"line":147,"column":5}}},"19":{"name":"(anonymous_21)","decl":{"start":{"line":135,"column":28},"end":{"line":135,"column":29}},"loc":{"start":{"line":135,"column":41},"end":{"line":135,"column":50}}},"20":{"name":"(anonymous_22)","decl":{"start":{"line":135,"column":65},"end":{"line":135,"column":66}},"loc":{"start":{"line":135,"column":67},"end":{"line":135,"column":73}}},"21":{"name":"(anonymous_23)","decl":{"start":{"line":136,"column":24},"end":{"line":136,"column":25}},"loc":{"start":{"line":136,"column":34},"end":{"line":136,"column":40}}},"22":{"name":"(anonymous_24)","decl":{"start":{"line":137,"column":32},"end":{"line":137,"column":33}},"loc":{"start":{"line":137,"column":42},"end":{"line":137,"column":58}}},"23":{"name":"(anonymous_25)","decl":{"start":{"line":137,"column":72},"end":{"line":137,"column":73}},"loc":{"start":{"line":137,"column":77},"end":{"line":137,"column":83}}},"24":{"name":"(anonymous_26)","decl":{"start":{"line":157,"column":4},"end":{"line":157,"column":12}},"loc":{"start":{"line":157,"column":38},"end":{"line":167,"column":5}}},"25":{"name":"(anonymous_27)","decl":{"start":{"line":161,"column":38},"end":{"line":161,"column":43}},"loc":{"start":{"line":161,"column":43},"end":{"line":164,"column":13}}},"26":{"name":"(anonymous_28)","decl":{"start":{"line":180,"column":4},"end":{"line":180,"column":12}},"loc":{"start":{"line":180,"column":56},"end":{"line":195,"column":5}}},"27":{"name":"(anonymous_29)","decl":{"start":{"line":188,"column":29},"end":{"line":188,"column":30}},"loc":{"start":{"line":188,"column":40},"end":{"line":190,"column":17}}},"28":{"name":"(anonymous_30)","decl":{"start":{"line":211,"column":4},"end":{"line":211,"column":12}},"loc":{"start":{"line":211,"column":64},"end":{"line":237,"column":5}}},"29":{"name":"(anonymous_31)","decl":{"start":{"line":219,"column":33},"end":{"line":219,"column":34}},"loc":{"start":{"line":219,"column":44},"end":{"line":221,"column":21}}},"30":{"name":"(anonymous_32)","decl":{"start":{"line":244,"column":4},"end":{"line":244,"column":12}},"loc":{"start":{"line":244,"column":74},"end":{"line":251,"column":5}}}},"branchMap":{"0":{"loc":{"start":{"line":24,"column":15},"end":{"line":24,"column":67}},"type":"binary-expr","locations":[{"start":{"line":24,"column":15},"end":{"line":24,"column":42}},{"start":{"line":24,"column":46},"end":{"line":24,"column":67}}]},"1":{"loc":{"start":{"line":33,"column":8},"end":{"line":37,"column":40}},"type":"if","locations":[{"start":{"line":33,"column":8},"end":{"line":37,"column":40}},{"start":{"line":37,"column":12},"end":{"line":37,"column":40}}]},"2":{"loc":{"start":{"line":48,"column":20},"end":{"line":48,"column":50}},"type":"cond-expr","locations":[{"start":{"line":48,"column":31},"end":{"line":48,"column":32}},{"start":{"line":48,"column":36},"end":{"line":48,"column":49}}]},"3":{"loc":{"start":{"line":77,"column":8},"end":{"line":79,"column":10}},"type":"if","locations":[{"start":{"line":77,"column":8},"end":{"line":79,"column":10}}]},"4":{"loc":{"start":{"line":91,"column":8},"end":{"line":93,"column":10}},"type":"if","locations":[{"start":{"line":91,"column":8},"end":{"line":93,"column":10}}]},"5":{"loc":{"start":{"line":160,"column":8},"end":{"line":165,"column":null}},"type":"if","locations":[{"start":{"line":160,"column":8},"end":{"line":165,"column":null}}]},"6":{"loc":{"start":{"line":184,"column":8},"end":{"line":193,"column":null}},"type":"if","locations":[{"start":{"line":184,"column":8},"end":{"line":193,"column":null}}]},"7":{"loc":{"start":{"line":186,"column":12},"end":{"line":192,"column":null}},"type":"if","locations":[{"start":{"line":186,"column":12},"end":{"line":192,"column":null}}]},"8":{"loc":{"start":{"line":212,"column":8},"end":{"line":227,"column":null}},"type":"if","locations":[{"start":{"line":212,"column":8},"end":{"line":227,"column":null}}]},"9":{"loc":{"start":{"line":215,"column":12},"end":{"line":226,"column":null}},"type":"if","locations":[{"start":{"line":215,"column":12},"end":{"line":226,"column":null}}]},"10":{"loc":{"start":{"line":217,"column":16},"end":{"line":225,"column":null}},"type":"if","locations":[{"start":{"line":217,"column":16},"end":{"line":225,"column":null}}]},"11":{"loc":{"start":{"line":230,"column":8},"end":{"line":230,"column":51}},"type":"if","locations":[{"start":{"line":230,"column":8},"end":{"line":230,"column":51}}]},"12":{"loc":{"start":{"line":232,"column":8},"end":{"line":234,"column":null}},"type":"if","locations":[{"start":{"line":232,"column":8},"end":{"line":234,"column":null}}]},"13":{"loc":{"start":{"line":245,"column":8},"end":{"line":245,"column":103}},"type":"if","locations":[{"start":{"line":245,"column":8},"end":{"line":245,"column":103}}]},"14":{"loc":{"start":{"line":248,"column":8},"end":{"line":248,"column":29}},"type":"if","locations":[{"start":{"line":248,"column":8},"end":{"line":248,"column":29}}]}},"s":{"0":6,"1":6,"2":6,"3":108,"4":6,"5":23,"6":16,"7":7,"8":6,"9":1,"10":1,"11":31,"12":31,"13":31,"14":6,"15":2,"16":2,"17":16,"18":6,"19":29,"20":6,"21":96,"22":96,"23":78,"24":18,"25":6,"26":6,"27":6,"28":5,"29":1,"30":6,"31":15,"32":6,"33":2,"34":17,"35":78,"36":2,"37":17,"38":78,"39":2,"40":2,"41":17,"42":17,"43":1,"44":1,"45":6,"46":2,"47":34,"48":85,"49":2,"50":17,"51":2,"52":17,"53":68,"54":2,"55":2,"56":6,"57":85,"58":85,"59":85,"60":7,"61":13,"62":13,"63":13,"64":13,"65":85,"66":6,"67":88,"68":88,"69":88,"70":88,"71":70,"72":70,"73":70,"74":70,"75":71,"76":70,"77":18,"78":6,"79":10,"80":8,"81":8,"82":8,"83":6,"84":6,"85":6,"86":6,"87":8,"88":6,"89":4,"90":4,"91":1,"92":3,"93":1,"94":2,"95":6,"96":98,"97":83,"98":15,"99":15,"100":12,"101":3,"102":6,"103":6},"f":{"0":109,"1":108,"2":23,"3":1,"4":31,"5":2,"6":16,"7":29,"8":96,"9":6,"10":15,"11":2,"12":17,"13":78,"14":17,"15":78,"16":17,"17":17,"18":2,"19":34,"20":85,"21":17,"22":17,"23":68,"24":85,"25":13,"26":88,"27":71,"28":10,"29":8,"30":98},"b":{"0":[108,103],"1":[16,7],"2":[30,1],"3":[78],"4":[5],"5":[7],"6":[70],"7":[70],"8":[8],"9":[6],"10":[6],"11":[1],"12":[1],"13":[83],"14":[12]}}
,"/Users/royossai/WebstormProjects/pond/socket/src/pondbase/basePromise.ts": {"path":"/Users/royossai/WebstormProjects/pond/socket/src/pondbase/basePromise.ts","statementMap":{"0":{"start":{"line":3,"column":0},"end":{"line":3,"column":13}},"1":{"start":{"line":9,"column":8},"end":{"line":9,"column":41}},"2":{"start":{"line":10,"column":8},"end":{"line":10,"column":35}},"3":{"start":{"line":11,"column":8},"end":{"line":11,"column":25}},"4":{"start":{"line":13,"column":0},"end":{"line":13,"column":null}},"5":{"start":{"line":3,"column":13},"end":{"line":3,"column":22}},"6":{"start":{"line":15,"column":0},"end":{"line":15,"column":16}},"7":{"start":{"line":16,"column":4},"end":{"line":38,"column":null}},"8":{"start":{"line":16,"column":48},"end":{"line":38,"column":6}},"9":{"start":{"line":17,"column":12},"end":{"line":17,"column":30}},"10":{"start":{"line":18,"column":14},"end":{"line":21,"column":null}},"11":{"start":{"line":19,"column":12},"end":{"line":19,"column":29}},"12":{"start":{"line":20,"column":12},"end":{"line":20,"column":72}},"13":{"start":{"line":23,"column":14},"end":{"line":26,"column":null}},"14":{"start":{"line":23,"column":60},"end":{"line":26,"column":null}},"15":{"start":{"line":24,"column":12},"end":{"line":24,"column":29}},"16":{"start":{"line":25,"column":12},"end":{"line":25,"column":27}},"17":{"start":{"line":29,"column":12},"end":{"line":29,"column":48}},"18":{"start":{"line":30,"column":12},"end":{"line":31,"column":87}},"19":{"start":{"line":31,"column":16},"end":{"line":31,"column":87}},"20":{"start":{"line":33,"column":12},"end":{"line":36,"column":65}},"21":{"start":{"line":34,"column":16},"end":{"line":34,"column":30}},"22":{"start":{"line":36,"column":17},"end":{"line":36,"column":65}}},"fnMap":{"0":{"name":"(anonymous_13)","decl":{"start":{"line":3,"column":0},"end":{"line":3,"column":13}},"loc":{"start":{"line":3,"column":0},"end":{"line":13,"column":null}}},"1":{"name":"PondError","decl":{"start":{"line":8,"column":4},"end":{"line":8,"column":16}},"loc":{"start":{"line":8,"column":64},"end":{"line":12,"column":5}}},"2":{"name":"BasePromise","decl":{"start":{"line":15,"column":16},"end":{"line":15,"column":27}},"loc":{"start":{"line":15,"column":154},"end":{"line":39,"column":1}}},"3":{"name":"(anonymous_16)","decl":{"start":{"line":16,"column":26},"end":{"line":16,"column":33}},"loc":{"start":{"line":16,"column":48},"end":{"line":38,"column":6}}},"4":{"name":"(anonymous_17)","decl":{"start":{"line":16,"column":48},"end":{"line":16,"column":null}},"loc":{"start":{"line":16,"column":48},"end":{"line":38,"column":6}}},"5":{"name":"(anonymous_19)","decl":{"start":{"line":18,"column":25},"end":{"line":18,"column":26}},"loc":{"start":{"line":18,"column":66},"end":{"line":21,"column":9}}},"6":{"name":"(anonymous_20)","decl":{"start":{"line":23,"column":26},"end":{"line":23,"column":33}},"loc":{"start":{"line":23,"column":60},"end":{"line":26,"column":null}}},"7":{"name":"(anonymous_21)","decl":{"start":{"line":23,"column":60},"end":{"line":23,"column":null}},"loc":{"start":{"line":23,"column":60},"end":{"line":26,"column":null}}}},"branchMap":{"0":{"loc":{"start":{"line":20,"column":47},"end":{"line":20,"column":63}},"type":"binary-expr","locations":[{"start":{"line":20,"column":47},"end":{"line":20,"column":56}},{"start":{"line":20,"column":60},"end":{"line":20,"column":63}}]},"1":{"loc":{"start":{"line":30,"column":12},"end":{"line":31,"column":87}},"type":"if","locations":[{"start":{"line":30,"column":12},"end":{"line":31,"column":87}}]},"2":{"loc":{"start":{"line":33,"column":12},"end":{"line":36,"column":65}},"type":"if","locations":[{"start":{"line":33,"column":12},"end":{"line":36,"column":65}},{"start":{"line":36,"column":17},"end":{"line":36,"column":65}}]}},"s":{"0":8,"1":40,"2":40,"3":40,"4":8,"5":8,"6":57,"7":49,"8":49,"9":49,"10":49,"11":5,"12":5,"13":49,"14":40,"15":40,"16":40,"17":96,"18":47,"19":2,"20":2,"21":1,"22":1},"f":{"0":8,"1":40,"2":49,"3":49,"4":49,"5":5,"6":40,"7":40},"b":{"0":[5,1],"1":[2],"2":[1,1]}}
,"/Users/royossai/WebstormProjects/pond/socket/src/pondbase/enums.ts": {"path":"/Users/royossai/WebstormProjects/pond/socket/src/pondbase/enums.ts","statementMap":{"0":{"start":{"line":1,"column":0},"end":{"line":1,"column":null}},"1":{"start":{"line":2,"column":4},"end":{"line":2,"column":null}},"2":{"start":{"line":3,"column":4},"end":{"line":3,"column":null}},"3":{"start":{"line":6,"column":0},"end":{"line":6,"column":null}},"4":{"start":{"line":7,"column":4},"end":{"line":7,"column":null}},"5":{"start":{"line":8,"column":4},"end":{"line":8,"column":null}},"6":{"start":{"line":9,"column":4},"end":{"line":9,"column":null}}},"fnMap":{"0":{"name":"(anonymous_0)","decl":{"start":{"line":1,"column":0},"end":{"line":1,"column":12}},"loc":{"start":{"line":1,"column":26},"end":{"line":4,"column":1}}},"1":{"name":"(anonymous_1)","decl":{"start":{"line":6,"column":0},"end":{"line":6,"column":12}},"loc":{"start":{"line":6,"column":27},"end":{"line":10,"column":1}}}},"branchMap":{"0":{"loc":{"start":{"line":1,"column":12},"end":{"line":1,"column":null}},"type":"binary-expr","locations":[{"start":{"line":1,"column":12},"end":{"line":1,"column":26}},{"start":{"line":1,"column":12},"end":{"line":1,"column":null}}]},"1":{"loc":{"start":{"line":6,"column":12},"end":{"line":6,"column":null}},"type":"binary-expr","locations":[{"start":{"line":6,"column":12},"end":{"line":6,"column":27}},{"start":{"line":6,"column":12},"end":{"line":6,"column":null}}]}},"s":{"0":7,"1":7,"2":7,"3":7,"4":7,"5":7,"6":7},"f":{"0":7,"1":7},"b":{"0":[7,7],"1":[7,7]}}
,"/Users/royossai/WebstormProjects/pond/socket/src/pondbase/index.ts": {"path":"/Users/royossai/WebstormProjects/pond/socket/src/pondbase/index.ts","statementMap":{"0":{"start":{"line":1,"column":0},"end":{"line":1,"column":28}},"1":{"start":{"line":2,"column":0},"end":{"line":2,"column":30}},"2":{"start":{"line":3,"column":0},"end":{"line":3,"column":27}},"3":{"start":{"line":4,"column":0},"end":{"line":4,"column":25}},"4":{"start":{"line":5,"column":0},"end":{"line":5,"column":24}},"5":{"start":{"line":6,"column":0},"end":{"line":6,"column":24}},"6":{"start":{"line":7,"column":0},"end":{"line":7,"column":29}}},"fnMap":{},"branchMap":{},"s":{"0":5,"1":5,"2":5,"3":5,"4":5,"5":5,"6":5},"f":{},"b":{}}
,"/Users/royossai/WebstormProjects/pond/socket/src/pondbase/pondBase.ts": {"path":"/Users/royossai/WebstormProjects/pond/socket/src/pondbase/pondBase.ts","statementMap":{"0":{"start":{"line":1,"column":0},"end":{"line":1,"column":49}},"1":{"start":{"line":2,"column":0},"end":{"line":2,"column":40}},"2":{"start":{"line":3,"column":0},"end":{"line":3,"column":40}},"3":{"start":{"line":5,"column":0},"end":{"line":5,"column":13}},"4":{"start":{"line":12,"column":8},"end":{"line":12,"column":22}},"5":{"start":{"line":13,"column":8},"end":{"line":13,"column":24}},"6":{"start":{"line":14,"column":8},"end":{"line":14,"column":36}},"7":{"start":{"line":15,"column":8},"end":{"line":15,"column":36}},"8":{"start":{"line":18,"column":4},"end":{"line":20,"column":null}},"9":{"start":{"line":19,"column":8},"end":{"line":19,"column":24}},"10":{"start":{"line":22,"column":4},"end":{"line":24,"column":null}},"11":{"start":{"line":23,"column":8},"end":{"line":23,"column":30}},"12":{"start":{"line":29,"column":4},"end":{"line":32,"column":null}},"13":{"start":{"line":30,"column":8},"end":{"line":30,"column":26}},"14":{"start":{"line":31,"column":8},"end":{"line":31,"column":25}},"15":{"start":{"line":38,"column":4},"end":{"line":40,"column":null}},"16":{"start":{"line":39,"column":8},"end":{"line":39,"column":47}},"17":{"start":{"line":41,"column":0},"end":{"line":41,"column":null}},"18":{"start":{"line":5,"column":13},"end":{"line":5,"column":25}},"19":{"start":{"line":43,"column":0},"end":{"line":43,"column":13}},"20":{"start":{"line":252,"column":12},"end":{"line":260,"column":null}},"21":{"start":{"line":253,"column":17},"end":{"line":253,"column":19}},"22":{"start":{"line":254,"column":22},"end":{"line":254,"column":86}},"23":{"start":{"line":255,"column":8},"end":{"line":257,"column":null}},"24":{"start":{"line":255,"column":21},"end":{"line":255,"column":22}},"25":{"start":{"line":256,"column":12},"end":{"line":256,"column":73}},"26":{"start":{"line":259,"column":8},"end":{"line":259,"column":18}},"27":{"start":{"line":48,"column":8},"end":{"line":48,"column":22}},"28":{"start":{"line":49,"column":8},"end":{"line":49,"column":42}},"29":{"start":{"line":55,"column":4},"end":{"line":57,"column":null}},"30":{"start":{"line":56,"column":8},"end":{"line":56,"column":44}},"31":{"start":{"line":63,"column":11},"end":{"line":69,"column":null}},"32":{"start":{"line":64,"column":20},"end":{"line":64,"column":33}},"33":{"start":{"line":65,"column":8},"end":{"line":66,"column":54}},"34":{"start":{"line":66,"column":12},"end":{"line":66,"column":54}},"35":{"start":{"line":68,"column":8},"end":{"line":68,"column":20}},"36":{"start":{"line":75,"column":11},"end":{"line":80,"column":null}},"37":{"start":{"line":76,"column":20},"end":{"line":76,"column":34}},"38":{"start":{"line":77,"column":8},"end":{"line":77,"column":30}},"39":{"start":{"line":78,"column":8},"end":{"line":78,"column":71}},"40":{"start":{"line":79,"column":8},"end":{"line":79,"column":52}},"41":{"start":{"line":87,"column":11},"end":{"line":94,"column":null}},"42":{"start":{"line":88,"column":8},"end":{"line":93,"column":83}},"43":{"start":{"line":89,"column":12},"end":{"line":89,"column":34}},"44":{"start":{"line":90,"column":12},"end":{"line":90,"column":84}},"45":{"start":{"line":91,"column":12},"end":{"line":91,"column":56}},"46":{"start":{"line":93,"column":12},"end":{"line":93,"column":83}},"47":{"start":{"line":100,"column":11},"end":{"line":107,"column":null}},"48":{"start":{"line":101,"column":23},"end":{"line":101,"column":95}},"49":{"start":{"line":102,"column":20},"end":{"line":102,"column":37}},"50":{"start":{"line":103,"column":8},"end":{"line":103,"column":36}},"51":{"start":{"line":104,"column":8},"end":{"line":104,"column":32}},"52":{"start":{"line":105,"column":8},"end":{"line":105,"column":69}},"53":{"start":{"line":106,"column":8},"end":{"line":106,"column":24}},"54":{"start":{"line":113,"column":11},"end":{"line":119,"column":null}},"55":{"start":{"line":114,"column":8},"end":{"line":116,"column":null}},"56":{"start":{"line":115,"column":12},"end":{"line":115,"column":42}},"57":{"start":{"line":118,"column":8},"end":{"line":118,"column":20}},"58":{"start":{"line":124,"column":12},"end":{"line":128,"column":null}},"59":{"start":{"line":126,"column":12},"end":{"line":126,"column":32}},"60":{"start":{"line":134,"column":11},"end":{"line":143,"column":null}},"61":{"start":{"line":135,"column":42},"end":{"line":135,"column":44}},"62":{"start":{"line":136,"column":8},"end":{"line":140,"column":null}},"63":{"start":{"line":137,"column":24},"end":{"line":137,"column":37}},"64":{"start":{"line":138,"column":12},"end":{"line":139,"column":64}},"65":{"start":{"line":139,"column":16},"end":{"line":139,"column":64}},"66":{"start":{"line":142,"column":8},"end":{"line":142,"column":22}},"67":{"start":{"line":149,"column":11},"end":{"line":157,"column":null}},"68":{"start":{"line":150,"column":42},"end":{"line":150,"column":44}},"69":{"start":{"line":151,"column":8},"end":{"line":154,"column":null}},"70":{"start":{"line":152,"column":12},"end":{"line":153,"column":74}},"71":{"start":{"line":153,"column":16},"end":{"line":153,"column":74}},"72":{"start":{"line":156,"column":8},"end":{"line":156,"column":22}},"73":{"start":{"line":163,"column":11},"end":{"line":165,"column":null}},"74":{"start":{"line":163,"column":4},"end":{"line":163,"column":11}},"75":{"start":{"line":164,"column":8},"end":{"line":164,"column":95}},"76":{"start":{"line":164,"column":31},"end":{"line":164,"column":45}},"77":{"start":{"line":164,"column":60},"end":{"line":164,"column":94}},"78":{"start":{"line":172,"column":11},"end":{"line":180,"column":null}},"79":{"start":{"line":173,"column":20},"end":{"line":173,"column":21}},"80":{"start":{"line":174,"column":8},"end":{"line":177,"column":null}},"81":{"start":{"line":175,"column":12},"end":{"line":175,"column":71}},"82":{"start":{"line":176,"column":12},"end":{"line":176,"column":20}},"83":{"start":{"line":179,"column":8},"end":{"line":179,"column":28}},"84":{"start":{"line":186,"column":11},"end":{"line":194,"column":null}},"85":{"start":{"line":187,"column":8},"end":{"line":191,"column":null}},"86":{"start":{"line":188,"column":24},"end":{"line":188,"column":37}},"87":{"start":{"line":189,"column":12},"end":{"line":190,"column":58}},"88":{"start":{"line":190,"column":16},"end":{"line":190,"column":58}},"89":{"start":{"line":193,"column":8},"end":{"line":193,"column":20}},"90":{"start":{"line":200,"column":11},"end":{"line":202,"column":null}},"91":{"start":{"line":201,"column":8},"end":{"line":201,"column":51}},"92":{"start":{"line":207,"column":11},"end":{"line":210,"column":null}},"93":{"start":{"line":207,"column":4},"end":{"line":207,"column":11}},"94":{"start":{"line":208,"column":21},"end":{"line":208,"column":42}},"95":{"start":{"line":209,"column":8},"end":{"line":209,"column":47}},"96":{"start":{"line":209,"column":28},"end":{"line":209,"column":46}},"97":{"start":{"line":216,"column":11},"end":{"line":226,"column":null}},"98":{"start":{"line":216,"column":4},"end":{"line":216,"column":11}},"99":{"start":{"line":217,"column":8},"end":{"line":225,"column":11}},"100":{"start":{"line":218,"column":42},"end":{"line":218,"column":72}},"101":{"start":{"line":220,"column":12},"end":{"line":222,"column":91}},"102":{"start":{"line":220,"column":40},"end":{"line":220,"column":77}},"103":{"start":{"line":222,"column":17},"end":{"line":222,"column":91}},"104":{"start":{"line":222,"column":49},"end":{"line":222,"column":91}},"105":{"start":{"line":224,"column":12},"end":{"line":224,"column":72}},"106":{"start":{"line":231,"column":11},"end":{"line":239,"column":null}},"107":{"start":{"line":232,"column":23},"end":{"line":232,"column":25}},"108":{"start":{"line":233,"column":8},"end":{"line":236,"column":null}},"109":{"start":{"line":234,"column":24},"end":{"line":234,"column":37}},"110":{"start":{"line":235,"column":12},"end":{"line":235,"column":60}},"111":{"start":{"line":238,"column":8},"end":{"line":238,"column":22}},"112":{"start":{"line":244,"column":12},"end":{"line":247,"column":null}},"113":{"start":{"line":245,"column":8},"end":{"line":245,"column":29}},"114":{"start":{"line":246,"column":8},"end":{"line":246,"column":79}},"115":{"start":{"line":268,"column":12},"end":{"line":272,"column":null}},"116":{"start":{"line":269,"column":26},"end":{"line":269,"column":53}},"117":{"start":{"line":270,"column":26},"end":{"line":270,"column":52}},"118":{"start":{"line":271,"column":8},"end":{"line":271,"column":66}},"119":{"start":{"line":273,"column":0},"end":{"line":273,"column":null}},"120":{"start":{"line":43,"column":13},"end":{"line":43,"column":21}}},"fnMap":{"0":{"name":"(anonymous_6)","decl":{"start":{"line":5,"column":0},"end":{"line":5,"column":13}},"loc":{"start":{"line":5,"column":0},"end":{"line":41,"column":null}}},"1":{"name":"PondDocument","decl":{"start":{"line":11,"column":4},"end":{"line":11,"column":16}},"loc":{"start":{"line":11,"column":111},"end":{"line":16,"column":5}}},"2":{"name":"(anonymous_8)","decl":{"start":{"line":18,"column":4},"end":{"line":18,"column":8}},"loc":{"start":{"line":18,"column":4},"end":{"line":20,"column":5}}},"3":{"name":"(anonymous_9)","decl":{"start":{"line":22,"column":4},"end":{"line":22,"column":8}},"loc":{"start":{"line":22,"column":4},"end":{"line":24,"column":5}}},"4":{"name":"(anonymous_10)","decl":{"start":{"line":29,"column":4},"end":{"line":29,"column":13}},"loc":{"start":{"line":29,"column":4},"end":{"line":32,"column":5}}},"5":{"name":"(anonymous_11)","decl":{"start":{"line":38,"column":4},"end":{"line":38,"column":13}},"loc":{"start":{"line":38,"column":22},"end":{"line":40,"column":5}}},"6":{"name":"(anonymous_12)","decl":{"start":{"line":43,"column":0},"end":{"line":43,"column":13}},"loc":{"start":{"line":43,"column":0},"end":{"line":273,"column":null}}},"7":{"name":"PondBase","decl":{"start":{"line":47,"column":4},"end":{"line":47,"column":null}},"loc":{"start":{"line":47,"column":4},"end":{"line":50,"column":5}}},"8":{"name":"(anonymous_14)","decl":{"start":{"line":252,"column":22},"end":{"line":252,"column":null}},"loc":{"start":{"line":252,"column":22},"end":{"line":260,"column":5}}},"9":{"name":"(anonymous_15)","decl":{"start":{"line":55,"column":4},"end":{"line":55,"column":15}},"loc":{"start":{"line":55,"column":4},"end":{"line":57,"column":5}}},"10":{"name":"(anonymous_16)","decl":{"start":{"line":63,"column":4},"end":{"line":63,"column":11}},"loc":{"start":{"line":63,"column":26},"end":{"line":69,"column":5}}},"11":{"name":"(anonymous_17)","decl":{"start":{"line":75,"column":4},"end":{"line":75,"column":11}},"loc":{"start":{"line":75,"column":23},"end":{"line":80,"column":5}}},"12":{"name":"(anonymous_18)","decl":{"start":{"line":87,"column":4},"end":{"line":87,"column":11}},"loc":{"start":{"line":87,"column":39},"end":{"line":94,"column":5}}},"13":{"name":"(anonymous_19)","decl":{"start":{"line":100,"column":4},"end":{"line":100,"column":11}},"loc":{"start":{"line":100,"column":80},"end":{"line":107,"column":5}}},"14":{"name":"(anonymous_20)","decl":{"start":{"line":113,"column":4},"end":{"line":113,"column":11}},"loc":{"start":{"line":113,"column":34},"end":{"line":119,"column":5}}},"15":{"name":"(anonymous_21)","decl":{"start":{"line":124,"column":4},"end":{"line":124,"column":12}},"loc":{"start":{"line":124,"column":4},"end":{"line":128,"column":null}}},"16":{"name":"(anonymous_23)","decl":{"start":{"line":134,"column":4},"end":{"line":134,"column":11}},"loc":{"start":{"line":134,"column":43},"end":{"line":143,"column":5}}},"17":{"name":"(anonymous_24)","decl":{"start":{"line":149,"column":4},"end":{"line":149,"column":11}},"loc":{"start":{"line":149,"column":51},"end":{"line":157,"column":5}}},"18":{"name":"(anonymous_25)","decl":{"start":{"line":163,"column":4},"end":{"line":163,"column":11}},"loc":{"start":{"line":163,"column":37},"end":{"line":165,"column":5}}},"19":{"name":"(anonymous_26)","decl":{"start":{"line":164,"column":24},"end":{"line":164,"column":27}},"loc":{"start":{"line":164,"column":27},"end":{"line":164,"column":35}}},"20":{"name":"(anonymous_27)","decl":{"start":{"line":164,"column":53},"end":{"line":164,"column":56}},"loc":{"start":{"line":164,"column":56},"end":{"line":164,"column":63}}},"21":{"name":"(anonymous_28)","decl":{"start":{"line":172,"column":4},"end":{"line":172,"column":11}},"loc":{"start":{"line":172,"column":107},"end":{"line":180,"column":5}}},"22":{"name":"(anonymous_29)","decl":{"start":{"line":186,"column":4},"end":{"line":186,"column":11}},"loc":{"start":{"line":186,"column":42},"end":{"line":194,"column":5}}},"23":{"name":"(anonymous_30)","decl":{"start":{"line":200,"column":4},"end":{"line":200,"column":11}},"loc":{"start":{"line":200,"column":39},"end":{"line":202,"column":5}}},"24":{"name":"(anonymous_31)","decl":{"start":{"line":207,"column":4},"end":{"line":207,"column":11}},"loc":{"start":{"line":207,"column":4},"end":{"line":210,"column":5}}},"25":{"name":"(anonymous_32)","decl":{"start":{"line":209,"column":21},"end":{"line":209,"column":24}},"loc":{"start":{"line":209,"column":24},"end":{"line":209,"column":32}}},"26":{"name":"(anonymous_33)","decl":{"start":{"line":216,"column":4},"end":{"line":216,"column":11}},"loc":{"start":{"line":216,"column":92},"end":{"line":226,"column":5}}},"27":{"name":"(anonymous_34)","decl":{"start":{"line":217,"column":41},"end":{"line":217,"column":42}},"loc":{"start":{"line":217,"column":46},"end":{"line":225,"column":9}}},"28":{"name":"(anonymous_35)","decl":{"start":{"line":231,"column":4},"end":{"line":231,"column":11}},"loc":{"start":{"line":231,"column":4},"end":{"line":239,"column":5}}},"29":{"name":"(anonymous_36)","decl":{"start":{"line":244,"column":4},"end":{"line":244,"column":12}},"loc":{"start":{"line":244,"column":31},"end":{"line":247,"column":5}}},"30":{"name":"(anonymous_37)","decl":{"start":{"line":268,"column":4},"end":{"line":268,"column":12}},"loc":{"start":{"line":268,"column":62},"end":{"line":272,"column":5}}}},"branchMap":{"0":{"loc":{"start":{"line":65,"column":8},"end":{"line":66,"column":54}},"type":"if","locations":[{"start":{"line":65,"column":8},"end":{"line":66,"column":54}}]},"1":{"loc":{"start":{"line":88,"column":8},"end":{"line":93,"column":83}},"type":"if","locations":[{"start":{"line":88,"column":8},"end":{"line":93,"column":83}},{"start":{"line":93,"column":12},"end":{"line":93,"column":83}}]},"2":{"loc":{"start":{"line":138,"column":12},"end":{"line":139,"column":64}},"type":"if","locations":[{"start":{"line":138,"column":12},"end":{"line":139,"column":64}}]},"3":{"loc":{"start":{"line":152,"column":12},"end":{"line":153,"column":74}},"type":"if","locations":[{"start":{"line":152,"column":12},"end":{"line":153,"column":74}}]},"4":{"loc":{"start":{"line":189,"column":12},"end":{"line":190,"column":58}},"type":"if","locations":[{"start":{"line":189,"column":12},"end":{"line":190,"column":58}}]},"5":{"loc":{"start":{"line":220,"column":12},"end":{"line":222,"column":91}},"type":"if","locations":[{"start":{"line":220,"column":12},"end":{"line":222,"column":91}},{"start":{"line":222,"column":17},"end":{"line":222,"column":91}}]},"6":{"loc":{"start":{"line":222,"column":17},"end":{"line":222,"column":91}},"type":"if","locations":[{"start":{"line":222,"column":17},"end":{"line":222,"column":91}}]}},"s":{"0":7,"1":7,"2":7,"3":7,"4":470,"5":470,"6":470,"7":470,"8":7,"9":147,"10":7,"11":382,"12":7,"13":50,"14":50,"15":7,"16":49,"17":7,"18":7,"19":7,"20":134,"21":143,"22":143,"23":143,"24":143,"25":3003,"26":143,"27":134,"28":134,"29":7,"30":26,"31":7,"32":87,"33":87,"34":66,"35":21,"36":7,"37":124,"38":124,"39":124,"40":124,"41":7,"42":51,"43":50,"44":50,"45":50,"46":1,"47":7,"48":19,"49":19,"50":19,"51":19,"52":19,"53":19,"54":7,"55":1,"56":3,"57":1,"58":7,"59":51,"60":7,"61":24,"62":24,"63":11,"64":11,"65":8,"66":24,"67":7,"68":2,"69":2,"70":6,"71":1,"72":2,"73":7,"74":2,"75":2,"76":2,"77":2,"78":7,"79":1,"80":1,"81":3,"82":3,"83":1,"84":7,"85":53,"86":54,"87":54,"88":48,"89":5,"90":7,"91":19,"92":7,"93":1,"94":1,"95":1,"96":2,"97":7,"98":26,"99":26,"100":41,"101":41,"102":32,"103":9,"104":5,"105":41,"106":7,"107":89,"108":89,"109":119,"110":119,"111":89,"112":7,"113":51,"114":51,"115":7,"116":435,"117":435,"118":435,"119":7,"120":7},"f":{"0":7,"1":470,"2":147,"3":382,"4":50,"5":49,"6":7,"7":134,"8":143,"9":26,"10":87,"11":124,"12":51,"13":19,"14":1,"15":32,"16":24,"17":2,"18":2,"19":2,"20":2,"21":1,"22":53,"23":19,"24":1,"25":2,"26":26,"27":41,"28":89,"29":51,"30":435},"b":{"0":[66],"1":[50,1],"2":[8],"3":[1],"4":[48],"5":[32,9],"6":[5]}}
,"/Users/royossai/WebstormProjects/pond/socket/src/pondbase/pubSub.ts": {"path":"/Users/royossai/WebstormProjects/pond/socket/src/pondbase/pubSub.ts","statementMap":{"0":{"start":{"line":12,"column":0},"end":{"line":12,"column":13}},"1":{"start":{"line":13,"column":12},"end":{"line":13,"column":63}},"2":{"start":{"line":19,"column":11},"end":{"line":30,"column":null}},"3":{"start":{"line":19,"column":4},"end":{"line":19,"column":11}},"4":{"start":{"line":20,"column":8},"end":{"line":20,"column":39}},"5":{"start":{"line":22,"column":8},"end":{"line":29,"column":null}},"6":{"start":{"line":27,"column":16},"end":{"line":27,"column":50}},"7":{"start":{"line":36,"column":11},"end":{"line":49,"column":null}},"8":{"start":{"line":38,"column":8},"end":{"line":46,"column":null}},"9":{"start":{"line":38,"column":33},"end":{"line":38,"column":52}},"10":{"start":{"line":38,"column":50},"end":{"line":38,"column":52}},"11":{"start":{"line":38,"column":29},"end":{"line":38,"column":33}},"12":{"start":{"line":39,"column":12},"end":{"line":45,"column":null}},"13":{"start":{"line":40,"column":16},"end":{"line":40,"column":42}},"14":{"start":{"line":41,"column":16},"end":{"line":42,"column":26}},"15":{"start":{"line":42,"column":20},"end":{"line":42,"column":26}},"16":{"start":{"line":44,"column":16},"end":{"line":44,"column":24}},"17":{"start":{"line":48,"column":8},"end":{"line":48,"column":22}},"18":{"start":{"line":50,"column":0},"end":{"line":50,"column":null}},"19":{"start":{"line":12,"column":13},"end":{"line":12,"column":22}},"20":{"start":{"line":52,"column":0},"end":{"line":52,"column":50}},"21":{"start":{"line":52,"column":35},"end":{"line":52,"column":44}},"22":{"start":{"line":56,"column":8},"end":{"line":56,"column":null}},"23":{"start":{"line":57,"column":8},"end":{"line":57,"column":28}},"24":{"start":{"line":63,"column":4},"end":{"line":65,"column":null}},"25":{"start":{"line":64,"column":8},"end":{"line":64,"column":27}},"26":{"start":{"line":70,"column":11},"end":{"line":73,"column":null}},"27":{"start":{"line":71,"column":8},"end":{"line":71,"column":30}},"28":{"start":{"line":72,"column":8},"end":{"line":72,"column":40}},"29":{"start":{"line":78,"column":11},"end":{"line":83,"column":null}},"30":{"start":{"line":79,"column":8},"end":{"line":82,"column":null}},"31":{"start":{"line":80,"column":12},"end":{"line":80,"column":31}},"32":{"start":{"line":81,"column":12},"end":{"line":81,"column":39}},"33":{"start":{"line":84,"column":0},"end":{"line":84,"column":null}},"34":{"start":{"line":52,"column":13},"end":{"line":52,"column":20}},"35":{"start":{"line":86,"column":0},"end":{"line":86,"column":13}},"36":{"start":{"line":87,"column":12},"end":{"line":87,"column":83}},"37":{"start":{"line":95,"column":11},"end":{"line":111,"column":null}},"38":{"start":{"line":95,"column":4},"end":{"line":95,"column":11}},"39":{"start":{"line":96,"column":27},"end":{"line":99,"column":9}},"40":{"start":{"line":97,"column":12},"end":{"line":98,"column":47}},"41":{"start":{"line":98,"column":16},"end":{"line":98,"column":47}},"42":{"start":{"line":101,"column":8},"end":{"line":101,"column":42}},"43":{"start":{"line":103,"column":8},"end":{"line":110,"column":null}},"44":{"start":{"line":108,"column":16},"end":{"line":108,"column":53}},"45":{"start":{"line":118,"column":11},"end":{"line":126,"column":null}},"46":{"start":{"line":119,"column":8},"end":{"line":125,"column":null}},"47":{"start":{"line":119,"column":33},"end":{"line":119,"column":52}},"48":{"start":{"line":119,"column":50},"end":{"line":119,"column":52}},"49":{"start":{"line":119,"column":29},"end":{"line":119,"column":33}},"50":{"start":{"line":120,"column":12},"end":{"line":124,"column":null}},"51":{"start":{"line":121,"column":15},"end":{"line":121,"column":47}},"52":{"start":{"line":123,"column":16},"end":{"line":123,"column":24}},"53":{"start":{"line":132,"column":11},"end":{"line":147,"column":null}},"54":{"start":{"line":132,"column":4},"end":{"line":132,"column":11}},"55":{"start":{"line":133,"column":27},"end":{"line":135,"column":9}},"56":{"start":{"line":134,"column":12},"end":{"line":134,"column":43}},"57":{"start":{"line":137,"column":8},"end":{"line":137,"column":42}},"58":{"start":{"line":139,"column":8},"end":{"line":146,"column":null}},"59":{"start":{"line":144,"column":16},"end":{"line":144,"column":53}},"60":{"start":{"line":152,"column":11},"end":{"line":156,"column":null}},"61":{"start":{"line":153,"column":8},"end":{"line":153,"column":34}},"62":{"start":{"line":154,"column":8},"end":{"line":155,"column":31}},"63":{"start":{"line":155,"column":12},"end":{"line":155,"column":31}},"64":{"start":{"line":162,"column":11},"end":{"line":164,"column":null}},"65":{"start":{"line":163,"column":8},"end":{"line":163,"column":35}},"66":{"start":{"line":165,"column":0},"end":{"line":165,"column":null}},"67":{"start":{"line":86,"column":13},"end":{"line":86,"column":24}}},"fnMap":{"0":{"name":"(anonymous_8)","decl":{"start":{"line":12,"column":0},"end":{"line":12,"column":13}},"loc":{"start":{"line":12,"column":0},"end":{"line":50,"column":null}}},"1":{"name":"(anonymous_10)","decl":{"start":{"line":19,"column":4},"end":{"line":19,"column":11}},"loc":{"start":{"line":19,"column":54},"end":{"line":30,"column":5}}},"2":{"name":"(anonymous_11)","decl":{"start":{"line":26,"column":25},"end":{"line":26,"column":null}},"loc":{"start":{"line":26,"column":25},"end":{"line":28,"column":13}}},"3":{"name":"(anonymous_12)","decl":{"start":{"line":36,"column":4},"end":{"line":36,"column":11}},"loc":{"start":{"line":36,"column":26},"end":{"line":49,"column":5}}},"4":{"name":"(anonymous_13)","decl":{"start":{"line":52,"column":0},"end":{"line":52,"column":13}},"loc":{"start":{"line":52,"column":0},"end":{"line":84,"column":null}}},"5":{"name":"Subject","decl":{"start":{"line":55,"column":4},"end":{"line":55,"column":16}},"loc":{"start":{"line":55,"column":24},"end":{"line":58,"column":5}}},"6":{"name":"(anonymous_15)","decl":{"start":{"line":63,"column":4},"end":{"line":63,"column":8}},"loc":{"start":{"line":63,"column":4},"end":{"line":65,"column":5}}},"7":{"name":"(anonymous_16)","decl":{"start":{"line":70,"column":4},"end":{"line":70,"column":11}},"loc":{"start":{"line":70,"column":54},"end":{"line":73,"column":5}}},"8":{"name":"(anonymous_17)","decl":{"start":{"line":78,"column":4},"end":{"line":78,"column":11}},"loc":{"start":{"line":78,"column":26},"end":{"line":83,"column":5}}},"9":{"name":"(anonymous_18)","decl":{"start":{"line":86,"column":0},"end":{"line":86,"column":13}},"loc":{"start":{"line":86,"column":0},"end":{"line":165,"column":null}}},"10":{"name":"(anonymous_20)","decl":{"start":{"line":95,"column":4},"end":{"line":95,"column":11}},"loc":{"start":{"line":95,"column":69},"end":{"line":111,"column":5}}},"11":{"name":"(anonymous_21)","decl":{"start":{"line":96,"column":27},"end":{"line":96,"column":28}},"loc":{"start":{"line":96,"column":59},"end":{"line":99,"column":9}}},"12":{"name":"(anonymous_22)","decl":{"start":{"line":107,"column":25},"end":{"line":107,"column":null}},"loc":{"start":{"line":107,"column":25},"end":{"line":109,"column":13}}},"13":{"name":"(anonymous_23)","decl":{"start":{"line":118,"column":4},"end":{"line":118,"column":11}},"loc":{"start":{"line":118,"column":41},"end":{"line":126,"column":5}}},"14":{"name":"(anonymous_24)","decl":{"start":{"line":132,"column":4},"end":{"line":132,"column":11}},"loc":{"start":{"line":132,"column":58},"end":{"line":147,"column":5}}},"15":{"name":"(anonymous_25)","decl":{"start":{"line":133,"column":27},"end":{"line":133,"column":28}},"loc":{"start":{"line":133,"column":59},"end":{"line":135,"column":9}}},"16":{"name":"(anonymous_26)","decl":{"start":{"line":143,"column":25},"end":{"line":143,"column":null}},"loc":{"start":{"line":143,"column":25},"end":{"line":145,"column":13}}},"17":{"name":"(anonymous_27)","decl":{"start":{"line":152,"column":4},"end":{"line":152,"column":11}},"loc":{"start":{"line":152,"column":4},"end":{"line":156,"column":5}}},"18":{"name":"(anonymous_28)","decl":{"start":{"line":162,"column":4},"end":{"line":162,"column":11}},"loc":{"start":{"line":162,"column":41},"end":{"line":164,"column":5}}}},"branchMap":{"0":{"loc":{"start":{"line":41,"column":16},"end":{"line":42,"column":26}},"type":"if","locations":[{"start":{"line":41,"column":16},"end":{"line":42,"column":26}}]},"1":{"loc":{"start":{"line":56,"column":8},"end":{"line":56,"column":null}},"type":"binary-expr","locations":[{"start":{"line":56,"column":8},"end":{"line":56,"column":15}},{"start":{"line":56,"column":15},"end":{"line":56,"column":null}}]},"2":{"loc":{"start":{"line":79,"column":8},"end":{"line":82,"column":null}},"type":"if","locations":[{"start":{"line":79,"column":8},"end":{"line":82,"column":null}}]},"3":{"loc":{"start":{"line":97,"column":12},"end":{"line":98,"column":47}},"type":"if","locations":[{"start":{"line":97,"column":12},"end":{"line":98,"column":47}}]},"4":{"loc":{"start":{"line":154,"column":8},"end":{"line":155,"column":31}},"type":"if","locations":[{"start":{"line":154,"column":8},"end":{"line":155,"column":31}}]}},"s":{"0":8,"1":228,"2":8,"3":82,"4":82,"5":82,"6":37,"7":8,"8":368,"9":368,"10":368,"11":136,"12":136,"13":136,"14":135,"15":19,"16":1,"17":367,"18":8,"19":8,"20":8,"21":8,"22":8,"23":8,"24":8,"25":1,"26":8,"27":9,"28":8,"29":8,"30":5,"31":5,"32":5,"33":8,"34":8,"35":8,"36":13,"37":8,"38":13,"39":13,"40":20,"41":12,"42":13,"43":13,"44":1,"45":8,"46":21,"47":21,"48":21,"49":26,"50":26,"51":26,"52":1,"53":8,"54":5,"55":5,"56":6,"57":5,"58":5,"59":1,"60":8,"61":1,"62":1,"63":0,"64":8,"65":0,"66":8,"67":8},"f":{"0":236,"1":82,"2":37,"3":368,"4":8,"5":8,"6":1,"7":9,"8":5,"9":21,"10":13,"11":20,"12":1,"13":21,"14":5,"15":6,"16":1,"17":1,"18":0},"b":{"0":[19],"1":[8,8],"2":[5],"3":[12],"4":[0]}}
,"/Users/royossai/WebstormProjects/pond/socket/src/pondbase/simpleBase.ts": {"path":"/Users/royossai/WebstormProjects/pond/socket/src/pondbase/simpleBase.ts","statementMap":{"0":{"start":{"line":1,"column":0},"end":{"line":1,"column":40}},"1":{"start":{"line":7,"column":0},"end":{"line":7,"column":13}},"2":{"start":{"line":11,"column":8},"end":{"line":11,"column":22}},"3":{"start":{"line":17,"column":4},"end":{"line":19,"column":null}},"4":{"start":{"line":18,"column":8},"end":{"line":18,"column":44}},"5":{"start":{"line":25,"column":11},"end":{"line":31,"column":null}},"6":{"start":{"line":26,"column":20},"end":{"line":26,"column":33}},"7":{"start":{"line":27,"column":8},"end":{"line":28,"column":54}},"8":{"start":{"line":28,"column":12},"end":{"line":28,"column":54}},"9":{"start":{"line":30,"column":8},"end":{"line":30,"column":20}},"10":{"start":{"line":38,"column":11},"end":{"line":41,"column":null}},"11":{"start":{"line":39,"column":8},"end":{"line":39,"column":30}},"12":{"start":{"line":40,"column":8},"end":{"line":40,"column":52}},"13":{"start":{"line":43,"column":11},"end":{"line":50,"column":null}},"14":{"start":{"line":44,"column":20},"end":{"line":44,"column":33}},"15":{"start":{"line":45,"column":8},"end":{"line":49,"column":null}},"16":{"start":{"line":46,"column":12},"end":{"line":46,"column":23}},"17":{"start":{"line":48,"column":12},"end":{"line":48,"column":85}},"18":{"start":{"line":56,"column":11},"end":{"line":62,"column":null}},"19":{"start":{"line":57,"column":8},"end":{"line":59,"column":null}},"20":{"start":{"line":58,"column":12},"end":{"line":58,"column":42}},"21":{"start":{"line":61,"column":8},"end":{"line":61,"column":20}},"22":{"start":{"line":67,"column":12},"end":{"line":71,"column":null}},"23":{"start":{"line":69,"column":12},"end":{"line":69,"column":32}},"24":{"start":{"line":73,"column":11},"end":{"line":88,"column":null}},"25":{"start":{"line":74,"column":46},"end":{"line":74,"column":48}},"26":{"start":{"line":75,"column":27},"end":{"line":75,"column":67}},"27":{"start":{"line":76,"column":8},"end":{"line":85,"column":null}},"28":{"start":{"line":77,"column":12},"end":{"line":84,"column":null}},"29":{"start":{"line":78,"column":16},"end":{"line":83,"column":null}},"30":{"start":{"line":79,"column":20},"end":{"line":82,"column":23}},"31":{"start":{"line":87,"column":8},"end":{"line":87,"column":22}},"32":{"start":{"line":94,"column":11},"end":{"line":103,"column":null}},"33":{"start":{"line":95,"column":45},"end":{"line":95,"column":47}},"34":{"start":{"line":96,"column":8},"end":{"line":100,"column":null}},"35":{"start":{"line":97,"column":24},"end":{"line":97,"column":37}},"36":{"start":{"line":98,"column":12},"end":{"line":99,"column":64}},"37":{"start":{"line":99,"column":16},"end":{"line":99,"column":64}},"38":{"start":{"line":102,"column":8},"end":{"line":102,"column":22}},"39":{"start":{"line":110,"column":11},"end":{"line":118,"column":null}},"40":{"start":{"line":111,"column":20},"end":{"line":111,"column":21}},"41":{"start":{"line":112,"column":8},"end":{"line":115,"column":null}},"42":{"start":{"line":113,"column":12},"end":{"line":113,"column":71}},"43":{"start":{"line":114,"column":12},"end":{"line":114,"column":20}},"44":{"start":{"line":117,"column":8},"end":{"line":117,"column":28}},"45":{"start":{"line":124,"column":11},"end":{"line":132,"column":null}},"46":{"start":{"line":125,"column":8},"end":{"line":129,"column":null}},"47":{"start":{"line":126,"column":24},"end":{"line":126,"column":37}},"48":{"start":{"line":127,"column":12},"end":{"line":128,"column":58}},"49":{"start":{"line":128,"column":16},"end":{"line":128,"column":58}},"50":{"start":{"line":131,"column":8},"end":{"line":131,"column":20}},"51":{"start":{"line":138,"column":11},"end":{"line":140,"column":null}},"52":{"start":{"line":139,"column":8},"end":{"line":139,"column":51}},"53":{"start":{"line":145,"column":11},"end":{"line":148,"column":null}},"54":{"start":{"line":145,"column":4},"end":{"line":145,"column":11}},"55":{"start":{"line":146,"column":21},"end":{"line":146,"column":42}},"56":{"start":{"line":147,"column":8},"end":{"line":147,"column":47}},"57":{"start":{"line":147,"column":28},"end":{"line":147,"column":46}},"58":{"start":{"line":153,"column":11},"end":{"line":161,"column":null}},"59":{"start":{"line":154,"column":23},"end":{"line":154,"column":25}},"60":{"start":{"line":155,"column":8},"end":{"line":158,"column":null}},"61":{"start":{"line":156,"column":24},"end":{"line":156,"column":37}},"62":{"start":{"line":157,"column":12},"end":{"line":157,"column":60}},"63":{"start":{"line":160,"column":8},"end":{"line":160,"column":22}},"64":{"start":{"line":166,"column":12},"end":{"line":168,"column":null}},"65":{"start":{"line":167,"column":8},"end":{"line":167,"column":29}},"66":{"start":{"line":176,"column":12},"end":{"line":180,"column":null}},"67":{"start":{"line":177,"column":26},"end":{"line":177,"column":53}},"68":{"start":{"line":178,"column":26},"end":{"line":178,"column":49}},"69":{"start":{"line":179,"column":8},"end":{"line":179,"column":69}},"70":{"start":{"line":181,"column":0},"end":{"line":181,"column":null}},"71":{"start":{"line":7,"column":13},"end":{"line":7,"column":23}}},"fnMap":{"0":{"name":"(anonymous_8)","decl":{"start":{"line":7,"column":0},"end":{"line":7,"column":13}},"loc":{"start":{"line":7,"column":0},"end":{"line":181,"column":null}}},"1":{"name":"SimpleBase","decl":{"start":{"line":10,"column":4},"end":{"line":10,"column":null}},"loc":{"start":{"line":10,"column":4},"end":{"line":12,"column":5}}},"2":{"name":"(anonymous_10)","decl":{"start":{"line":17,"column":4},"end":{"line":17,"column":15}},"loc":{"start":{"line":17,"column":4},"end":{"line":19,"column":5}}},"3":{"name":"(anonymous_11)","decl":{"start":{"line":25,"column":4},"end":{"line":25,"column":11}},"loc":{"start":{"line":25,"column":26},"end":{"line":31,"column":5}}},"4":{"name":"(anonymous_12)","decl":{"start":{"line":38,"column":4},"end":{"line":38,"column":11}},"loc":{"start":{"line":38,"column":39},"end":{"line":41,"column":5}}},"5":{"name":"(anonymous_13)","decl":{"start":{"line":43,"column":4},"end":{"line":43,"column":11}},"loc":{"start":{"line":43,"column":78},"end":{"line":50,"column":5}}},"6":{"name":"(anonymous_14)","decl":{"start":{"line":56,"column":4},"end":{"line":56,"column":11}},"loc":{"start":{"line":56,"column":39},"end":{"line":62,"column":5}}},"7":{"name":"(anonymous_15)","decl":{"start":{"line":67,"column":4},"end":{"line":67,"column":12}},"loc":{"start":{"line":67,"column":4},"end":{"line":71,"column":null}}},"8":{"name":"(anonymous_17)","decl":{"start":{"line":73,"column":4},"end":{"line":73,"column":11}},"loc":{"start":{"line":73,"column":174},"end":{"line":88,"column":5}}},"9":{"name":"(anonymous_18)","decl":{"start":{"line":94,"column":4},"end":{"line":94,"column":11}},"loc":{"start":{"line":94,"column":46},"end":{"line":103,"column":5}}},"10":{"name":"(anonymous_19)","decl":{"start":{"line":110,"column":4},"end":{"line":110,"column":11}},"loc":{"start":{"line":110,"column":110},"end":{"line":118,"column":5}}},"11":{"name":"(anonymous_20)","decl":{"start":{"line":124,"column":4},"end":{"line":124,"column":11}},"loc":{"start":{"line":124,"column":45},"end":{"line":132,"column":5}}},"12":{"name":"(anonymous_21)","decl":{"start":{"line":138,"column":4},"end":{"line":138,"column":11}},"loc":{"start":{"line":138,"column":42},"end":{"line":140,"column":5}}},"13":{"name":"(anonymous_22)","decl":{"start":{"line":145,"column":4},"end":{"line":145,"column":11}},"loc":{"start":{"line":145,"column":4},"end":{"line":148,"column":5}}},"14":{"name":"(anonymous_23)","decl":{"start":{"line":147,"column":21},"end":{"line":147,"column":24}},"loc":{"start":{"line":147,"column":24},"end":{"line":147,"column":32}}},"15":{"name":"(anonymous_24)","decl":{"start":{"line":153,"column":4},"end":{"line":153,"column":11}},"loc":{"start":{"line":153,"column":4},"end":{"line":161,"column":5}}},"16":{"name":"(anonymous_25)","decl":{"start":{"line":166,"column":4},"end":{"line":166,"column":12}},"loc":{"start":{"line":166,"column":31},"end":{"line":168,"column":5}}},"17":{"name":"(anonymous_26)","decl":{"start":{"line":176,"column":4},"end":{"line":176,"column":12}},"loc":{"start":{"line":176,"column":65},"end":{"line":180,"column":5}}}},"branchMap":{"0":{"loc":{"start":{"line":27,"column":8},"end":{"line":28,"column":54}},"type":"if","locations":[{"start":{"line":27,"column":8},"end":{"line":28,"column":54}}]},"1":{"loc":{"start":{"line":45,"column":8},"end":{"line":49,"column":null}},"type":"if","locations":[{"start":{"line":45,"column":8},"end":{"line":49,"column":null}},{"start":{"line":47,"column":13},"end":{"line":49,"column":null}}]},"2":{"loc":{"start":{"line":78,"column":16},"end":{"line":83,"column":null}},"type":"if","locations":[{"start":{"line":78,"column":16},"end":{"line":83,"column":null}}]},"3":{"loc":{"start":{"line":98,"column":12},"end":{"line":99,"column":64}},"type":"if","locations":[{"start":{"line":98,"column":12},"end":{"line":99,"column":64}}]},"4":{"loc":{"start":{"line":127,"column":12},"end":{"line":128,"column":58}},"type":"if","locations":[{"start":{"line":127,"column":12},"end":{"line":128,"column":58}}]}},"s":{"0":6,"1":6,"2":16,"3":6,"4":4,"5":6,"6":5,"7":5,"8":4,"9":1,"10":6,"11":26,"12":26,"13":6,"14":2,"15":2,"16":1,"17":1,"18":6,"19":1,"20":1,"21":1,"22":6,"23":3,"24":6,"25":1,"26":1,"27":1,"28":3,"29":9,"30":3,"31":1,"32":6,"33":1,"34":1,"35":2,"36":2,"37":1,"38":1,"39":6,"40":1,"41":1,"42":2,"43":2,"44":1,"45":6,"46":2,"47":3,"48":3,"49":1,"50":1,"51":6,"52":1,"53":6,"54":1,"55":1,"56":1,"57":2,"58":6,"59":1,"60":1,"61":2,"62":2,"63":1,"64":6,"65":3,"66":6,"67":35,"68":35,"69":35,"70":6,"71":6},"f":{"0":6,"1":16,"2":4,"3":5,"4":26,"5":2,"6":1,"7":1,"8":1,"9":1,"10":1,"11":2,"12":1,"13":1,"14":2,"15":1,"16":3,"17":35},"b":{"0":[4],"1":[1,1],"2":[3],"3":[1],"4":[1]}}
,"/Users/royossai/WebstormProjects/pond/socket/src/pondsocket/channel.ts": {"path":"/Users/royossai/WebstormProjects/pond/socket/src/pondsocket/channel.ts","statementMap":{"0":{"start":{"line":1,"column":0},"end":{"line":1,"column":null}},"1":{"start":{"line":7,"column":0},"end":{"line":7,"column":51}},"2":{"start":{"line":28,"column":0},"end":{"line":28,"column":null}},"3":{"start":{"line":28,"column":29},"end":{"line":28,"column":38}},"4":{"start":{"line":38,"column":8},"end":{"line":38,"column":null}},"5":{"start":{"line":39,"column":8},"end":{"line":39,"column":25}},"6":{"start":{"line":40,"column":8},"end":{"line":40,"column":47}},"7":{"start":{"line":41,"column":8},"end":{"line":41,"column":34}},"8":{"start":{"line":42,"column":8},"end":{"line":42,"column":31}},"9":{"start":{"line":43,"column":8},"end":{"line":43,"column":42}},"10":{"start":{"line":44,"column":8},"end":{"line":44,"column":43}},"11":{"start":{"line":45,"column":8},"end":{"line":45,"column":41}},"12":{"start":{"line":51,"column":4},"end":{"line":57,"column":null}},"13":{"start":{"line":52,"column":21},"end":{"line":54,"column":null}},"14":{"start":{"line":56,"column":8},"end":{"line":56,"column":35}},"15":{"start":{"line":62,"column":4},"end":{"line":65,"column":null}},"16":{"start":{"line":63,"column":20},"end":{"line":63,"column":45}},"17":{"start":{"line":64,"column":8},"end":{"line":64,"column":37}},"18":{"start":{"line":72,"column":8},"end":{"line":72,"column":60}},"19":{"start":{"line":78,"column":4},"end":{"line":81,"column":null}},"20":{"start":{"line":79,"column":8},"end":{"line":80,"column":43}},"21":{"start":{"line":80,"column":29},"end":{"line":80,"column":42}},"22":{"start":{"line":86,"column":4},"end":{"line":94,"column":null}},"23":{"start":{"line":86,"column":4},"end":{"line":86,"column":15}},"24":{"start":{"line":87,"column":53},"end":{"line":87,"column":55}},"25":{"start":{"line":88,"column":8},"end":{"line":91,"column":null}},"26":{"start":{"line":89,"column":42},"end":{"line":89,"column":72}},"27":{"start":{"line":89,"column":29},"end":{"line":89,"column":34}},"28":{"start":{"line":89,"column":38},"end":{"line":89,"column":42}},"29":{"start":{"line":90,"column":12},"end":{"line":90,"column":37}},"30":{"start":{"line":93,"column":8},"end":{"line":93,"column":23}},"31":{"start":{"line":100,"column":11},"end":{"line":102,"column":null}},"32":{"start":{"line":101,"column":8},"end":{"line":101,"column":48}},"33":{"start":{"line":108,"column":11},"end":{"line":130,"column":null}},"34":{"start":{"line":109,"column":25},"end":{"line":109,"column":45}},"35":{"start":{"line":110,"column":8},"end":{"line":112,"column":null}},"36":{"start":{"line":111,"column":12},"end":{"line":111,"column":82}},"37":{"start":{"line":114,"column":20},"end":{"line":114,"column":79}},"38":{"start":{"line":115,"column":8},"end":{"line":115,"column":79}},"39":{"start":{"line":116,"column":8},"end":{"line":116,"column":72}},"40":{"start":{"line":118,"column":8},"end":{"line":129,"column":11}},"41":{"start":{"line":136,"column":11},"end":{"line":142,"column":null}},"42":{"start":{"line":137,"column":23},"end":{"line":137,"column":51}},"43":{"start":{"line":138,"column":8},"end":{"line":138,"column":33}},"44":{"start":{"line":138,"column":21},"end":{"line":138,"column":33}},"45":{"start":{"line":139,"column":8},"end":{"line":141,"column":null}},"46":{"start":{"line":148,"column":11},"end":{"line":186,"column":null}},"47":{"start":{"line":148,"column":4},"end":{"line":148,"column":11}},"48":{"start":{"line":149,"column":24},"end":{"line":149,"column":74}},"49":{"start":{"line":151,"column":8},"end":{"line":170,"column":11}},"50":{"start":{"line":152,"column":27},"end":{"line":152,"column":55}},"51":{"start":{"line":153,"column":12},"end":{"line":169,"column":null}},"52":{"start":{"line":154,"column":16},"end":{"line":154,"column":44}},"53":{"start":{"line":155,"column":16},"end":{"line":155,"column":54}},"54":{"start":{"line":157,"column":16},"end":{"line":168,"column":null}},"55":{"start":{"line":172,"column":8},"end":{"line":185,"column":null}},"56":{"start":{"line":173,"column":12},"end":{"line":182,"column":15}},"57":{"start":{"line":184,"column":12},"end":{"line":184,"column":33}},"58":{"start":{"line":194,"column":11},"end":{"line":213,"column":null}},"59":{"start":{"line":194,"column":58},"end":{"line":194,"column":null}},"60":{"start":{"line":195,"column":23},"end":{"line":195,"column":49}},"61":{"start":{"line":197,"column":8},"end":{"line":197,"column":130}},"62":{"start":{"line":197,"column":76},"end":{"line":197,"column":130}},"63":{"start":{"line":199,"column":42},"end":{"line":201,"column":null}},"64":{"start":{"line":203,"column":22},"end":{"line":208,"column":null}},"65":{"start":{"line":211,"column":8},"end":{"line":211,"column":52}},"66":{"start":{"line":211,"column":40},"end":{"line":211,"column":52}},"67":{"start":{"line":212,"column":8},"end":{"line":212,"column":75}},"68":{"start":{"line":221,"column":11},"end":{"line":242,"column":null}},"69":{"start":{"line":222,"column":23},"end":{"line":222,"column":51}},"70":{"start":{"line":223,"column":8},"end":{"line":223,"column":77}},"71":{"start":{"line":223,"column":21},"end":{"line":223,"column":77}},"72":{"start":{"line":225,"column":42},"end":{"line":227,"column":null}},"73":{"start":{"line":229,"column":22},"end":{"line":234,"column":null}},"74":{"start":{"line":237,"column":8},"end":{"line":237,"column":52}},"75":{"start":{"line":237,"column":40},"end":{"line":237,"column":52}},"76":{"start":{"line":238,"column":26},"end":{"line":239,"column":42}},"77":{"start":{"line":239,"column":26},"end":{"line":239,"column":42}},"78":{"start":{"line":241,"column":8},"end":{"line":241,"column":51}},"79":{"start":{"line":251,"column":11},"end":{"line":274,"column":null}},"80":{"start":{"line":251,"column":4},"end":{"line":251,"column":11}},"81":{"start":{"line":252,"column":23},"end":{"line":252,"column":49}},"82":{"start":{"line":253,"column":8},"end":{"line":253,"column":130}},"83":{"start":{"line":253,"column":76},"end":{"line":253,"column":130}},"84":{"start":{"line":255,"column":26},"end":{"line":255,"column":73}},"85":{"start":{"line":256,"column":25},"end":{"line":256,"column":74}},"86":{"start":{"line":256,"column":48},"end":{"line":256,"column":74}},"87":{"start":{"line":258,"column":8},"end":{"line":258,"column":92}},"88":{"start":{"line":258,"column":33},"end":{"line":258,"column":92}},"89":{"start":{"line":260,"column":42},"end":{"line":262,"column":null}},"90":{"start":{"line":264,"column":22},"end":{"line":269,"column":null}},"91":{"start":{"line":272,"column":8},"end":{"line":272,"column":52}},"92":{"start":{"line":272,"column":40},"end":{"line":272,"column":52}},"93":{"start":{"line":273,"column":8},"end":{"line":273,"column":51}},"94":{"start":{"line":279,"column":11},"end":{"line":281,"column":null}},"95":{"start":{"line":280,"column":8},"end":{"line":280,"column":51}},"96":{"start":{"line":289,"column":11},"end":{"line":314,"column":null}},"97":{"start":{"line":290,"column":23},"end":{"line":290,"column":51}},"98":{"start":{"line":291,"column":8},"end":{"line":313,"column":null}},"99":{"start":{"line":292,"column":12},"end":{"line":294,"column":14}},"100":{"start":{"line":296,"column":29},"end":{"line":296,"column":83}},"101":{"start":{"line":297,"column":12},"end":{"line":311,"column":null}},"102":{"start":{"line":298,"column":16},"end":{"line":298,"column":55}},"103":{"start":{"line":299,"column":16},"end":{"line":310,"column":19}},"104":{"start":{"line":321,"column":11},"end":{"line":342,"column":null}},"105":{"start":{"line":321,"column":4},"end":{"line":321,"column":11}},"106":{"start":{"line":322,"column":21},"end":{"line":324,"column":10}},"107":{"start":{"line":322,"column":55},"end":{"line":322,"column":57}},"108":{"start":{"line":322,"column":64},"end":{"line":322,"column":65}},"109":{"start":{"line":323,"column":12},"end":{"line":323,"column":62}},"110":{"start":{"line":323,"column":44},"end":{"line":323,"column":62}},"111":{"start":{"line":326,"column":21},"end":{"line":334,"column":10}},"112":{"start":{"line":327,"column":43},"end":{"line":332,"column":null}},"113":{"start":{"line":333,"column":12},"end":{"line":333,"column":30}},"114":{"start":{"line":336,"column":8},"end":{"line":341,"column":null}},"115":{"start":{"line":338,"column":16},"end":{"line":338,"column":35}},"116":{"start":{"line":339,"column":16},"end":{"line":339,"column":35}},"117":{"start":{"line":350,"column":12},"end":{"line":352,"column":null}},"118":{"start":{"line":351,"column":8},"end":{"line":351,"column":51}},"119":{"start":{"line":359,"column":12},"end":{"line":370,"column":null}},"120":{"start":{"line":360,"column":21},"end":{"line":360,"column":51}},"121":{"start":{"line":361,"column":25},"end":{"line":361,"column":74}},"122":{"start":{"line":362,"column":8},"end":{"line":367,"column":null}},"123":{"start":{"line":363,"column":45},"end":{"line":363,"column":50}},"124":{"start":{"line":363,"column":41},"end":{"line":363,"column":45}},"125":{"start":{"line":364,"column":12},"end":{"line":366,"column":null}},"126":{"start":{"line":369,"column":8},"end":{"line":369,"column":20}},"127":{"start":{"line":371,"column":0},"end":{"line":371,"column":null}},"128":{"start":{"line":28,"column":13},"end":{"line":28,"column":20}}},"fnMap":{"0":{"name":"(anonymous_9)","decl":{"start":{"line":28,"column":0},"end":{"line":28,"column":13}},"loc":{"start":{"line":28,"column":0},"end":{"line":371,"column":null}}},"1":{"name":"Channel","decl":{"start":{"line":37,"column":4},"end":{"line":37,"column":16}},"loc":{"start":{"line":37,"column":55},"end":{"line":46,"column":5}}},"2":{"name":"(anonymous_11)","decl":{"start":{"line":51,"column":4},"end":{"line":51,"column":15}},"loc":{"start":{"line":51,"column":4},"end":{"line":57,"column":5}}},"3":{"name":"(anonymous_12)","decl":{"start":{"line":62,"column":4},"end":{"line":62,"column":15}},"loc":{"start":{"line":62,"column":4},"end":{"line":65,"column":5}}},"4":{"name":"(anonymous_13)","decl":{"start":{"line":71,"column":4},"end":{"line":71,"column":20}},"loc":{"start":{"line":71,"column":41},"end":{"line":73,"column":5}}},"5":{"name":"(anonymous_14)","decl":{"start":{"line":78,"column":4},"end":{"line":78,"column":15}},"loc":{"start":{"line":78,"column":4},"end":{"line":81,"column":5}}},"6":{"name":"(anonymous_15)","decl":{"start":{"line":80,"column":17},"end":{"line":80,"column":25}},"loc":{"start":{"line":80,"column":25},"end":{"line":80,"column":37}}},"7":{"name":"(anonymous_16)","decl":{"start":{"line":86,"column":4},"end":{"line":86,"column":15}},"loc":{"start":{"line":86,"column":4},"end":{"line":94,"column":5}}},"8":{"name":"(anonymous_17)","decl":{"start":{"line":88,"column":50},"end":{"line":88,"column":58}},"loc":{"start":{"line":88,"column":58},"end":{"line":91,"column":9}}},"9":{"name":"(anonymous_18)","decl":{"start":{"line":100,"column":4},"end":{"line":100,"column":11}},"loc":{"start":{"line":100,"column":35},"end":{"line":102,"column":5}}},"10":{"name":"(anonymous_19)","decl":{"start":{"line":108,"column":4},"end":{"line":108,"column":11}},"loc":{"start":{"line":108,"column":32},"end":{"line":130,"column":5}}},"11":{"name":"(anonymous_20)","decl":{"start":{"line":136,"column":4},"end":{"line":136,"column":11}},"loc":{"start":{"line":136,"column":39},"end":{"line":142,"column":5}}},"12":{"name":"(anonymous_21)","decl":{"start":{"line":148,"column":4},"end":{"line":148,"column":11}},"loc":{"start":{"line":148,"column":50},"end":{"line":186,"column":5}}},"13":{"name":"(anonymous_22)","decl":{"start":{"line":151,"column":24},"end":{"line":151,"column":32}},"loc":{"start":{"line":151,"column":32},"end":{"line":170,"column":9}}},"14":{"name":"(anonymous_23)","decl":{"start":{"line":194,"column":4},"end":{"line":194,"column":11}},"loc":{"start":{"line":194,"column":113},"end":{"line":213,"column":5}}},"15":{"name":"(anonymous_24)","decl":{"start":{"line":221,"column":4},"end":{"line":221,"column":11}},"loc":{"start":{"line":221,"column":78},"end":{"line":242,"column":5}}},"16":{"name":"(anonymous_25)","decl":{"start":{"line":239,"column":20},"end":{"line":239,"column":22}},"loc":{"start":{"line":239,"column":22},"end":{"line":239,"column":28}}},"17":{"name":"(anonymous_26)","decl":{"start":{"line":251,"column":4},"end":{"line":251,"column":11}},"loc":{"start":{"line":251,"column":98},"end":{"line":274,"column":5}}},"18":{"name":"(anonymous_27)","decl":{"start":{"line":256,"column":42},"end":{"line":256,"column":44}},"loc":{"start":{"line":256,"column":44},"end":{"line":256,"column":49}}},"19":{"name":"(anonymous_28)","decl":{"start":{"line":279,"column":4},"end":{"line":279,"column":11}},"loc":{"start":{"line":279,"column":132},"end":{"line":281,"column":5}}},"20":{"name":"(anonymous_29)","decl":{"start":{"line":289,"column":4},"end":{"line":289,"column":11}},"loc":{"start":{"line":289,"column":84},"end":{"line":314,"column":5}}},"21":{"name":"(anonymous_30)","decl":{"start":{"line":321,"column":4},"end":{"line":321,"column":11}},"loc":{"start":{"line":321,"column":91},"end":{"line":342,"column":5}}},"22":{"name":"(anonymous_31)","decl":{"start":{"line":322,"column":46},"end":{"line":322,"column":47}},"loc":{"start":{"line":322,"column":65},"end":{"line":324,"column":9}}},"23":{"name":"(anonymous_32)","decl":{"start":{"line":326,"column":53},"end":{"line":326,"column":54}},"loc":{"start":{"line":326,"column":74},"end":{"line":334,"column":9}}},"24":{"name":"(anonymous_33)","decl":{"start":{"line":337,"column":25},"end":{"line":337,"column":null}},"loc":{"start":{"line":337,"column":25},"end":{"line":340,"column":13}}},"25":{"name":"(anonymous_34)","decl":{"start":{"line":350,"column":4},"end":{"line":350,"column":12}},"loc":{"start":{"line":350,"column":68},"end":{"line":352,"column":5}}},"26":{"name":"(anonymous_35)","decl":{"start":{"line":359,"column":4},"end":{"line":359,"column":12}},"loc":{"start":{"line":359,"column":42},"end":{"line":370,"column":5}}}},"branchMap":{"0":{"loc":{"start":{"line":38,"column":8},"end":{"line":38,"column":null}},"type":"binary-expr","locations":[{"start":{"line":38,"column":8},"end":{"line":38,"column":15}},{"start":{"line":38,"column":15},"end":{"line":38,"column":null}}]},"1":{"loc":{"start":{"line":110,"column":8},"end":{"line":112,"column":null}},"type":"if","locations":[{"start":{"line":110,"column":8},"end":{"line":112,"column":null}}]},"2":{"loc":{"start":{"line":138,"column":8},"end":{"line":138,"column":33}},"type":"if","locations":[{"start":{"line":138,"column":8},"end":{"line":138,"column":33}}]},"3":{"loc":{"start":{"line":149,"column":24},"end":{"line":149,"column":74}},"type":"cond-expr","locations":[{"start":{"line":149,"column":51},"end":{"line":149,"column":60}},{"start":{"line":149,"column":63},"end":{"line":149,"column":74}}]},"4":{"loc":{"start":{"line":153,"column":12},"end":{"line":169,"column":null}},"type":"if","locations":[{"start":{"line":153,"column":12},"end":{"line":169,"column":null}}]},"5":{"loc":{"start":{"line":172,"column":8},"end":{"line":185,"column":null}},"type":"if","locations":[{"start":{"line":172,"column":8},"end":{"line":185,"column":null}}]},"6":{"loc":{"start":{"line":194,"column":58},"end":{"line":194,"column":null}},"type":"if","locations":[{"start":{"line":194,"column":58},"end":{"line":194,"column":null}}]},"7":{"loc":{"start":{"line":197,"column":8},"end":{"line":197,"column":130}},"type":"if","locations":[{"start":{"line":197,"column":8},"end":{"line":197,"column":130}}]},"8":{"loc":{"start":{"line":197,"column":12},"end":{"line":197,"column":74}},"type":"binary-expr","locations":[{"start":{"line":197,"column":12},"end":{"line":197,"column":19}},{"start":{"line":197,"column":23},"end":{"line":197,"column":74}}]},"9":{"loc":{"start":{"line":207,"column":27},"end":{"line":207,"column":55}},"type":"cond-expr","locations":[{"start":{"line":207,"column":36},"end":{"line":207,"column":50}},{"start":{"line":207,"column":53},"end":{"line":207,"column":55}}]},"10":{"loc":{"start":{"line":208,"column":28},"end":{"line":208,"column":61}},"type":"cond-expr","locations":[{"start":{"line":208,"column":37},"end":{"line":208,"column":56}},{"start":{"line":208,"column":59},"end":{"line":208,"column":61}}]},"11":{"loc":{"start":{"line":211,"column":8},"end":{"line":211,"column":52}},"type":"if","locations":[{"start":{"line":211,"column":8},"end":{"line":211,"column":52}}]},"12":{"loc":{"start":{"line":223,"column":8},"end":{"line":223,"column":77}},"type":"if","locations":[{"start":{"line":223,"column":8},"end":{"line":223,"column":77}}]},"13":{"loc":{"start":{"line":237,"column":8},"end":{"line":237,"column":52}},"type":"if","locations":[{"start":{"line":237,"column":8},"end":{"line":237,"column":52}}]},"14":{"loc":{"start":{"line":253,"column":8},"end":{"line":253,"column":130}},"type":"if","locations":[{"start":{"line":253,"column":8},"end":{"line":253,"column":130}}]},"15":{"loc":{"start":{"line":253,"column":12},"end":{"line":253,"column":74}},"type":"binary-expr","locations":[{"start":{"line":253,"column":12},"end":{"line":253,"column":19}},{"start":{"line":253,"column":23},"end":{"line":253,"column":74}}]},"16":{"loc":{"start":{"line":255,"column":26},"end":{"line":255,"column":73}},"type":"cond-expr","locations":[{"start":{"line":255,"column":52},"end":{"line":255,"column":60}},{"start":{"line":255,"column":63},"end":{"line":255,"column":73}}]},"17":{"loc":{"start":{"line":258,"column":8},"end":{"line":258,"column":92}},"type":"if","locations":[{"start":{"line":258,"column":8},"end":{"line":258,"column":92}}]},"18":{"loc":{"start":{"line":268,"column":27},"end":{"line":268,"column":48}},"type":"binary-expr","locations":[{"start":{"line":268,"column":27},"end":{"line":268,"column":42}},{"start":{"line":268,"column":46},"end":{"line":268,"column":48}}]},"19":{"loc":{"start":{"line":268,"column":27},"end":{"line":268,"column":42}},"type":"cond-expr","locations":[{"start":{"line":268,"column":33},"end":{"line":268,"column":35}},{"start":{"line":268,"column":27},"end":{"line":268,"column":42}}]},"20":{"loc":{"start":{"line":268,"column":27},"end":{"line":268,"column":35}},"type":"binary-expr","locations":[{"start":{"line":268,"column":27},"end":{"line":268,"column":35}},{"start":{"line":268,"column":27},"end":{"line":268,"column":35}}]},"21":{"loc":{"start":{"line":269,"column":28},"end":{"line":269,"column":54}},"type":"binary-expr","locations":[{"start":{"line":269,"column":28},"end":{"line":269,"column":48}},{"start":{"line":269,"column":52},"end":{"line":269,"column":54}}]},"22":{"loc":{"start":{"line":269,"column":28},"end":{"line":269,"column":48}},"type":"cond-expr","locations":[{"start":{"line":269,"column":34},"end":{"line":269,"column":36}},{"start":{"line":269,"column":28},"end":{"line":269,"column":48}}]},"23":{"loc":{"start":{"line":269,"column":28},"end":{"line":269,"column":36}},"type":"binary-expr","locations":[{"start":{"line":269,"column":28},"end":{"line":269,"column":36}},{"start":{"line":269,"column":28},"end":{"line":269,"column":36}}]},"24":{"loc":{"start":{"line":272,"column":8},"end":{"line":272,"column":52}},"type":"if","locations":[{"start":{"line":272,"column":8},"end":{"line":272,"column":52}}]},"25":{"loc":{"start":{"line":291,"column":8},"end":{"line":313,"column":null}},"type":"if","locations":[{"start":{"line":291,"column":8},"end":{"line":313,"column":null}}]},"26":{"loc":{"start":{"line":297,"column":12},"end":{"line":311,"column":null}},"type":"if","locations":[{"start":{"line":297,"column":12},"end":{"line":311,"column":null}}]},"27":{"loc":{"start":{"line":323,"column":12},"end":{"line":323,"column":62}},"type":"if","locations":[{"start":{"line":323,"column":12},"end":{"line":323,"column":62}}]},"28":{"loc":{"start":{"line":361,"column":51},"end":{"line":361,"column":73}},"type":"binary-expr","locations":[{"start":{"line":361,"column":51},"end":{"line":361,"column":67}},{"start":{"line":361,"column":71},"end":{"line":361,"column":73}}]},"29":{"loc":{"start":{"line":361,"column":51},"end":{"line":361,"column":67}},"type":"cond-expr","locations":[{"start":{"line":361,"column":55},"end":{"line":361,"column":57}},{"start":{"line":361,"column":51},"end":{"line":361,"column":67}}]},"30":{"loc":{"start":{"line":361,"column":51},"end":{"line":361,"column":57}},"type":"binary-expr","locations":[{"start":{"line":361,"column":51},"end":{"line":361,"column":57}},{"start":{"line":361,"column":51},"end":{"line":361,"column":57}}]},"31":{"loc":{"start":{"line":362,"column":8},"end":{"line":367,"column":null
[...]
},"end":{"line":299,"column":null}}]},"24":{"loc":{"start":{"line":292,"column":24},"end":{"line":292,"column":94}},"type":"if","locations":[{"start":{"line":292,"column":24},"end":{"line":292,"column":94}}]},"25":{"loc":{"start":{"line":294,"column":24},"end":{"line":298,"column":null}},"type":"if","locations":[{"start":{"line":294,"column":24},"end":{"line":298,"column":null}}]},"26":{"loc":{"start":{"line":297,"column":28},"end":{"line":297,"column":166}},"type":"if","locations":[{"start":{"line":297,"column":28},"end":{"line":297,"column":166}}]},"27":{"loc":{"start":{"line":306,"column":19},"end":{"line":306,"column":38}},"type":"binary-expr","locations":[{"start":{"line":306,"column":19},"end":{"line":306,"column":28}},{"start":{"line":306,"column":32},"end":{"line":306,"column":38}}]}},"s":{"0":3,"1":3,"2":3,"3":3,"4":3,"5":3,"6":15,"7":15,"8":15,"9":15,"10":15,"11":15,"12":3,"13":10,"14":9,"15":3,"16":43,"17":3,"18":6,"19":6,"20":3,"21":21,"22":21,"23":21,"24":21,"25":6,"26":21,"27":21,"28":1,"29":25,"30":15,"31":15,"32":20,"33":20,"34":20,"35":19,"36":2,"37":17,"38":17,"39":17,"40":17,"41":17,"42":17,"43":43,"44":17,"45":17,"46":17,"47":1,"48":17,"49":20,"50":40,"51":3,"52":1,"53":1,"54":3,"55":1,"56":1,"57":1,"58":1,"59":3,"60":2,"61":2,"62":3,"63":12,"64":10,"65":3,"66":2,"67":2,"68":2,"69":3,"70":31,"71":3,"72":2,"73":1,"74":2,"75":1,"76":1,"77":1,"78":3,"79":16,"80":8,"81":8,"82":8,"83":8,"84":8,"85":8,"86":7,"87":7,"88":7,"89":3,"90":18,"91":16,"92":18,"93":16,"94":2,"95":3,"96":16,"97":16,"98":16,"99":6,"100":16,"101":3,"102":2,"103":2,"104":2,"105":4,"106":4,"107":4,"108":4,"109":4,"110":4,"111":4,"112":3,"113":6,"114":6,"115":28,"116":28,"117":28,"118":15,"119":15,"120":15,"121":13,"122":13,"123":13,"124":13,"125":13,"126":3,"127":10,"128":2,"129":10,"130":4,"131":4,"132":1,"133":15,"134":15,"135":28,"136":3,"137":3},"f":{"0":3,"1":15,"2":10,"3":9,"4":43,"5":6,"6":21,"7":21,"8":21,"9":6,"10":19,"11":43,"12":1,"13":1,"14":1,"15":1,"16":2,"17":2,"18":12,"19":10,"20":2,"21":2,"22":31,"23":2,"24":1,"25":16,"26":8,"27":18,"28":16,"29":16,"30":16,"31":6,"32":2,"33":4,"34":4,"35":6,"36":28,"37":13},"b":{"0":[15,15],"1":[16,5],"2":[21,21],"3":[1],"4":[5],"5":[2],"6":[17,17],"7":[1],"8":[2,1],"9":[2,1],"10":[1,1],"11":[31,3],"12":[3,28],"13":[31,28],"14":[1],"15":[8],"16":[7],"17":[18,2],"18":[16],"19":[1,1],"20":[4],"21":[4],"22":[15],"23":[3,10],"24":[2],"25":[4],"26":[1],"27":[28,25]}}
,"/Users/royossai/WebstormProjects/pond/socket/src/pondsocket/pondResponse.ts": {"path":"/Users/royossai/WebstormProjects/pond/socket/src/pondsocket/pondResponse.ts","statementMap":{"0":{"start":{"line":1,"column":0},"end":{"line":1,"column":71}},"1":{"start":{"line":4,"column":0},"end":{"line":4,"column":13}},"2":{"start":{"line":16,"column":8},"end":{"line":16,"column":null}},"3":{"start":{"line":18,"column":8},"end":{"line":18,"column":31}},"4":{"start":{"line":19,"column":8},"end":{"line":19,"column":26}},"5":{"start":{"line":20,"column":8},"end":{"line":20,"column":33}},"6":{"start":{"line":21,"column":8},"end":{"line":21,"column":32}},"7":{"start":{"line":22,"column":8},"end":{"line":22,"column":36}},"8":{"start":{"line":31,"column":11},"end":{"line":38,"column":null}},"9":{"start":{"line":32,"column":8},"end":{"line":35,"column":null}},"10":{"start":{"line":37,"column":8},"end":{"line":37,"column":38}},"11":{"start":{"line":44,"column":11},"end":{"line":46,"column":null}},"12":{"start":{"line":45,"column":8},"end":{"line":45,"column":38}},"13":{"start":{"line":53,"column":11},"end":{"line":62,"column":null}},"14":{"start":{"line":54,"column":8},"end":{"line":54,"column":88}},"15":{"start":{"line":55,"column":8},"end":{"line":55,"column":37}},"16":{"start":{"line":56,"column":8},"end":{"line":59,"column":null}},"17":{"start":{"line":61,"column":8},"end":{"line":61,"column":33}},"18":{"start":{"line":69,"column":12},"end":{"line":81,"column":null}},"19":{"start":{"line":70,"column":8},"end":{"line":80,"column":83}},"20":{"start":{"line":71,"column":12},"end":{"line":71,"column":34}},"21":{"start":{"line":72,"column":46},"end":{"line":76,"column":14}},"22":{"start":{"line":77,"column":12},"end":{"line":77,"column":32}},"23":{"start":{"line":80,"column":12},"end":{"line":80,"column":83}},"24":{"start":{"line":88,"column":12},"end":{"line":103,"column":null}},"25":{"start":{"line":89,"column":8},"end":{"line":90,"column":33}},"26":{"start":{"line":90,"column":12},"end":{"line":90,"column":33}},"27":{"start":{"line":92,"column":29},"end":{"line":92,"column":56}},"28":{"start":{"line":93,"column":27},"end":{"line":93,"column":63}},"29":{"start":{"line":94,"column":22},"end":{"line":94,"column":75}},"30":{"start":{"line":95,"column":25},"end":{"line":95,"column":84}},"31":{"start":{"line":96,"column":21},"end":{"line":96,"column":72}},"32":{"start":{"line":98,"column":8},"end":{"line":102,"column":29}},"33":{"start":{"line":104,"column":0},"end":{"line":104,"column":null}},"34":{"start":{"line":4,"column":13},"end":{"line":4,"column":25}}},"fnMap":{"0":{"name":"(anonymous_2)","decl":{"start":{"line":4,"column":0},"end":{"line":4,"column":13}},"loc":{"start":{"line":4,"column":0},"end":{"line":104,"column":null}}},"1":{"name":"PondResponse","decl":{"start":{"line":13,"column":4},"end":{"line":13,"column":null}},"loc":{"start":{"line":16,"column":33},"end":{"line":23,"column":5}}},"2":{"name":"(anonymous_4)","decl":{"start":{"line":31,"column":4},"end":{"line":31,"column":11}},"loc":{"start":{"line":31,"column":87},"end":{"line":38,"column":5}}},"3":{"name":"(anonymous_5)","decl":{"start":{"line":44,"column":4},"end":{"line":44,"column":11}},"loc":{"start":{"line":44,"column":52},"end":{"line":46,"column":5}}},"4":{"name":"(anonymous_6)","decl":{"start":{"line":53,"column":4},"end":{"line":53,"column":11}},"loc":{"start":{"line":53,"column":54},"end":{"line":62,"column":5}}},"5":{"name":"(anonymous_7)","decl":{"start":{"line":69,"column":4},"end":{"line":69,"column":12}},"loc":{"start":{"line":69,"column":55},"end":{"line":81,"column":5}}},"6":{"name":"(anonymous_8)","decl":{"start":{"line":88,"column":4},"end":{"line":88,"column":12}},"loc":{"start":{"line":88,"column":57},"end":{"line":103,"column":5}}}},"branchMap":{"0":{"loc":{"start":{"line":16,"column":8},"end":{"line":16,"column":null}},"type":"if","locations":[{"start":{"line":16,"column":8},"end":{"line":16,"column":null}}]},"1":{"loc":{"start":{"line":54,"column":18},"end":{"line":54,"column":87}},"type":"binary-expr","locations":[{"start":{"line":54,"column":18},"end":{"line":54,"column":25}},{"start":{"line":54,"column":29},"end":{"line":54,"column":87}}]},"2":{"loc":{"start":{"line":54,"column":30},"end":{"line":54,"column":72}},"type":"cond-expr","locations":[{"start":{"line":54,"column":48},"end":{"line":54,"column":57}},{"start":{"line":54,"column":60},"end":{"line":54,"column":72}}]},"3":{"loc":{"start":{"line":55,"column":20},"end":{"line":55,"column":36}},"type":"binary-expr","locations":[{"start":{"line":55,"column":20},"end":{"line":55,"column":29}},{"start":{"line":55,"column":33},"end":{"line":55,"column":36}}]},"4":{"loc":{"start":{"line":70,"column":8},"end":{"line":80,"column":83}},"type":"if","locations":[{"start":{"line":70,"column":8},"end":{"line":80,"column":83}},{"start":{"line":80,"column":12},"end":{"line":80,"column":83}}]},"5":{"loc":{"start":{"line":89,"column":8},"end":{"line":90,"column":33}},"type":"if","locations":[{"start":{"line":89,"column":8},"end":{"line":90,"column":33}}]}},"s":{"0":4,"1":4,"2":109,"3":66,"4":66,"5":66,"6":66,"7":66,"8":4,"9":13,"10":13,"11":4,"12":42,"13":4,"14":9,"15":9,"16":9,"17":9,"18":4,"19":64,"20":63,"21":63,"22":63,"23":1,"24":4,"25":63,"26":45,"27":18,"28":18,"29":18,"30":18,"31":18,"32":18,"33":4,"34":4},"f":{"0":4,"1":66,"2":13,"3":42,"4":9,"5":64,"6":63},"b":{"0":[43],"1":[9,6],"2":[5,1],"3":[9,7],"4":[63,1],"5":[45]}}
,"/Users/royossai/WebstormProjects/pond/socket/src/pondsocket/pondSocket.ts": {"path":"/Users/royossai/WebstormProjects/pond/socket/src/pondsocket/pondSocket.ts","statementMap":{"0":{"start":{"line":1,"column":0},"end":{"line":1,"column":59}},"1":{"start":{"line":2,"column":0},"end":{"line":2,"column":46}},"2":{"start":{"line":3,"column":0},"end":{"line":3,"column":74}},"3":{"start":{"line":4,"column":0},"end":{"line":4,"column":53}},"4":{"start":{"line":6,"column":0},"end":{"line":6,"column":66}},"5":{"start":{"line":8,"column":0},"end":{"line":8,"column":null}},"6":{"start":{"line":8,"column":32},"end":{"line":8,"column":41}},"7":{"start":{"line":14,"column":8},"end":{"line":14,"column":null}},"8":{"start":{"line":15,"column":8},"end":{"line":15,"column":50}},"9":{"start":{"line":16,"column":8},"end":{"line":16,"column":83}},"10":{"start":{"line":17,"column":8},"end":{"line":17,"column":63}},"11":{"start":{"line":18,"column":8},"end":{"line":18,"column":21}},"12":{"start":{"line":25,"column":19},"end":{"line":29,"column":null}},"13":{"start":{"line":26,"column":56},"end":{"line":26,"column":62}},"14":{"start":{"line":27,"column":8},"end":{"line":27,"column":70}},"15":{"start":{"line":28,"column":8},"end":{"line":28,"column":25}},"16":{"start":{"line":36,"column":11},"end":{"line":38,"column":null}},"17":{"start":{"line":37,"column":8},"end":{"line":37,"column":51}},"18":{"start":{"line":44,"column":11},"end":{"line":46,"column":null}},"19":{"start":{"line":45,"column":8},"end":{"line":45,"column":42}},"20":{"start":{"line":66,"column":11},"end":{"line":78,"column":null}},"21":{"start":{"line":66,"column":4},"end":{"line":66,"column":11}},"22":{"start":{"line":67,"column":25},"end":{"line":67,"column":66}},"23":{"start":{"line":68,"column":8},"end":{"line":75,"column":11}},"24":{"start":{"line":68,"column":60},"end":{"line":75,"column":10}},"25":{"start":{"line":69,"column":18},"end":{"line":69,"column":42}},"26":{"start":{"line":70,"column":18},"end":{"line":70,"column":74}},"27":{"start":{"line":71,"column":12},"end":{"line":71,"column":45}},"28":{"start":{"line":71,"column":31},"end":{"line":71,"column":45}},"29":{"start":{"line":73,"column":12},"end":{"line":74,"column":65}},"30":{"start":{"line":74,"column":32},"end":{"line":74,"column":64}},"31":{"start":{"line":77,"column":8},"end":{"line":77,"column":24}},"32":{"start":{"line":84,"column":12},"end":{"line":101,"column":null}},"33":{"start":{"line":85,"column":8},"end":{"line":90,"column":11}},"34":{"start":{"line":86,"column":12},"end":{"line":86,"column":30}},"35":{"start":{"line":87,"column":12},"end":{"line":89,"column":15}},"36":{"start":{"line":88,"column":16},"end":{"line":88,"column":34}},"37":{"start":{"line":92,"column":25},"end":{"line":98,"column":17}},"38":{"start":{"line":93,"column":12},"end":{"line":97,"column":15}},"39":{"start":{"line":94,"column":16},"end":{"line":94,"column":64}},"40":{"start":{"line":94,"column":42},"end":{"line":94,"column":64}},"41":{"start":{"line":95,"column":16},"end":{"line":95,"column":35}},"42":{"start":{"line":96,"column":16},"end":{"line":96,"column":26}},"43":{"start":{"line":100,"column":8},"end":{"line":100,"column":58}},"44":{"start":{"line":100,"column":33},"end":{"line":100,"column":57}},"45":{"start":{"line":106,"column":12},"end":{"line":114,"column":null}},"46":{"start":{"line":106,"column":4},"end":{"line":106,"column":12}},"47":{"start":{"line":107,"column":8},"end":{"line":109,"column":11}},"48":{"start":{"line":108,"column":12},"end":{"line":108,"column":62}},"49":{"start":{"line":111,"column":8},"end":{"line":113,"column":11}},"50":{"start":{"line":112,"column":12},"end":{"line":112,"column":50}},"51":{"start":{"line":115,"column":0},"end":{"line":115,"column":null}},"52":{"start":{"line":8,"column":13},"end":{"line":8,"column":23}}},"fnMap":{"0":{"name":"(anonymous_19)","decl":{"start":{"line":8,"column":0},"end":{"line":8,"column":13}},"loc":{"start":{"line":8,"column":0},"end":{"line":115,"column":null}}},"1":{"name":"PondSocket","decl":{"start":{"line":13,"column":4},"end":{"line":13,"column":16}},"loc":{"start":{"line":13,"column":67},"end":{"line":19,"column":5}}},"2":{"name":"(anonymous_21)","decl":{"start":{"line":25,"column":4},"end":{"line":25,"column":19}},"loc":{"start":{"line":25,"column":70},"end":{"line":29,"column":5}}},"3":{"name":"(anonymous_22)","decl":{"start":{"line":36,"column":4},"end":{"line":36,"column":11}},"loc":{"start":{"line":36,"column":65},"end":{"line":38,"column":5}}},"4":{"name":"(anonymous_23)","decl":{"start":{"line":44,"column":4},"end":{"line":44,"column":11}},"loc":{"start":{"line":44,"column":125},"end":{"line":46,"column":5}}},"5":{"name":"(anonymous_24)","decl":{"start":{"line":66,"column":4},"end":{"line":66,"column":11}},"loc":{"start":{"line":66,"column":66},"end":{"line":78,"column":5}}},"6":{"name":"(anonymous_25)","decl":{"start":{"line":68,"column":30},"end":{"line":68,"column":37}},"loc":{"start":{"line":68,"column":60},"end":{"line":75,"column":10}}},"7":{"name":"(anonymous_26)","decl":{"start":{"line":68,"column":60},"end":{"line":68,"column":null}},"loc":{"start":{"line":68,"column":60},"end":{"line":75,"column":10}}},"8":{"name":"(anonymous_28)","decl":{"start":{"line":74,"column":23},"end":{"line":74,"column":28}},"loc":{"start":{"line":74,"column":28},"end":{"line":74,"column":42}}},"9":{"name":"(anonymous_29)","decl":{"start":{"line":84,"column":4},"end":{"line":84,"column":12}},"loc":{"start":{"line":84,"column":48},"end":{"line":101,"column":5}}},"10":{"name":"(anonymous_30)","decl":{"start":{"line":85,"column":32},"end":{"line":85,"column":33}},"loc":{"start":{"line":85,"column":70},"end":{"line":90,"column":9}}},"11":{"name":"(anonymous_31)","decl":{"start":{"line":87,"column":26},"end":{"line":87,"column":null}},"loc":{"start":{"line":87,"column":26},"end":{"line":89,"column":13}}},"12":{"name":"(anonymous_32)","decl":{"start":{"line":92,"column":37},"end":{"line":92,"column":null}},"loc":{"start":{"line":92,"column":37},"end":{"line":98,"column":9}}},"13":{"name":"(anonymous_33)","decl":{"start":{"line":93,"column":35},"end":{"line":93,"column":36}},"loc":{"start":{"line":93,"column":73},"end":{"line":97,"column":13}}},"14":{"name":"(anonymous_34)","decl":{"start":{"line":100,"column":27},"end":{"line":100,"column":33}},"loc":{"start":{"line":100,"column":27},"end":{"line":100,"column":46}}},"15":{"name":"(anonymous_35)","decl":{"start":{"line":106,"column":4},"end":{"line":106,"column":12}},"loc":{"start":{"line":106,"column":4},"end":{"line":114,"column":5}}},"16":{"name":"(anonymous_36)","decl":{"start":{"line":107,"column":33},"end":{"line":107,"column":34}},"loc":{"start":{"line":107,"column":39},"end":{"line":109,"column":9}}},"17":{"name":"(anonymous_37)","decl":{"start":{"line":111,"column":37},"end":{"line":111,"column":null}},"loc":{"start":{"line":111,"column":37},"end":{"line":113,"column":9}}}},"branchMap":{"0":{"loc":{"start":{"line":14,"column":8},"end":{"line":14,"column":null}},"type":"binary-expr","locations":[{"start":{"line":14,"column":8},"end":{"line":14,"column":15}},{"start":{"line":14,"column":15},"end":{"line":14,"column":null}}]},"1":{"loc":{"start":{"line":15,"column":23},"end":{"line":15,"column":49}},"type":"binary-expr","locations":[{"start":{"line":15,"column":23},"end":{"line":15,"column":29}},{"start":{"line":15,"column":33},"end":{"line":15,"column":49}}]},"2":{"loc":{"start":{"line":16,"column":29},"end":{"line":16,"column":82}},"type":"binary-expr","locations":[{"start":{"line":16,"column":29},"end":{"line":16,"column":41}},{"start":{"line":16,"column":45},"end":{"line":16,"column":82}}]},"3":{"loc":{"start":{"line":69,"column":28},"end":{"line":69,"column":41}},"type":"binary-expr","locations":[{"start":{"line":69,"column":28},"end":{"line":69,"column":35}},{"start":{"line":69,"column":39},"end":{"line":69,"column":41}}]},"4":{"loc":{"start":{"line":71,"column":12},"end":{"line":71,"column":45}},"type":"if","locations":[{"start":{"line":71,"column":12},"end":{"line":71,"column":45}}]},"5":{"loc":{"start":{"line":94,"column":16},"end":{"line":94,"column":64}},"type":"if","locations":[{"start":{"line":94,"column":16},"end":{"line":94,"column":64}}]}},"s":{"0":2,"1":2,"2":2,"3":2,"4":2,"5":2,"6":2,"7":22,"8":22,"9":22,"10":22,"11":22,"12":2,"13":3,"14":1,"15":1,"16":2,"17":17,"18":2,"19":1,"20":2,"21":18,"22":18,"23":18,"24":24,"25":24,"26":24,"27":24,"28":1,"29":23,"30":1,"31":18,"32":2,"33":14,"34":22,"35":22,"36":0,"37":14,"38":0,"39":0,"40":0,"41":0,"42":0,"43":14,"44":0,"45":2,"46":22,"47":22,"48":1,"49":22,"50":14,"51":2,"52":2},"f":{"0":2,"1":22,"2":1,"3":17,"4":1,"5":18,"6":24,"7":24,"8":1,"9":14,"10":22,"11":0,"12":0,"13":0,"14":0,"15":22,"16":1,"17":14},"b":{"0":[22,22],"1":[22,19],"2":[22,20],"3":[24,0],"4":[1],"5":[0]}}
,"/Users/royossai/WebstormProjects/pond/socket/src/pondsocket/socketMiddleWare.ts": {"path":"/Users/royossai/WebstormProjects/pond/socket/src/pondsocket/socketMiddleWare.ts","statementMap":{"0":{"start":{"line":8,"column":0},"end":{"line":8,"column":13}},"1":{"start":{"line":10,"column":21},"end":{"line":10,"column":65}},"2":{"start":{"line":13,"column":8},"end":{"line":13,"column":30}},"3":{"start":{"line":14,"column":8},"end":{"line":14,"column":31}},"4":{"start":{"line":17,"column":11},"end":{"line":19,"column":null}},"5":{"start":{"line":18,"column":8},"end":{"line":18,"column":41}},"6":{"start":{"line":21,"column":12},"end":{"line":35,"column":null}},"7":{"start":{"line":22,"column":21},"end":{"line":22,"column":45}},"8":{"start":{"line":23,"column":21},"end":{"line":32,"column":9}},"9":{"start":{"line":24,"column":31},"end":{"line":24,"column":43}},"10":{"start":{"line":25,"column":12},"end":{"line":31,"column":null}},"11":{"start":{"line":26,"column":16},"end":{"line":26,"column":52}},"12":{"start":{"line":29,"column":16},"end":{"line":29,"column":63}},"13":{"start":{"line":30,"column":16},"end":{"line":30,"column":33}},"14":{"start":{"line":34,"column":8},"end":{"line":34,"column":15}},"15":{"start":{"line":37,"column":12},"end":{"line":41,"column":null}},"16":{"start":{"line":37,"column":4},"end":{"line":37,"column":12}},"17":{"start":{"line":38,"column":8},"end":{"line":40,"column":null}},"18":{"start":{"line":39,"column":12},"end":{"line":39,"column":45}},"19":{"start":{"line":42,"column":0},"end":{"line":42,"column":null}},"20":{"start":{"line":8,"column":13},"end":{"line":8,"column":29}}},"fnMap":{"0":{"name":"(anonymous_0)","decl":{"start":{"line":8,"column":0},"end":{"line":8,"column":13}},"loc":{"start":{"line":8,"column":0},"end":{"line":42,"column":null}}},"1":{"name":"SocketMiddleWare","decl":{"start":{"line":12,"column":4},"end":{"line":12,"column":16}},"loc":{"start":{"line":12,"column":30},"end":{"line":15,"column":5}}},"2":{"name":"(anonymous_2)","decl":{"start":{"line":17,"column":4},"end":{"line":17,"column":11}},"loc":{"start":{"line":17,"column":51},"end":{"line":19,"column":5}}},"3":{"name":"(anonymous_3)","decl":{"start":{"line":21,"column":4},"end":{"line":21,"column":12}},"loc":{"start":{"line":21,"column":80},"end":{"line":35,"column":5}}},"4":{"name":"(anonymous_4)","decl":{"start":{"line":23,"column":21},"end":{"line":23,"column":null}},"loc":{"start":{"line":23,"column":21},"end":{"line":32,"column":9}}},"5":{"name":"(anonymous_5)","decl":{"start":{"line":37,"column":4},"end":{"line":37,"column":12}},"loc":{"start":{"line":37,"column":4},"end":{"line":41,"column":5}}},"6":{"name":"(anonymous_6)","decl":{"start":{"line":38,"column":35},"end":{"line":38,"column":36}},"loc":{"start":{"line":38,"column":53},"end":{"line":40,"column":9}}}},"branchMap":{"0":{"loc":{"start":{"line":25,"column":12},"end":{"line":31,"column":null}},"type":"if","locations":[{"start":{"line":25,"column":12},"end":{"line":31,"column":null}},{"start":{"line":28,"column":17},"end":{"line":31,"column":null}}]}},"s":{"0":2,"1":22,"2":22,"3":22,"4":2,"5":19,"6":2,"7":24,"8":24,"9":25,"10":25,"11":24,"12":1,"13":1,"14":24,"15":2,"16":22,"17":22,"18":24,"19":2,"20":2},"f":{"0":2,"1":22,"2":19,"3":24,"4":25,"5":22,"6":24},"b":{"0":[24,1]}}
}
