TN:
SF:src/pondbase/baseClass.ts
FN:17,(anonymous_1)
FN:23,(anonymous_3)
FN:32,(anonymous_4)
FN:43,(anonymous_5)
FN:45,(anonymous_6)
FN:55,(anonymous_7)
FN:58,(anonymous_8)
FN:66,(anonymous_9)
FN:75,(anonymous_10)
FN:89,(anonymous_11)
FN:103,(anonymous_12)
FN:112,(anonymous_13)
FN:113,(anonymous_14)
FN:113,(anonymous_15)
FN:114,(anonymous_16)
FN:114,(anonymous_17)
FN:118,(anonymous_18)
FN:120,(anonymous_19)
FN:134,(anonymous_20)
FN:135,(anonymous_21)
FN:135,(anonymous_22)
FN:136,(anonymous_23)
FN:137,(anonymous_24)
FN:137,(anonymous_25)
FN:157,(anonymous_26)
FN:161,(anonymous_27)
FN:180,(anonymous_28)
FN:188,(anonymous_29)
FN:211,(anonymous_30)
FN:219,(anonymous_31)
FN:244,(anonymous_32)
FNF:31
FNH:31
FNDA:109,(anonymous_1)
FNDA:108,(anonymous_3)
FNDA:23,(anonymous_4)
FNDA:1,(anonymous_5)
FNDA:31,(anonymous_6)
FNDA:2,(anonymous_7)
FNDA:16,(anonymous_8)
FNDA:29,(anonymous_9)
FNDA:96,(anonymous_10)
FNDA:6,(anonymous_11)
FNDA:15,(anonymous_12)
FNDA:2,(anonymous_13)
FNDA:17,(anonymous_14)
FNDA:78,(anonymous_15)
FNDA:17,(anonymous_16)
FNDA:78,(anonymous_17)
FNDA:17,(anonymous_18)
FNDA:17,(anonymous_19)
FNDA:2,(anonymous_20)
FNDA:34,(anonymous_21)
FNDA:85,(anonymous_22)
FNDA:17,(anonymous_23)
FNDA:17,(anonymous_24)
FNDA:68,(anonymous_25)
FNDA:85,(anonymous_26)
FNDA:13,(anonymous_27)
FNDA:88,(anonymous_28)
FNDA:71,(anonymous_29)
FNDA:10,(anonymous_30)
FNDA:8,(anonymous_31)
FNDA:98,(anonymous_32)
DA:2,6
DA:17,6
DA:23,6
DA:24,108
DA:32,6
DA:33,23
DA:34,16
DA:37,7
DA:43,6
DA:44,1
DA:45,1
DA:46,31
DA:47,31
DA:48,31
DA:55,6
DA:56,2
DA:57,2
DA:58,16
DA:66,6
DA:67,29
DA:75,6
DA:76,96
DA:77,96
DA:81,18
DA:89,6
DA:90,6
DA:91,6
DA:95,1
DA:103,6
DA:104,15
DA:112,6
DA:113,78
DA:114,78
DA:115,2
DA:116,2
DA:118,17
DA:120,17
DA:123,1
DA:125,1
DA:134,6
DA:135,85
DA:136,17
DA:137,68
DA:139,2
DA:146,2
DA:157,6
DA:158,85
DA:159,85
DA:160,85
DA:161,7
DA:162,13
DA:163,13
DA:166,85
DA:180,6
DA:181,88
DA:182,88
DA:183,88
DA:184,88
DA:185,70
DA:186,70
DA:187,70
DA:188,70
DA:189,71
DA:191,70
DA:194,18
DA:211,6
DA:212,10
DA:213,8
DA:214,8
DA:215,8
DA:216,6
DA:217,6
DA:218,6
DA:219,6
DA:220,8
DA:222,6
DA:229,4
DA:230,4
DA:232,3
DA:233,1
DA:236,2
DA:244,6
DA:245,98
DA:247,15
DA:248,15
DA:250,3
DA:252,6
LF:87
LH:87
BRDA:24,0,0,108
BRDA:24,0,1,103
BRDA:33,1,0,16
BRDA:33,1,1,7
BRDA:48,2,0,30
BRDA:48,2,1,1
BRDA:77,3,0,78
BRDA:91,4,0,5
BRDA:160,5,0,7
BRDA:184,6,0,70
BRDA:186,7,0,70
BRDA:212,8,0,8
BRDA:215,9,0,6
BRDA:217,10,0,6
BRDA:230,11,0,1
BRDA:232,12,0,1
BRDA:245,13,0,83
BRDA:248,14,0,12
BRF:18
BRH:18
end_of_record
TN:
SF:src/pondbase/basePromise.ts
FN:3,(anonymous_13)
FN:8,PondError
FN:15,BasePromise
FN:16,(anonymous_16)
FN:16,(anonymous_17)
FN:18,(anonymous_19)
FN:23,(anonymous_20)
FN:23,(anonymous_21)
FNF:8
FNH:8
FNDA:8,(anonymous_13)
FNDA:40,PondError
FNDA:49,BasePromise
FNDA:49,(anonymous_16)
FNDA:49,(anonymous_17)
FNDA:5,(anonymous_19)
FNDA:40,(anonymous_20)
FNDA:40,(anonymous_21)
DA:3,8
DA:9,40
DA:10,40
DA:11,40
DA:13,8
DA:15,57
DA:16,49
DA:17,49
DA:18,49
DA:19,5
DA:20,5
DA:23,49
DA:24,40
DA:25,40
DA:29,96
DA:30,47
DA:31,2
DA:33,2
DA:34,1
DA:36,1
LF:20
LH:20
BRDA:20,0,0,5
BRDA:20,0,1,1
BRDA:30,1,0,2
BRDA:33,2,0,1
BRDA:33,2,1,1
BRF:5
BRH:5
end_of_record
TN:
SF:src/pondbase/enums.ts
FN:1,(anonymous_0)
FN:6,(anonymous_1)
FNF:2
FNH:2
FNDA:7,(anonymous_0)
FNDA:7,(anonymous_1)
DA:1,7
DA:2,7
DA:3,7
DA:6,7
DA:7,7
DA:8,7
DA:9,7
LF:7
LH:7
BRDA:1,0,0,7
BRDA:1,0,1,7
BRDA:6,1,0,7
BRDA:6,1,1,7
BRF:4
BRH:4
end_of_record
TN:
SF:src/pondbase/index.ts
FNF:0
FNH:0
DA:1,5
DA:2,5
DA:3,5
DA:4,5
DA:5,5
DA:6,5
DA:7,5
LF:7
LH:7
BRF:0
BRH:0
end_of_record
TN:
SF:src/pondbase/pondBase.ts
FN:5,(anonymous_6)
FN:11,PondDocument
FN:18,(anonymous_8)
FN:22,(anonymous_9)
FN:29,(anonymous_10)
FN:38,(anonymous_11)
FN:43,(anonymous_12)
FN:47,PondBase
FN:252,(anonymous_14)
FN:55,(anonymous_15)
FN:63,(anonymous_16)
FN:75,(anonymous_17)
FN:87,(anonymous_18)
FN:100,(anonymous_19)
FN:113,(anonymous_20)
FN:124,(anonymous_21)
FN:134,(anonymous_23)
FN:149,(anonymous_24)
FN:163,(anonymous_25)
FN:164,(anonymous_26)
FN:164,(anonymous_27)
FN:172,(anonymous_28)
FN:186,(anonymous_29)
FN:200,(anonymous_30)
FN:207,(anonymous_31)
FN:209,(anonymous_32)
FN:216,(anonymous_33)
FN:217,(anonymous_34)
FN:231,(anonymous_35)
FN:244,(anonymous_36)
FN:268,(anonymous_37)
FNF:31
FNH:31
FNDA:7,(anonymous_6)
FNDA:470,PondDocument
FNDA:147,(anonymous_8)
FNDA:382,(anonymous_9)
FNDA:50,(anonymous_10)
FNDA:49,(anonymous_11)
FNDA:7,(anonymous_12)
FNDA:134,PondBase
FNDA:143,(anonymous_14)
FNDA:26,(anonymous_15)
FNDA:87,(anonymous_16)
FNDA:124,(anonymous_17)
FNDA:51,(anonymous_18)
FNDA:19,(anonymous_19)
FNDA:1,(anonymous_20)
FNDA:32,(anonymous_21)
FNDA:24,(anonymous_23)
FNDA:2,(anonymous_24)
FNDA:2,(anonymous_25)
FNDA:2,(anonymous_26)
FNDA:2,(anonymous_27)
FNDA:1,(anonymous_28)
FNDA:53,(anonymous_29)
FNDA:19,(anonymous_30)
FNDA:1,(anonymous_31)
FNDA:2,(anonymous_32)
FNDA:26,(anonymous_33)
FNDA:41,(anonymous_34)
FNDA:89,(anonymous_35)
FNDA:51,(anonymous_36)
FNDA:435,(anonymous_37)
DA:1,7
DA:2,7
DA:3,7
DA:5,7
DA:12,470
DA:13,470
DA:14,470
DA:15,470
DA:18,7
DA:19,147
DA:22,7
DA:23,382
DA:29,7
DA:30,50
DA:31,50
DA:38,7
DA:39,49
DA:41,7
DA:43,7
DA:48,134
DA:49,134
DA:55,7
DA:56,26
DA:63,7
DA:64,87
DA:65,87
DA:66,66
DA:68,21
DA:75,7
DA:76,124
DA:77,124
DA:78,124
DA:79,124
DA:87,7
DA:88,51
DA:89,50
DA:90,50
DA:91,50
DA:93,1
DA:100,7
DA:101,19
DA:102,19
DA:103,19
DA:104,19
DA:105,19
DA:106,19
DA:113,7
DA:114,1
DA:115,3
DA:118,1
DA:124,7
DA:126,51
DA:134,7
DA:135,24
DA:136,24
DA:137,11
DA:138,11
DA:139,8
DA:142,24
DA:149,7
DA:150,2
DA:151,2
DA:152,6
DA:153,1
DA:156,2
DA:163,7
DA:164,2
DA:172,7
DA:173,1
DA:174,1
DA:175,3
DA:176,3
DA:179,1
DA:186,7
DA:187,53
DA:188,54
DA:189,54
DA:190,48
DA:193,5
DA:200,7
DA:201,19
DA:207,7
DA:208,1
DA:209,2
DA:216,26
DA:217,26
DA:218,41
DA:220,41
DA:222,9
DA:224,41
DA:231,7
DA:232,89
DA:233,89
DA:234,119
DA:235,119
DA:238,89
DA:244,7
DA:245,51
DA:246,51
DA:252,134
DA:253,143
DA:254,143
DA:255,143
DA:256,3003
DA:259,143
DA:268,7
DA:269,435
DA:270,435
DA:271,435
DA:273,7
LF:110
LH:110
BRDA:65,0,0,66
BRDA:88,1,0,50
BRDA:88,1,1,1
BRDA:138,2,0,8
BRDA:152,3,0,1
BRDA:189,4,0,48
BRDA:220,5,0,32
BRDA:220,5,1,9
BRDA:222,6,0,5
BRF:9
BRH:9
end_of_record
TN:
SF:src/pondbase/pubSub.ts
FN:12,(anonymous_8)
FN:19,(anonymous_10)
FN:26,(anonymous_11)
FN:36,(anonymous_12)
FN:52,(anonymous_13)
FN:55,Subject
FN:63,(anonymous_15)
FN:70,(anonymous_16)
FN:78,(anonymous_17)
FN:86,(anonymous_18)
FN:95,(anonymous_20)
FN:96,(anonymous_21)
FN:107,(anonymous_22)
FN:118,(anonymous_23)
FN:132,(anonymous_24)
FN:133,(anonymous_25)
FN:143,(anonymous_26)
FN:152,(anonymous_27)
FN:162,(anonymous_28)
FNF:19
FNH:18
FNDA:236,(anonymous_8)
FNDA:82,(anonymous_10)
FNDA:37,(anonymous_11)
FNDA:368,(anonymous_12)
FNDA:8,(anonymous_13)
FNDA:8,Subject
FNDA:1,(anonymous_15)
FNDA:9,(anonymous_16)
FNDA:5,(anonymous_17)
FNDA:21,(anonymous_18)
FNDA:13,(anonymous_20)
FNDA:20,(anonymous_21)
FNDA:1,(anonymous_22)
FNDA:21,(anonymous_23)
FNDA:5,(anonymous_24)
FNDA:6,(anonymous_25)
FNDA:1,(anonymous_26)
FNDA:1,(anonymous_27)
FNDA:0,(anonymous_28)
DA:12,8
DA:13,228
DA:19,82
DA:20,82
DA:22,82
DA:27,37
DA:36,8
DA:38,368
DA:39,136
DA:40,136
DA:41,135
DA:42,19
DA:44,1
DA:48,367
DA:50,8
DA:52,8
DA:56,8
DA:57,8
DA:63,8
DA:64,1
DA:70,8
DA:71,9
DA:72,8
DA:78,8
DA:79,5
DA:80,5
DA:81,5
DA:84,8
DA:86,8
DA:87,13
DA:95,13
DA:96,13
DA:97,20
DA:98,12
DA:101,13
DA:103,13
DA:108,1
DA:118,8
DA:119,26
DA:120,26
DA:121,26
DA:123,1
DA:132,8
DA:133,5
DA:134,6
DA:137,5
DA:139,5
DA:144,1
DA:152,8
DA:153,1
DA:154,1
DA:155,0
DA:162,8
DA:163,0
DA:165,8
LF:55
LH:53
BRDA:41,0,0,19
BRDA:56,1,0,8
BRDA:56,1,1,8
BRDA:79,2,0,5
BRDA:97,3,0,12
BRDA:154,4,0,0
BRF:6
BRH:5
end_of_record
TN:
SF:src/pondbase/simpleBase.ts
FN:7,(anonymous_8)
FN:10,SimpleBase
FN:17,(anonymous_10)
FN:25,(anonymous_11)
FN:38,(anonymous_12)
FN:43,(anonymous_13)
FN:56,(anonymous_14)
FN:67,(anonymous_15)
FN:73,(anonymous_17)
FN:94,(anonymous_18)
FN:110,(anonymous_19)
FN:124,(anonymous_20)
FN:138,(anonymous_21)
FN:145,(anonymous_22)
FN:147,(anonymous_23)
FN:153,(anonymous_24)
FN:166,(anonymous_25)
FN:176,(anonymous_26)
FNF:18
FNH:18
FNDA:6,(anonymous_8)
FNDA:16,SimpleBase
FNDA:4,(anonymous_10)
FNDA:5,(anonymous_11)
FNDA:26,(anonymous_12)
FNDA:2,(anonymous_13)
FNDA:1,(anonymous_14)
FNDA:1,(anonymous_15)
FNDA:1,(anonymous_17)
FNDA:1,(anonymous_18)
FNDA:1,(anonymous_19)
FNDA:2,(anonymous_20)
FNDA:1,(anonymous_21)
FNDA:1,(anonymous_22)
FNDA:2,(anonymous_23)
FNDA:1,(anonymous_24)
FNDA:3,(anonymous_25)
FNDA:35,(anonymous_26)
DA:1,6
DA:7,6
DA:11,16
DA:17,6
DA:18,4
DA:25,6
DA:26,5
DA:27,5
DA:28,4
DA:30,1
DA:38,6
DA:39,26
DA:40,26
DA:43,6
DA:44,2
DA:45,2
DA:46,1
DA:48,1
DA:56,6
DA:57,1
DA:58,1
DA:61,1
DA:67,6
DA:69,3
DA:73,6
DA:74,1
DA:75,1
DA:76,1
DA:77,3
DA:78,9
DA:79,3
DA:87,1
DA:94,6
DA:95,1
DA:96,1
DA:97,2
DA:98,2
DA:99,1
DA:102,1
DA:110,6
DA:111,1
DA:112,1
DA:113,2
DA:114,2
DA:117,1
DA:124,6
DA:125,2
DA:126,3
DA:127,3
DA:128,1
DA:131,1
DA:138,6
DA:139,1
DA:145,6
DA:146,1
DA:147,2
DA:153,6
DA:154,1
DA:155,1
DA:156,2
DA:157,2
DA:160,1
DA:166,6
DA:167,3
DA:176,6
DA:177,35
DA:178,35
DA:179,35
DA:181,6
LF:69
LH:69
BRDA:27,0,0,4
BRDA:45,1,0,1
BRDA:45,1,1,1
BRDA:78,2,0,3
BRDA:98,3,0,1
BRDA:127,4,0,1
BRF:6
BRH:6
end_of_record
TN:
SF:src/pondsocket/channel.ts
FN:28,(anonymous_9)
FN:37,Channel
FN:51,(anonymous_11)
FN:62,(anonymous_12)
FN:71,(anonymous_13)
FN:78,(anonymous_14)
FN:80,(anonymous_15)
FN:86,(anonymous_16)
FN:88,(anonymous_17)
FN:100,(anonymous_18)
FN:108,(anonymous_19)
FN:136,(anonymous_20)
FN:148,(anonymous_21)
FN:151,(anonymous_22)
FN:194,(anonymous_23)
FN:221,(anonymous_24)
FN:239,(anonymous_25)
FN:251,(anonymous_26)
FN:256,(anonymous_27)
FN:279,(anonymous_28)
FN:289,(anonymous_29)
FN:321,(anonymous_30)
FN:322,(anonymous_31)
FN:326,(anonymous_32)
FN:337,(anonymous_33)
FN:350,(anonymous_34)
FN:359,(anonymous_35)
FNF:27
FNH:27
FNDA:4,(anonymous_9)
FNDA:39,Channel
FNDA:29,(anonymous_11)
FNDA:65,(anonymous_12)
FNDA:4,(anonymous_13)
FNDA:84,(anonymous_14)
FNDA:105,(anonymous_15)
FNDA:29,(anonymous_16)
FNDA:42,(anonymous_17)
FNDA:44,(anonymous_18)
FNDA:37,(anonymous_19)
FNDA:7,(anonymous_20)
FNDA:13,(anonymous_21)
FNDA:14,(anonymous_22)
FNDA:11,(anonymous_23)
FNDA:6,(anonymous_24)
FNDA:6,(anonymous_25)
FNDA:14,(anonymous_26)
FNDA:16,(anonymous_27)
FNDA:13,(anonymous_28)
FNDA:13,(anonymous_29)
FNDA:21,(anonymous_30)
FNDA:27,(anonymous_31)
FNDA:36,(anonymous_32)
FNDA:16,(anonymous_33)
FNDA:20,(anonymous_34)
FNDA:65,(anonymous_35)
DA:1,4
DA:7,4
DA:28,4
DA:38,39
DA:39,39
DA:40,39
DA:41,39
DA:42,39
DA:43,39
DA:44,39
DA:45,39
DA:51,4
DA:52,29
DA:56,29
DA:62,4
DA:63,65
DA:64,65
DA:72,4
DA:78,4
DA:79,84
DA:80,105
DA:86,29
DA:87,29
DA:88,29
DA:89,42
DA:90,42
DA:93,29
DA:100,4
DA:101,44
DA:108,4
DA:109,37
DA:110,37
DA:111,1
DA:114,36
DA:115,36
DA:116,36
DA:118,36
DA:136,4
DA:137,7
DA:138,7
DA:139,5
DA:148,13
DA:149,13
DA:151,13
DA:152,14
DA:153,14
DA:154,14
DA:155,14
DA:157,14
DA:172,13
DA:173,10
DA:184,10
DA:194,16
DA:195,11
DA:197,11
DA:199,10
DA:203,10
DA:211,10
DA:212,7
DA:221,4
DA:222,6
DA:223,6
DA:225,5
DA:229,5
DA:237,5
DA:238,4
DA:239,6
DA:241,4
DA:251,14
DA:252,14
DA:253,14
DA:255,13
DA:256,16
DA:258,13
DA:260,11
DA:264,11
DA:272,11
DA:273,9
DA:279,4
DA:280,13
DA:289,4
DA:290,13
DA:291,13
DA:292,13
DA:296,13
DA:297,13
DA:298,5
DA:299,5
DA:321,21
DA:322,27
DA:323,27
DA:326,21
DA:327,36
DA:333,36
DA:336,21
DA:338,16
DA:339,16
DA:350,4
DA:351,20
DA:359,4
DA:360,65
DA:361,65
DA:362,65
DA:363,49
DA:364,49
DA:369,16
DA:371,4
LF:107
LH:107
BRDA:38,0,0,39
BRDA:38,0,1,39
BRDA:110,1,0,1
BRDA:138,2,0,2
BRDA:149,3,0,1
BRDA:149,3,1,12
BRDA:153,4,0,14
BRDA:172,5,0,10
BRDA:194,6,0,5
BRDA:197,7,0,1
BRDA:197,8,0,11
BRDA:197,8,1,7
BRDA:207,9,0,4
BRDA:207,9,1,6
BRDA:208,10,0,4
BRDA:208,10,1,6
BRDA:211,11,0,3
BRDA:223,12,0,1
BRDA:237,13,0,1
BRDA:253,14,0,1
BRDA:253,15,0,14
BRDA:253,15,1,6
BRDA:255,16,0,6
BRDA:255,16,1,7
BRDA:258,17,0,2
BRDA:268,18,0,11
BRDA:268,18,1,5
BRDA:268,19,0,5
BRDA:268,19,1,6
BRDA:268,20,0,11
BRDA:268,20,1,6
BRDA:269,21,0,11
BRDA:269,21,1,5
BRDA:269,22,0,5
BRDA:269,22,1,6
BRDA:269,23,0,11
BRDA:269,23,1,6
BRDA:272,24,0,2
BRDA:291,25,0,13
BRDA:297,26,0,5
BRDA:323,27,0,18
BRDA:361,28,0,65
BRDA:361,28,1,16
BRDA:361,29,0,16
BRDA:361,29,1,49
BRDA:361,30,0,65
BRDA:361,30,1,65
BRDA:362,31,0,49
BRDA:362,32,0,65
BRDA:362,32,1,49
BRF:50
BRH:50
end_of_record
TN:
SF:src/pondsocket/endpoint.ts
FN:15,(anonymous_25)
FN:21,Endpoint
FN:34,(anonymous_27)
FN:69,(anonymous_28)
FN:82,(anonymous_29)
FN:83,(anonymous_30)
FN:83,(anonymous_31)
FN:95,(anonymous_33)
FN:101,(anonymous_34)
FN:134,(anonymous_35)
FN:154,(anonymous_36)
FN:163,(anonymous_37)
FN:169,(anonymous_38)
FN:170,(anonymous_39)
FN:176,(anonymous_40)
FN:177,(anonymous_41)
FN:185,(anonymous_42)
FN:192,(anonymous_43)
FN:199,(anonymous_44)
FN:202,(anonymous_45)
FN:214,(anonymous_46)
FN:216,(anonymous_47)
FN:218,(anonymous_48)
FN:223,(anonymous_49)
FN:234,(anonymous_50)
FN:235,(anonymous_51)
FN:244,(anonymous_52)
FN:296,(anonymous_55)
FN:314,(anonymous_58)
FN:320,(anonymous_59)
FN:320,(anonymous_60)
FN:326,(anonymous_62)
FN:326,(anonymous_63)
FN:332,(anonymous_65)
FN:332,(anonymous_66)
FN:342,(anonymous_68)
FN:342,(anonymous_69)
FN:356,(anonymous_71)
FNF:38
FNH:37
FNDA:2,(anonymous_25)
FNDA:26,Endpoint
FNDA:14,(anonymous_27)
FNDA:8,(anonymous_28)
FNDA:23,(anonymous_29)
FNDA:23,(anonymous_30)
FNDA:23,(anonymous_31)
FNDA:23,(anonymous_33)
FNDA:22,(anonymous_34)
FNDA:1,(anonymous_35)
FNDA:1,(anonymous_36)
FNDA:1,(anonymous_37)
FNDA:5,(anonymous_38)
FNDA:5,(anonymous_39)
FNDA:3,(anonymous_40)
FNDA:5,(anonymous_41)
FNDA:2,(anonymous_42)
FNDA:3,(anonymous_43)
FNDA:11,(anonymous_44)
FNDA:10,(anonymous_45)
FNDA:22,(anonymous_46)
FNDA:24,(anonymous_47)
FNDA:21,(anonymous_48)
FNDA:0,(anonymous_49)
FNDA:20,(anonymous_50)
FNDA:21,(anonymous_51)
FNDA:24,(anonymous_52)
FNDA:20,(anonymous_55)
FNDA:1,(anonymous_58)
FNDA:2,(anonymous_59)
FNDA:2,(anonymous_60)
FNDA:2,(anonymous_62)
FNDA:2,(anonymous_63)
FNDA:3,(anonymous_65)
FNDA:3,(anonymous_66)
FNDA:2,(anonymous_68)
FNDA:2,(anonymous_69)
FNDA:11,(anonymous_71)
DA:2,2
DA:6,2
DA:9,2
DA:11,2
DA:15,2
DA:22,26
DA:23,26
DA:24,26
DA:25,26
DA:26,26
DA:34,2
DA:35,14
DA:69,2
DA:70,8
DA:71,8
DA:72,8
DA:82,23
DA:83,23
DA:85,23
DA:89,23
DA:91,23
DA:95,23
DA:96,23
DA:97,1
DA:98,1
DA:101,22
DA:102,22
DA:103,22
DA:107,22
DA:108,22
DA:110,22
DA:111,4
DA:118,4
DA:121,22
DA:125,23
DA:126,46
DA:134,2
DA:135,1
DA:139,1
DA:140,1
DA:141,1
DA:142,1
DA:143,1
DA:144,1
DA:154,2
DA:155,1
DA:159,1
DA:160,1
DA:162,1
DA:163,1
DA:169,2
DA:170,5
DA:176,2
DA:177,5
DA:185,2
DA:186,2
DA:187,2
DA:191,2
DA:192,3
DA:199,2
DA:200,11
DA:201,11
DA:202,11
DA:203,11
DA:206,1
DA:214,22
DA:215,22
DA:216,24
DA:218,22
DA:219,21
DA:220,21
DA:223,22
DA:224,0
DA:225,0
DA:234,20
DA:235,21
DA:244,2
DA:245,24
DA:250,24
DA:252,45
DA:256,43
DA:260,41
DA:264,40
DA:266,17
DA:269,7
DA:270,1
DA:275,1
DA:276,6
DA:277,6
DA:286,6
DA:296,2
DA:297,20
DA:298,9
DA:299,9
DA:300,10
DA:301,8
DA:305,16
DA:307,1
DA:311,8
DA:313,2
DA:314,3
DA:315,1
DA:317,1
DA:319,2
DA:320,4
DA:321,4
DA:323,2
DA:325,2
DA:326,4
DA:327,2
DA:329,1
DA:331,3
DA:332,6
DA:333,3
DA:337,1
DA:339,0
DA:341,2
DA:342,4
DA:343,4
DA:345,2
DA:356,2
DA:357,11
DA:358,11
DA:360,10
DA:362,2
LF:125
LH:122
BRDA:22,0,0,26
BRDA:22,0,1,26
BRDA:96,1,0,1
BRDA:110,2,0,4
BRDA:141,3,0,1
BRDA:160,4,0,0
BRDA:160,4,1,1
BRDA:201,5,0,11
BRDA:203,6,0,10
BRDA:264,7,0,20
BRDA:252,8,0,22
BRDA:256,9,0,21
BRDA:260,10,0,20
BRDA:266,11,0,3
BRDA:269,12,0,1
BRDA:269,12,1,6
BRDA:276,13,0,6
BRDA:279,14,0,6
BRDA:279,14,1,1
BRDA:279,15,0,0
BRDA:279,15,1,6
BRDA:279,16,0,6
BRDA:279,16,1,6
BRDA:280,17,0,6
BRDA:280,17,1,1
BRDA:280,18,0,0
BRDA:280,18,1,6
BRDA:280,19,0,6
BRDA:280,19,1,6
BRDA:282,20,0,5
BRDA:282,20,1,1
BRDA:307,21,0,1
BRDA:307,21,1,8
BRDA:307,21,2,2
BRDA:307,21,3,2
BRDA:307,21,4,2
BRDA:307,21,5,3
BRDA:307,21,6,2
BRDA:298,22,0,9
BRDA:298,22,1,2
BRDA:298,22,2,2
BRDA:298,22,3,2
BRDA:298,22,4,3
BRDA:298,22,5,2
BRDA:300,23,0,1
BRDA:321,24,0,2
BRDA:333,25,0,2
BRDA:333,26,0,3
BRDA:333,26,1,2
BRDA:343,27,0,2
BRDA:343,28,0,2
BRDA:343,28,1,1
BRDA:343,29,0,0
BRDA:343,29,1,2
BRDA:343,30,0,2
BRDA:343,30,1,2
BRDA:343,31,0,2
BRDA:343,31,1,1
BRDA:343,32,0,0
BRDA:343,32,1,2
BRDA:343,33,0,2
BRDA:343,33,1,2
BRDA:358,34,0,1
BRF:63
BRH:58
end_of_record
TN:
SF:src/pondsocket/enums.ts
FN:1,(anonymous_0)
FN:5,(anonymous_1)
FN:14,(anonymous_2)
FNF:3
FNH:3
FNDA:4,(anonymous_0)
FNDA:4,(anonymous_1)
FNDA:4,(anonymous_2)
DA:1,4
DA:2,4
DA:5,4
DA:6,4
DA:7,4
DA:8,4
DA:9,4
DA:10,4
DA:11,4
DA:14,4
DA:15,4
LF:11
LH:11
BRDA:1,0,0,4
BRDA:1,0,1,4
BRDA:5,1,0,4
BRDA:5,1,1,4
BRDA:14,2,0,4
BRDA:14,2,1,4
BRF:6
BRH:6
end_of_record
TN:
SF:src/pondsocket/index.ts
FNF:0
FNH:0
DA:1,0
DA:2,0
DA:3,0
DA:4,0
DA:5,0
DA:6,0
DA:7,0
LF:7
LH:0
BRF:0
BRH:0
end_of_record
TN:
SF:src/pondsocket/pondChannel.ts
FN:22,(anonymous_23)
FN:29,PondChannel
FN:41,(anonymous_25)
FN:42,(anonymous_26)
FN:50,(anonymous_27)
FN:59,(anonymous_28)
FN:71,(anonymous_29)
FN:72,(anonymous_30)
FN:72,(anonymous_31)
FN:74,(anonymous_33)
FN:88,(anonymous_34)
FN:94,(anonymous_35)
FN:120,(anonymous_36)
FN:121,(anonymous_37)
FN:131,(anonymous_38)
FN:132,(anonymous_39)
FN:144,(anonymous_40)
FN:145,(anonymous_41)
FN:154,(anonymous_42)
FN:155,(anonymous_43)
FN:167,(anonymous_44)
FN:169,(anonymous_45)
FN:178,(anonymous_46)
FN:187,(anonymous_47)
FN:188,(anonymous_48)
FN:199,(anonymous_49)
FN:201,(anonymous_50)
FN:213,(anonymous_51)
FN:214,(anonymous_52)
FN:225,(anonymous_53)
FN:226,(anonymous_54)
FN:230,(anonymous_55)
FN:243,(anonymous_56)
FN:245,(anonymous_57)
FN:248,(anonymous_58)
FN:263,(anonymous_59)
FN:264,(anonymous_60)
FN:284,(anonymous_61)
FNF:38
FNH:38
FNDA:3,(anonymous_23)
FNDA:15,PondChannel
FNDA:10,(anonymous_25)
FNDA:9,(anonymous_26)
FNDA:43,(anonymous_27)
FNDA:6,(anonymous_28)
FNDA:21,(anonymous_29)
FNDA:21,(anonymous_30)
FNDA:21,(anonymous_31)
FNDA:6,(anonymous_33)
FNDA:19,(anonymous_34)
FNDA:43,(anonymous_35)
FNDA:1,(anonymous_36)
FNDA:1,(anonymous_37)
FNDA:1,(anonymous_38)
FNDA:1,(anonymous_39)
FNDA:2,(anonymous_40)
FNDA:2,(anonymous_41)
FNDA:12,(anonymous_42)
FNDA:10,(anonymous_43)
FNDA:2,(anonymous_44)
FNDA:2,(anonymous_45)
FNDA:31,(anonymous_46)
FNDA:2,(anonymous_47)
FNDA:1,(anonymous_48)
FNDA:16,(anonymous_49)
FNDA:8,(anonymous_50)
FNDA:18,(anonymous_51)
FNDA:16,(anonymous_52)
FNDA:16,(anonymous_53)
FNDA:16,(anonymous_54)
FNDA:6,(anonymous_55)
FNDA:2,(anonymous_56)
FNDA:4,(anonymous_57)
FNDA:4,(anonymous_58)
FNDA:6,(anonymous_59)
FNDA:28,(anonymous_60)
FNDA:13,(anonymous_61)
DA:1,3
DA:4,3
DA:6,3
DA:16,3
DA:22,3
DA:30,15
DA:31,15
DA:32,15
DA:33,15
DA:34,15
DA:35,15
DA:41,3
DA:42,10
DA:50,3
DA:51,43
DA:59,3
DA:60,6
DA:62,6
DA:71,21
DA:72,21
DA:74,21
DA:75,21
DA:76,21
DA:78,25
DA:80,20
DA:84,20
DA:88,20
DA:89,19
DA:91,17
DA:92,17
DA:94,17
DA:95,43
DA:98,17
DA:102,17
DA:104,17
DA:106,17
DA:109,20
DA:110,40
DA:120,3
DA:121,1
DA:122,1
DA:131,3
DA:132,1
DA:133,1
DA:134,1
DA:144,3
DA:145,2
DA:146,2
DA:154,3
DA:155,12
DA:156,10
DA:167,3
DA:168,2
DA:169,2
DA:170,2
DA:178,3
DA:179,31
DA:187,3
DA:188,2
DA:189,2
DA:191,1
DA:192,1
DA:199,3
DA:200,16
DA:201,8
DA:202,8
DA:203,8
DA:213,3
DA:214,18
DA:215,18
DA:217,2
DA:225,3
DA:226,16
DA:227,16
DA:230,16
DA:231,6
DA:234,16
DA:243,3
DA:244,2
DA:245,2
DA:246,4
DA:247,4
DA:248,4
DA:249,4
DA:250,4
DA:251,4
DA:263,6
DA:264,6
DA:265,28
DA:266,28
DA:268,28
DA:269,15
DA:273,15
DA:284,15
DA:285,13
DA:287,13
DA:292,10
DA:294,10
DA:295,4
DA:297,4
DA:302,15
DA:303,15
DA:306,28
DA:309,3
LF:104
LH:104
BRDA:30,0,0,15
BRDA:30,0,1,15
BRDA:74,1,0,16
BRDA:74,1,1,5
BRDA:74,2,0,21
BRDA:74,2,1,21
BRDA:76,3,0,1
BRDA:78,4,0,5
BRDA:89,5,0,2
BRDA:92,6,0,17
BRDA:92,6,1,17
BRDA:104,7,0,1
BRDA:146,8,0,2
BRDA:146,8,1,1
BRDA:146,9,0,2
BRDA:146,9,1,1
BRDA:168,10,0,1
BRDA:168,10,1,1
BRDA:179,11,0,31
BRDA:179,11,1,3
BRDA:179,12,0,3
BRDA:179,12,1,28
BRDA:179,13,0,31
BRDA:179,13,1,28
BRDA:189,14,0,1
BRDA:200,15,0,8
BRDA:203,16,0,7
BRDA:214,17,0,18
BRDA:214,17,1,2
BRDA:215,18,0,16
BRDA:244,19,0,1
BRDA:244,19,1,1
BRDA:247,20,0,4
BRDA:249,21,0,4
BRDA:268,22,0,15
BRDA:287,23,0,3
BRDA:287,23,1,10
BRDA:292,24,0,2
BRDA:294,25,0,4
BRDA:297,26,0,1
BRDA:306,27,0,28
BRDA:306,27,1,25
BRF:42
BRH:42
end_of_record
TN:
SF:src/pondsocket/pondResponse.ts
FN:4,(anonymous_2)
FN:13,PondResponse
FN:31,(anonymous_4)
FN:44,(anonymous_5)
FN:53,(anonymous_6)
FN:69,(anonymous_7)
FN:88,(anonymous_8)
FNF:7
FNH:7
FNDA:4,(anonymous_2)
FNDA:66,PondResponse
FNDA:13,(anonymous_4)
FNDA:42,(anonymous_5)
FNDA:9,(anonymous_6)
FNDA:64,(anonymous_7)
FNDA:63,(anonymous_8)
DA:1,4
DA:4,4
DA:16,109
DA:18,66
DA:19,66
DA:20,66
DA:21,66
DA:22,66
DA:31,4
DA:32,13
DA:37,13
DA:44,4
DA:45,42
DA:53,4
DA:54,9
DA:55,9
DA:56,9
DA:61,9
DA:69,4
DA:70,64
DA:71,63
DA:72,63
DA:77,63
DA:80,1
DA:88,4
DA:89,63
DA:90,45
DA:92,18
DA:93,18
DA:94,18
DA:95,18
DA:96,18
DA:98,18
DA:104,4
LF:34
LH:34
BRDA:16,0,0,43
BRDA:54,1,0,9
BRDA:54,1,1,6
BRDA:54,2,0,5
BRDA:54,2,1,1
BRDA:55,3,0,9
BRDA:55,3,1,7
BRDA:70,4,0,63
BRDA:70,4,1,1
BRDA:89,5,0,45
BRF:10
BRH:10
end_of_record
TN:
SF:src/pondsocket/pondSocket.ts
FN:8,(anonymous_19)
FN:13,PondSocket
FN:25,(anonymous_21)
FN:36,(anonymous_22)
FN:44,(anonymous_23)
FN:66,(anonymous_24)
FN:68,(anonymous_25)
FN:68,(anonymous_26)
FN:74,(anonymous_28)
FN:84,(anonymous_29)
FN:85,(anonymous_30)
FN:87,(anonymous_31)
FN:92,(anonymous_32)
FN:93,(anonymous_33)
FN:100,(anonymous_34)
FN:106,(anonymous_35)
FN:107,(anonymous_36)
FN:111,(anonymous_37)
FNF:18
FNH:14
FNDA:2,(anonymous_19)
FNDA:22,PondSocket
FNDA:1,(anonymous_21)
FNDA:17,(anonymous_22)
FNDA:1,(anonymous_23)
FNDA:18,(anonymous_24)
FNDA:24,(anonymous_25)
FNDA:24,(anonymous_26)
FNDA:1,(anonymous_28)
FNDA:14,(anonymous_29)
FNDA:22,(anonymous_30)
FNDA:0,(anonymous_31)
FNDA:0,(anonymous_32)
FNDA:0,(anonymous_33)
FNDA:0,(anonymous_34)
FNDA:22,(anonymous_35)
FNDA:1,(anonymous_36)
FNDA:14,(anonymous_37)
DA:1,2
DA:2,2
DA:3,2
DA:4,2
DA:6,2
DA:8,2
DA:14,22
DA:15,22
DA:16,22
DA:17,22
DA:18,22
DA:25,2
DA:26,3
DA:27,1
DA:28,1
DA:36,2
DA:37,17
DA:44,2
DA:45,1
DA:66,18
DA:67,18
DA:68,24
DA:69,24
DA:70,24
DA:71,24
DA:73,23
DA:74,1
DA:77,18
DA:84,2
DA:85,14
DA:86,22
DA:87,22
DA:88,0
DA:92,14
DA:93,0
DA:94,0
DA:95,0
DA:96,0
DA:100,14
DA:106,22
DA:107,22
DA:108,1
DA:111,22
DA:112,14
DA:115,2
LF:45
LH:40
BRDA:14,0,0,22
BRDA:14,0,1,22
BRDA:15,1,0,22
BRDA:15,1,1,19
BRDA:16,2,0,22
BRDA:16,2,1,20
BRDA:69,3,0,24
BRDA:69,3,1,0
BRDA:71,4,0,1
BRDA:94,5,0,0
BRF:10
BRH:8
end_of_record
TN:
SF:src/pondsocket/socketMiddleWare.ts
FN:8,(anonymous_0)
FN:12,SocketMiddleWare
FN:17,(anonymous_2)
FN:21,(anonymous_3)
FN:23,(anonymous_4)
FN:37,(anonymous_5)
FN:38,(anonymous_6)
FNF:7
FNH:7
FNDA:2,(anonymous_0)
FNDA:22,SocketMiddleWare
FNDA:19,(anonymous_2)
FNDA:24,(anonymous_3)
FNDA:25,(anonymous_4)
FNDA:22,(anonymous_5)
FNDA:24,(anonymous_6)
DA:8,2
DA:10,22
DA:13,22
DA:14,22
DA:17,2
DA:18,19
DA:21,2
DA:22,24
DA:23,24
DA:24,25
DA:25,25
DA:26,24
DA:29,1
DA:30,1
DA:34,24
DA:37,22
DA:38,22
DA:39,24
DA:42,2
LF:19
LH:19
BRDA:25,0,0,24
BRDA:25,0,1,1
BRF:2
BRH:2
end_of_record
